2022-01-19 12:49:20.159 [http-nio-8202-exec-1] WARN  com.alibaba.excel.context.AnalysisContextImpl - Excel 2003 does not support matching sheets by name, defaults to the first one.
2022-01-19 12:49:34.823 [http-nio-8202-exec-1] WARN  com.alibaba.excel.context.AnalysisContextImpl - Excel 2003 does not support matching sheets by name, defaults to the first one.
2022-01-19 12:53:55.918 [http-nio-8202-exec-1] WARN  com.alibaba.excel.context.AnalysisContextImpl - Excel 2003 does not support matching sheets by name, defaults to the first one.
2022-01-19 12:54:07.350 [http-nio-8202-exec-1] WARN  com.alibaba.excel.context.AnalysisContextImpl - Excel 2003 does not support matching sheets by name, defaults to the first one.
2022-01-19 12:58:06.600 [http-nio-8202-exec-1] WARN  com.alibaba.excel.context.AnalysisContextImpl - Excel 2003 does not support matching sheets by name, defaults to the first one.
2022-01-19 13:00:19.329 [http-nio-8202-exec-1] WARN  com.alibaba.excel.context.AnalysisContextImpl - Excel 2003 does not support matching sheets by name, defaults to the first one.
2022-01-19 13:00:25.409 [http-nio-8202-exec-1] WARN  com.alibaba.excel.context.AnalysisContextImpl - Excel 2003 does not support matching sheets by name, defaults to the first one.
2022-01-19 13:01:47.038 [http-nio-8202-exec-1] WARN  com.alibaba.excel.context.AnalysisContextImpl - Excel 2003 does not support matching sheets by name, defaults to the first one.
2022-01-19 13:01:48.325 [http-nio-8202-exec-1] WARN  com.alibaba.excel.context.AnalysisContextImpl - Excel 2003 does not support matching sheets by name, defaults to the first one.
2022-01-19 13:01:49.667 [http-nio-8202-exec-1] WARN  com.alibaba.excel.context.AnalysisContextImpl - Excel 2003 does not support matching sheets by name, defaults to the first one.
2022-01-19 13:01:50.657 [http-nio-8202-exec-1] WARN  com.alibaba.excel.context.AnalysisContextImpl - Excel 2003 does not support matching sheets by name, defaults to the first one.
2022-01-19 13:01:52.258 [http-nio-8202-exec-1] WARN  com.alibaba.excel.context.AnalysisContextImpl - Excel 2003 does not support matching sheets by name, defaults to the first one.
2022-01-19 13:04:47.711 [http-nio-8202-exec-1] WARN  com.alibaba.excel.context.AnalysisContextImpl - Excel 2003 does not support matching sheets by name, defaults to the first one.
2022-01-19 13:04:49.574 [http-nio-8202-exec-1] WARN  com.alibaba.excel.context.AnalysisContextImpl - Excel 2003 does not support matching sheets by name, defaults to the first one.
2022-01-19 13:04:50.812 [http-nio-8202-exec-1] WARN  com.alibaba.excel.context.AnalysisContextImpl - Excel 2003 does not support matching sheets by name, defaults to the first one.
2022-01-19 13:04:51.885 [http-nio-8202-exec-1] WARN  com.alibaba.excel.context.AnalysisContextImpl - Excel 2003 does not support matching sheets by name, defaults to the first one.
2022-01-19 13:04:53.179 [http-nio-8202-exec-1] WARN  com.alibaba.excel.context.AnalysisContextImpl - Excel 2003 does not support matching sheets by name, defaults to the first one.
2022-01-19 13:04:54.491 [http-nio-8202-exec-1] WARN  com.alibaba.excel.context.AnalysisContextImpl - Excel 2003 does not support matching sheets by name, defaults to the first one.
2022-01-19 13:04:55.919 [http-nio-8202-exec-1] WARN  com.alibaba.excel.context.AnalysisContextImpl - Excel 2003 does not support matching sheets by name, defaults to the first one.
2022-01-19 13:04:57.093 [http-nio-8202-exec-1] WARN  com.alibaba.excel.context.AnalysisContextImpl - Excel 2003 does not support matching sheets by name, defaults to the first one.
2022-01-19 13:07:02.983 [http-nio-8202-exec-1] WARN  com.alibaba.excel.context.AnalysisContextImpl - Excel 2003 does not support matching sheets by name, defaults to the first one.
2022-01-19 13:07:09.773 [http-nio-8202-exec-1] WARN  com.alibaba.excel.context.AnalysisContextImpl - Excel 2003 does not support matching sheets by name, defaults to the first one.
2022-01-19 13:07:15.574 [http-nio-8202-exec-1] WARN  com.alibaba.excel.context.AnalysisContextImpl - Excel 2003 does not support matching sheets by name, defaults to the first one.
2022-01-19 13:07:17.351 [http-nio-8202-exec-1] WARN  com.alibaba.excel.context.AnalysisContextImpl - Excel 2003 does not support matching sheets by name, defaults to the first one.
2022-01-19 13:08:16.729 [http-nio-8202-exec-1] WARN  com.alibaba.excel.context.AnalysisContextImpl - Excel 2003 does not support matching sheets by name, defaults to the first one.
2022-01-19 13:08:22.385 [http-nio-8202-exec-1] WARN  com.alibaba.excel.context.AnalysisContextImpl - Excel 2003 does not support matching sheets by name, defaults to the first one.
2022-01-19 13:08:27.665 [http-nio-8202-exec-1] WARN  com.alibaba.excel.context.AnalysisContextImpl - Excel 2003 does not support matching sheets by name, defaults to the first one.
2022-01-19 13:08:29.067 [http-nio-8202-exec-1] WARN  com.alibaba.excel.context.AnalysisContextImpl - Excel 2003 does not support matching sheets by name, defaults to the first one.
2022-01-19 13:08:35.013 [http-nio-8202-exec-1] WARN  com.alibaba.excel.context.AnalysisContextImpl - Excel 2003 does not support matching sheets by name, defaults to the first one.
2022-01-19 13:09:54.126 [http-nio-8202-exec-1] WARN  com.alibaba.excel.context.AnalysisContextImpl - Excel 2003 does not support matching sheets by name, defaults to the first one.
2022-01-19 13:09:59.859 [http-nio-8202-exec-1] WARN  com.alibaba.excel.context.AnalysisContextImpl - Excel 2003 does not support matching sheets by name, defaults to the first one.
2022-01-19 13:10:05.139 [http-nio-8202-exec-1] WARN  com.alibaba.excel.context.AnalysisContextImpl - Excel 2003 does not support matching sheets by name, defaults to the first one.
2022-01-19 13:10:06.713 [http-nio-8202-exec-1] WARN  o.s.w.s.m.m.a.ExceptionHandlerExceptionResolver - Resolved [java.lang.ArrayIndexOutOfBoundsException: 2]
2022-01-19 13:11:43.704 [http-nio-8202-exec-1] WARN  com.alibaba.excel.context.AnalysisContextImpl - Excel 2003 does not support matching sheets by name, defaults to the first one.
2022-01-19 13:11:49.575 [http-nio-8202-exec-1] WARN  com.alibaba.excel.context.AnalysisContextImpl - Excel 2003 does not support matching sheets by name, defaults to the first one.
2022-01-19 13:11:54.861 [http-nio-8202-exec-1] WARN  com.alibaba.excel.context.AnalysisContextImpl - Excel 2003 does not support matching sheets by name, defaults to the first one.
2022-01-19 13:11:56.309 [http-nio-8202-exec-1] WARN  o.s.w.s.m.m.a.ExceptionHandlerExceptionResolver - Resolved [java.lang.ArrayIndexOutOfBoundsException: 2]
2022-01-19 13:13:36.369 [http-nio-8202-exec-1] WARN  com.alibaba.excel.context.AnalysisContextImpl - Excel 2003 does not support matching sheets by name, defaults to the first one.
2022-01-19 13:13:42.051 [http-nio-8202-exec-1] WARN  com.alibaba.excel.context.AnalysisContextImpl - Excel 2003 does not support matching sheets by name, defaults to the first one.
2022-01-19 13:13:47.382 [http-nio-8202-exec-1] WARN  com.alibaba.excel.context.AnalysisContextImpl - Excel 2003 does not support matching sheets by name, defaults to the first one.
2022-01-19 13:13:48.822 [http-nio-8202-exec-1] WARN  com.alibaba.excel.context.AnalysisContextImpl - Excel 2003 does not support matching sheets by name, defaults to the first one.
2022-01-19 13:13:54.168 [http-nio-8202-exec-1] WARN  com.alibaba.excel.context.AnalysisContextImpl - Excel 2003 does not support matching sheets by name, defaults to the first one.
2022-01-19 13:14:00.715 [http-nio-8202-exec-1] WARN  com.alibaba.excel.context.AnalysisContextImpl - Excel 2003 does not support matching sheets by name, defaults to the first one.
2022-01-19 13:14:02.934 [http-nio-8202-exec-1] WARN  com.alibaba.excel.context.AnalysisContextImpl - Excel 2003 does not support matching sheets by name, defaults to the first one.
2022-01-19 13:14:05.397 [http-nio-8202-exec-1] WARN  com.alibaba.excel.context.AnalysisContextImpl - Excel 2003 does not support matching sheets by name, defaults to the first one.
2022-01-19 13:14:08.227 [http-nio-8202-exec-1] WARN  com.alibaba.excel.context.AnalysisContextImpl - Excel 2003 does not support matching sheets by name, defaults to the first one.
2022-01-19 13:14:10.995 [http-nio-8202-exec-1] WARN  com.alibaba.excel.context.AnalysisContextImpl - Excel 2003 does not support matching sheets by name, defaults to the first one.
2022-01-19 13:14:18.559 [http-nio-8202-exec-1] WARN  com.alibaba.excel.context.AnalysisContextImpl - Excel 2003 does not support matching sheets by name, defaults to the first one.
2022-01-19 13:14:20.330 [http-nio-8202-exec-1] WARN  com.alibaba.excel.context.AnalysisContextImpl - Excel 2003 does not support matching sheets by name, defaults to the first one.
2022-01-19 13:20:52.495 [http-nio-8202-exec-1] WARN  com.alibaba.excel.context.AnalysisContextImpl - Excel 2003 does not support matching sheets by name, defaults to the first one.
2022-01-19 13:20:59.042 [http-nio-8202-exec-1] WARN  com.alibaba.excel.context.AnalysisContextImpl - Excel 2003 does not support matching sheets by name, defaults to the first one.
2022-01-19 13:21:05.185 [http-nio-8202-exec-1] WARN  com.alibaba.excel.context.AnalysisContextImpl - Excel 2003 does not support matching sheets by name, defaults to the first one.
2022-01-19 13:21:07.017 [http-nio-8202-exec-1] WARN  com.alibaba.excel.context.AnalysisContextImpl - Excel 2003 does not support matching sheets by name, defaults to the first one.
2022-01-19 13:21:15.501 [http-nio-8202-exec-1] WARN  com.alibaba.excel.context.AnalysisContextImpl - Excel 2003 does not support matching sheets by name, defaults to the first one.
2022-01-19 13:21:21.618 [http-nio-8202-exec-1] WARN  com.alibaba.excel.context.AnalysisContextImpl - Excel 2003 does not support matching sheets by name, defaults to the first one.
2022-01-19 13:21:23.935 [http-nio-8202-exec-1] WARN  com.alibaba.excel.context.AnalysisContextImpl - Excel 2003 does not support matching sheets by name, defaults to the first one.
2022-01-19 13:21:26.398 [http-nio-8202-exec-1] WARN  com.alibaba.excel.context.AnalysisContextImpl - Excel 2003 does not support matching sheets by name, defaults to the first one.
2022-01-19 13:21:29.139 [http-nio-8202-exec-1] WARN  com.alibaba.excel.context.AnalysisContextImpl - Excel 2003 does not support matching sheets by name, defaults to the first one.
2022-01-19 13:21:31.995 [http-nio-8202-exec-1] WARN  com.alibaba.excel.context.AnalysisContextImpl - Excel 2003 does not support matching sheets by name, defaults to the first one.
2022-01-19 13:22:50.464 [http-nio-8202-exec-1] WARN  com.alibaba.excel.context.AnalysisContextImpl - Excel 2003 does not support matching sheets by name, defaults to the first one.
2022-01-19 13:22:56.856 [http-nio-8202-exec-1] WARN  com.alibaba.excel.context.AnalysisContextImpl - Excel 2003 does not support matching sheets by name, defaults to the first one.
2022-01-19 13:23:02.964 [http-nio-8202-exec-1] WARN  com.alibaba.excel.context.AnalysisContextImpl - Excel 2003 does not support matching sheets by name, defaults to the first one.
2022-01-19 13:23:04.785 [http-nio-8202-exec-1] WARN  com.alibaba.excel.context.AnalysisContextImpl - Excel 2003 does not support matching sheets by name, defaults to the first one.
2022-01-19 13:23:10.464 [http-nio-8202-exec-1] WARN  com.alibaba.excel.context.AnalysisContextImpl - Excel 2003 does not support matching sheets by name, defaults to the first one.
2022-01-19 13:23:16.232 [http-nio-8202-exec-1] WARN  com.alibaba.excel.context.AnalysisContextImpl - Excel 2003 does not support matching sheets by name, defaults to the first one.
2022-01-19 13:23:18.800 [http-nio-8202-exec-1] WARN  com.alibaba.excel.context.AnalysisContextImpl - Excel 2003 does not support matching sheets by name, defaults to the first one.
2022-01-19 13:23:21.164 [http-nio-8202-exec-1] WARN  com.alibaba.excel.context.AnalysisContextImpl - Excel 2003 does not support matching sheets by name, defaults to the first one.
2022-01-19 13:23:23.780 [http-nio-8202-exec-1] WARN  com.alibaba.excel.context.AnalysisContextImpl - Excel 2003 does not support matching sheets by name, defaults to the first one.
2022-01-19 13:23:26.555 [http-nio-8202-exec-1] WARN  com.alibaba.excel.context.AnalysisContextImpl - Excel 2003 does not support matching sheets by name, defaults to the first one.
2022-01-19 13:23:34.171 [http-nio-8202-exec-1] WARN  com.alibaba.excel.context.AnalysisContextImpl - Excel 2003 does not support matching sheets by name, defaults to the first one.
2022-01-19 13:23:35.931 [http-nio-8202-exec-1] WARN  com.alibaba.excel.context.AnalysisContextImpl - Excel 2003 does not support matching sheets by name, defaults to the first one.
2022-01-19 13:23:38.828 [http-nio-8202-exec-1] WARN  com.alibaba.excel.context.AnalysisContextImpl - Excel 2003 does not support matching sheets by name, defaults to the first one.
2022-01-19 13:23:42.133 [http-nio-8202-exec-1] WARN  com.alibaba.excel.context.AnalysisContextImpl - Excel 2003 does not support matching sheets by name, defaults to the first one.
2022-01-19 13:23:43.855 [http-nio-8202-exec-1] WARN  com.alibaba.excel.context.AnalysisContextImpl - Excel 2003 does not support matching sheets by name, defaults to the first one.
2022-01-19 13:23:46.108 [http-nio-8202-exec-1] WARN  com.alibaba.excel.context.AnalysisContextImpl - Excel 2003 does not support matching sheets by name, defaults to the first one.
2022-01-19 13:26:29.360 [http-nio-8202-exec-1] WARN  com.alibaba.excel.context.AnalysisContextImpl - Excel 2003 does not support matching sheets by name, defaults to the first one.
2022-01-19 13:26:35.671 [http-nio-8202-exec-1] WARN  com.alibaba.excel.context.AnalysisContextImpl - Excel 2003 does not support matching sheets by name, defaults to the first one.
2022-01-19 13:26:41.236 [http-nio-8202-exec-1] WARN  com.alibaba.excel.context.AnalysisContextImpl - Excel 2003 does not support matching sheets by name, defaults to the first one.
2022-01-19 13:26:43.004 [http-nio-8202-exec-1] WARN  com.alibaba.excel.context.AnalysisContextImpl - Excel 2003 does not support matching sheets by name, defaults to the first one.
2022-01-19 13:26:48.669 [http-nio-8202-exec-1] WARN  com.alibaba.excel.context.AnalysisContextImpl - Excel 2003 does not support matching sheets by name, defaults to the first one.
2022-01-19 13:26:55.565 [http-nio-8202-exec-1] WARN  com.alibaba.excel.context.AnalysisContextImpl - Excel 2003 does not support matching sheets by name, defaults to the first one.
2022-01-19 13:26:58.023 [http-nio-8202-exec-1] WARN  com.alibaba.excel.context.AnalysisContextImpl - Excel 2003 does not support matching sheets by name, defaults to the first one.
2022-01-19 13:27:01.726 [http-nio-8202-exec-1] WARN  com.alibaba.excel.context.AnalysisContextImpl - Excel 2003 does not support matching sheets by name, defaults to the first one.
2022-01-19 13:27:04.408 [http-nio-8202-exec-1] WARN  com.alibaba.excel.context.AnalysisContextImpl - Excel 2003 does not support matching sheets by name, defaults to the first one.
2022-01-19 13:27:07.913 [http-nio-8202-exec-1] WARN  com.alibaba.excel.context.AnalysisContextImpl - Excel 2003 does not support matching sheets by name, defaults to the first one.
2022-01-19 13:27:15.537 [http-nio-8202-exec-1] WARN  com.alibaba.excel.context.AnalysisContextImpl - Excel 2003 does not support matching sheets by name, defaults to the first one.
2022-01-19 13:27:17.357 [http-nio-8202-exec-1] WARN  com.alibaba.excel.context.AnalysisContextImpl - Excel 2003 does not support matching sheets by name, defaults to the first one.
2022-01-19 13:27:19.949 [http-nio-8202-exec-1] WARN  com.alibaba.excel.context.AnalysisContextImpl - Excel 2003 does not support matching sheets by name, defaults to the first one.
2022-01-19 13:27:23.198 [http-nio-8202-exec-1] WARN  com.alibaba.excel.context.AnalysisContextImpl - Excel 2003 does not support matching sheets by name, defaults to the first one.
2022-01-19 13:27:24.808 [http-nio-8202-exec-1] WARN  com.alibaba.excel.context.AnalysisContextImpl - Excel 2003 does not support matching sheets by name, defaults to the first one.
2022-01-19 13:27:27.296 [http-nio-8202-exec-1] WARN  com.alibaba.excel.context.AnalysisContextImpl - Excel 2003 does not support matching sheets by name, defaults to the first one.
2022-01-19 13:27:33.487 [http-nio-8202-exec-1] WARN  com.alibaba.excel.context.AnalysisContextImpl - Excel 2003 does not support matching sheets by name, defaults to the first one.
2022-01-19 13:27:38.972 [http-nio-8202-exec-1] WARN  com.alibaba.excel.context.AnalysisContextImpl - Excel 2003 does not support matching sheets by name, defaults to the first one.
2022-01-19 13:27:46.932 [http-nio-8202-exec-1] WARN  com.alibaba.excel.context.AnalysisContextImpl - Excel 2003 does not support matching sheets by name, defaults to the first one.
2022-01-19 13:27:55.355 [http-nio-8202-exec-1] WARN  com.alibaba.excel.context.AnalysisContextImpl - Excel 2003 does not support matching sheets by name, defaults to the first one.
2022-01-19 13:27:59.233 [http-nio-8202-exec-1] WARN  com.alibaba.excel.context.AnalysisContextImpl - Excel 2003 does not support matching sheets by name, defaults to the first one.
2022-01-19 13:28:01.323 [http-nio-8202-exec-1] WARN  com.alibaba.excel.context.AnalysisContextImpl - Excel 2003 does not support matching sheets by name, defaults to the first one.
2022-01-19 13:28:06.153 [http-nio-8202-exec-1] WARN  com.alibaba.excel.context.AnalysisContextImpl - Excel 2003 does not support matching sheets by name, defaults to the first one.
2022-01-19 13:28:15.005 [http-nio-8202-exec-1] WARN  com.alibaba.excel.context.AnalysisContextImpl - Excel 2003 does not support matching sheets by name, defaults to the first one.
2022-01-19 13:28:20.029 [http-nio-8202-exec-1] WARN  com.alibaba.excel.context.AnalysisContextImpl - Excel 2003 does not support matching sheets by name, defaults to the first one.
2022-01-19 13:28:28.552 [http-nio-8202-exec-1] WARN  com.alibaba.excel.context.AnalysisContextImpl - Excel 2003 does not support matching sheets by name, defaults to the first one.
2022-01-19 13:28:33.662 [http-nio-8202-exec-1] WARN  com.alibaba.excel.context.AnalysisContextImpl - Excel 2003 does not support matching sheets by name, defaults to the first one.
2022-01-19 13:28:37.869 [http-nio-8202-exec-1] WARN  com.alibaba.excel.context.AnalysisContextImpl - Excel 2003 does not support matching sheets by name, defaults to the first one.
2022-01-19 13:28:44.706 [http-nio-8202-exec-1] WARN  com.alibaba.excel.context.AnalysisContextImpl - Excel 2003 does not support matching sheets by name, defaults to the first one.
2022-01-19 13:28:50.556 [http-nio-8202-exec-1] WARN  com.alibaba.excel.context.AnalysisContextImpl - Excel 2003 does not support matching sheets by name, defaults to the first one.
2022-01-19 13:28:59.005 [http-nio-8202-exec-1] WARN  com.alibaba.excel.context.AnalysisContextImpl - Excel 2003 does not support matching sheets by name, defaults to the first one.
2022-01-19 13:29:10.554 [http-nio-8202-exec-1] WARN  com.alibaba.excel.context.AnalysisContextImpl - Excel 2003 does not support matching sheets by name, defaults to the first one.
2022-01-19 13:29:15.593 [http-nio-8202-exec-1] WARN  com.alibaba.excel.context.AnalysisContextImpl - Excel 2003 does not support matching sheets by name, defaults to the first one.
2022-01-19 13:34:03.888 [http-nio-8202-exec-1] WARN  com.alibaba.excel.context.AnalysisContextImpl - Excel 2003 does not support matching sheets by name, defaults to the first one.
2022-01-19 13:34:10.309 [http-nio-8202-exec-1] WARN  com.alibaba.excel.context.AnalysisContextImpl - Excel 2003 does not support matching sheets by name, defaults to the first one.
2022-01-19 13:34:16.086 [http-nio-8202-exec-1] WARN  com.alibaba.excel.context.AnalysisContextImpl - Excel 2003 does not support matching sheets by name, defaults to the first one.
2022-01-19 13:34:17.841 [http-nio-8202-exec-1] WARN  com.alibaba.excel.context.AnalysisContextImpl - Excel 2003 does not support matching sheets by name, defaults to the first one.
2022-01-19 13:34:23.554 [http-nio-8202-exec-1] WARN  com.alibaba.excel.context.AnalysisContextImpl - Excel 2003 does not support matching sheets by name, defaults to the first one.
2022-01-19 13:35:30.539 [http-nio-8202-exec-1] WARN  com.alibaba.excel.context.AnalysisContextImpl - Excel 2003 does not support matching sheets by name, defaults to the first one.
2022-01-19 13:35:36.950 [http-nio-8202-exec-1] WARN  com.alibaba.excel.context.AnalysisContextImpl - Excel 2003 does not support matching sheets by name, defaults to the first one.
2022-01-19 13:35:42.382 [http-nio-8202-exec-1] WARN  com.alibaba.excel.context.AnalysisContextImpl - Excel 2003 does not support matching sheets by name, defaults to the first one.
2022-01-19 13:35:43.913 [http-nio-8202-exec-1] WARN  com.alibaba.excel.context.AnalysisContextImpl - Excel 2003 does not support matching sheets by name, defaults to the first one.
2022-01-19 13:35:49.398 [http-nio-8202-exec-1] WARN  com.alibaba.excel.context.AnalysisContextImpl - Excel 2003 does not support matching sheets by name, defaults to the first one.
2022-01-19 13:35:55.143 [http-nio-8202-exec-1] WARN  com.alibaba.excel.context.AnalysisContextImpl - Excel 2003 does not support matching sheets by name, defaults to the first one.
2022-01-19 13:35:57.324 [http-nio-8202-exec-1] WARN  com.alibaba.excel.context.AnalysisContextImpl - Excel 2003 does not support matching sheets by name, defaults to the first one.
2022-01-19 13:35:59.725 [http-nio-8202-exec-1] WARN  com.alibaba.excel.context.AnalysisContextImpl - Excel 2003 does not support matching sheets by name, defaults to the first one.
2022-01-19 13:36:02.787 [http-nio-8202-exec-1] WARN  com.alibaba.excel.context.AnalysisContextImpl - Excel 2003 does not support matching sheets by name, defaults to the first one.
2022-01-19 13:36:05.550 [http-nio-8202-exec-1] WARN  com.alibaba.excel.context.AnalysisContextImpl - Excel 2003 does not support matching sheets by name, defaults to the first one.
2022-01-19 13:36:13.060 [http-nio-8202-exec-1] WARN  com.alibaba.excel.context.AnalysisContextImpl - Excel 2003 does not support matching sheets by name, defaults to the first one.
2022-01-19 13:36:15.526 [http-nio-8202-exec-1] WARN  com.alibaba.excel.context.AnalysisContextImpl - Excel 2003 does not support matching sheets by name, defaults to the first one.
2022-01-19 13:36:18.208 [http-nio-8202-exec-1] WARN  com.alibaba.excel.context.AnalysisContextImpl - Excel 2003 does not support matching sheets by name, defaults to the first one.
2022-01-19 13:36:21.541 [http-nio-8202-exec-1] WARN  com.alibaba.excel.context.AnalysisContextImpl - Excel 2003 does not support matching sheets by name, defaults to the first one.
2022-01-19 13:36:24.095 [http-nio-8202-exec-1] WARN  com.alibaba.excel.context.AnalysisContextImpl - Excel 2003 does not support matching sheets by name, defaults to the first one.
2022-01-19 13:36:26.245 [http-nio-8202-exec-1] WARN  com.alibaba.excel.context.AnalysisContextImpl - Excel 2003 does not support matching sheets by name, defaults to the first one.
2022-01-19 13:36:29.394 [http-nio-8202-exec-1] WARN  com.alibaba.excel.context.AnalysisContextImpl - Excel 2003 does not support matching sheets by name, defaults to the first one.
2022-01-19 13:36:33.568 [http-nio-8202-exec-1] WARN  com.alibaba.excel.context.AnalysisContextImpl - Excel 2003 does not support matching sheets by name, defaults to the first one.
2022-01-19 13:36:40.104 [http-nio-8202-exec-1] WARN  com.alibaba.excel.context.AnalysisContextImpl - Excel 2003 does not support matching sheets by name, defaults to the first one.
2022-01-19 13:36:48.579 [http-nio-8202-exec-1] WARN  com.alibaba.excel.context.AnalysisContextImpl - Excel 2003 does not support matching sheets by name, defaults to the first one.
2022-01-19 13:36:51.947 [http-nio-8202-exec-1] WARN  com.alibaba.excel.context.AnalysisContextImpl - Excel 2003 does not support matching sheets by name, defaults to the first one.
2022-01-19 13:36:53.561 [http-nio-8202-exec-1] WARN  com.alibaba.excel.context.AnalysisContextImpl - Excel 2003 does not support matching sheets by name, defaults to the first one.
2022-01-19 13:36:56.846 [http-nio-8202-exec-1] WARN  com.alibaba.excel.context.AnalysisContextImpl - Excel 2003 does not support matching sheets by name, defaults to the first one.
2022-01-19 13:37:01.897 [http-nio-8202-exec-1] WARN  com.alibaba.excel.context.AnalysisContextImpl - Excel 2003 does not support matching sheets by name, defaults to the first one.
2022-01-19 13:37:05.209 [http-nio-8202-exec-1] WARN  com.alibaba.excel.context.AnalysisContextImpl - Excel 2003 does not support matching sheets by name, defaults to the first one.
2022-01-19 13:37:08.767 [http-nio-8202-exec-1] WARN  com.alibaba.excel.context.AnalysisContextImpl - Excel 2003 does not support matching sheets by name, defaults to the first one.
2022-01-19 13:37:12.407 [http-nio-8202-exec-1] WARN  com.alibaba.excel.context.AnalysisContextImpl - Excel 2003 does not support matching sheets by name, defaults to the first one.
2022-01-19 13:37:16.601 [http-nio-8202-exec-1] WARN  com.alibaba.excel.context.AnalysisContextImpl - Excel 2003 does not support matching sheets by name, defaults to the first one.
2022-01-19 13:37:22.766 [http-nio-8202-exec-1] WARN  com.alibaba.excel.context.AnalysisContextImpl - Excel 2003 does not support matching sheets by name, defaults to the first one.
2022-01-19 13:37:27.217 [http-nio-8202-exec-1] WARN  com.alibaba.excel.context.AnalysisContextImpl - Excel 2003 does not support matching sheets by name, defaults to the first one.
2022-01-19 13:37:35.398 [http-nio-8202-exec-1] WARN  com.alibaba.excel.context.AnalysisContextImpl - Excel 2003 does not support matching sheets by name, defaults to the first one.
2022-01-19 13:37:36.251 [http-nio-8202-exec-1] WARN  com.alibaba.excel.context.AnalysisContextImpl - Excel 2003 does not support matching sheets by name, defaults to the first one.
2022-01-19 13:48:06.715 [restartedMain] WARN  o.s.b.d.autoconfigure.OptionalLiveReloadServer - Unable to start LiveReload server
2022-01-19 13:48:08.100 [restartedMain] WARN  o.s.b.w.s.c.AnnotationConfigServletWebServerApplicationContext - Exception encountered during context initialization - cancelling refresh attempt: org.springframework.context.ApplicationContextException: Failed to start bean 'webServerStartStop'; nested exception is org.springframework.boot.web.server.PortInUseException: Port 8202 is already in use
2022-01-19 13:48:25.670 [restartedMain] WARN  o.s.b.d.autoconfigure.OptionalLiveReloadServer - Unable to start LiveReload server
2022-01-19 13:48:27.066 [restartedMain] WARN  o.s.b.w.s.c.AnnotationConfigServletWebServerApplicationContext - Exception encountered during context initialization - cancelling refresh attempt: org.springframework.context.ApplicationContextException: Failed to start bean 'webServerStartStop'; nested exception is org.springframework.boot.web.server.PortInUseException: Port 8202 is already in use
2022-01-19 13:49:27.326 [http-nio-8202-exec-1] WARN  com.alibaba.excel.context.AnalysisContextImpl - Excel 2003 does not support matching sheets by name, defaults to the first one.
2022-01-19 13:49:33.822 [http-nio-8202-exec-1] WARN  com.alibaba.excel.context.AnalysisContextImpl - Excel 2003 does not support matching sheets by name, defaults to the first one.
2022-01-19 13:49:39.665 [http-nio-8202-exec-1] WARN  com.alibaba.excel.context.AnalysisContextImpl - Excel 2003 does not support matching sheets by name, defaults to the first one.
2022-01-19 13:49:41.884 [http-nio-8202-exec-1] WARN  com.alibaba.excel.context.AnalysisContextImpl - Excel 2003 does not support matching sheets by name, defaults to the first one.
2022-01-19 13:49:47.821 [http-nio-8202-exec-1] WARN  com.alibaba.excel.context.AnalysisContextImpl - Excel 2003 does not support matching sheets by name, defaults to the first one.
2022-01-19 13:49:55.599 [http-nio-8202-exec-1] WARN  com.alibaba.excel.context.AnalysisContextImpl - Excel 2003 does not support matching sheets by name, defaults to the first one.
2022-01-19 13:49:57.708 [http-nio-8202-exec-1] WARN  com.alibaba.excel.context.AnalysisContextImpl - Excel 2003 does not support matching sheets by name, defaults to the first one.
2022-01-19 13:50:00.141 [http-nio-8202-exec-1] WARN  com.alibaba.excel.context.AnalysisContextImpl - Excel 2003 does not support matching sheets by name, defaults to the first one.
2022-01-19 13:50:02.816 [http-nio-8202-exec-1] WARN  com.alibaba.excel.context.AnalysisContextImpl - Excel 2003 does not support matching sheets by name, defaults to the first one.
2022-01-19 13:50:05.449 [http-nio-8202-exec-1] WARN  com.alibaba.excel.context.AnalysisContextImpl - Excel 2003 does not support matching sheets by name, defaults to the first one.
2022-01-19 13:50:13.307 [http-nio-8202-exec-1] WARN  com.alibaba.excel.context.AnalysisContextImpl - Excel 2003 does not support matching sheets by name, defaults to the first one.
2022-01-19 13:50:15.050 [http-nio-8202-exec-1] WARN  com.alibaba.excel.context.AnalysisContextImpl - Excel 2003 does not support matching sheets by name, defaults to the first one.
2022-01-19 13:50:17.799 [http-nio-8202-exec-1] WARN  com.alibaba.excel.context.AnalysisContextImpl - Excel 2003 does not support matching sheets by name, defaults to the first one.
2022-01-19 13:50:21.398 [http-nio-8202-exec-1] WARN  com.alibaba.excel.context.AnalysisContextImpl - Excel 2003 does not support matching sheets by name, defaults to the first one.
2022-01-19 13:50:22.996 [http-nio-8202-exec-1] WARN  com.alibaba.excel.context.AnalysisContextImpl - Excel 2003 does not support matching sheets by name, defaults to the first one.
2022-01-19 13:50:25.209 [http-nio-8202-exec-1] WARN  com.alibaba.excel.context.AnalysisContextImpl - Excel 2003 does not support matching sheets by name, defaults to the first one.
2022-01-19 13:50:28.691 [http-nio-8202-exec-1] WARN  com.alibaba.excel.context.AnalysisContextImpl - Excel 2003 does not support matching sheets by name, defaults to the first one.
2022-01-19 13:50:34.980 [http-nio-8202-exec-1] WARN  com.alibaba.excel.context.AnalysisContextImpl - Excel 2003 does not support matching sheets by name, defaults to the first one.
2022-01-19 13:50:42.009 [http-nio-8202-exec-1] WARN  com.alibaba.excel.context.AnalysisContextImpl - Excel 2003 does not support matching sheets by name, defaults to the first one.
2022-01-19 13:50:51.469 [http-nio-8202-exec-1] WARN  com.alibaba.excel.context.AnalysisContextImpl - Excel 2003 does not support matching sheets by name, defaults to the first one.
2022-01-19 13:50:55.529 [http-nio-8202-exec-1] WARN  com.alibaba.excel.context.AnalysisContextImpl - Excel 2003 does not support matching sheets by name, defaults to the first one.
2022-01-19 13:50:57.588 [http-nio-8202-exec-1] WARN  com.alibaba.excel.context.AnalysisContextImpl - Excel 2003 does not support matching sheets by name, defaults to the first one.
2022-01-19 13:51:00.846 [http-nio-8202-exec-1] WARN  com.alibaba.excel.context.AnalysisContextImpl - Excel 2003 does not support matching sheets by name, defaults to the first one.
2022-01-19 13:51:07.044 [http-nio-8202-exec-1] WARN  com.alibaba.excel.context.AnalysisContextImpl - Excel 2003 does not support matching sheets by name, defaults to the first one.
2022-01-19 13:51:10.416 [http-nio-8202-exec-1] WARN  com.alibaba.excel.context.AnalysisContextImpl - Excel 2003 does not support matching sheets by name, defaults to the first one.
2022-01-19 13:51:15.207 [http-nio-8202-exec-1] WARN  com.alibaba.excel.context.AnalysisContextImpl - Excel 2003 does not support matching sheets by name, defaults to the first one.
2022-01-19 13:51:19.514 [http-nio-8202-exec-1] WARN  com.alibaba.excel.context.AnalysisContextImpl - Excel 2003 does not support matching sheets by name, defaults to the first one.
2022-01-19 13:51:23.804 [http-nio-8202-exec-1] WARN  com.alibaba.excel.context.AnalysisContextImpl - Excel 2003 does not support matching sheets by name, defaults to the first one.
2022-01-19 13:51:30.658 [http-nio-8202-exec-1] WARN  com.alibaba.excel.context.AnalysisContextImpl - Excel 2003 does not support matching sheets by name, defaults to the first one.
2022-01-19 13:51:35.501 [http-nio-8202-exec-1] WARN  com.alibaba.excel.context.AnalysisContextImpl - Excel 2003 does not support matching sheets by name, defaults to the first one.
2022-01-19 13:51:42.368 [http-nio-8202-exec-1] WARN  com.alibaba.excel.context.AnalysisContextImpl - Excel 2003 does not support matching sheets by name, defaults to the first one.
2022-01-19 13:51:44.602 [http-nio-8202-exec-1] WARN  com.alibaba.excel.context.AnalysisContextImpl - Excel 2003 does not support matching sheets by name, defaults to the first one.
2022-01-19 13:51:47.511 [http-nio-8202-exec-1] WARN  com.alibaba.excel.context.AnalysisContextImpl - Excel 2003 does not support matching sheets by name, defaults to the first one.
2022-01-19 13:51:48.880 [http-nio-8202-exec-1] WARN  com.alibaba.excel.context.AnalysisContextImpl - Excel 2003 does not support matching sheets by name, defaults to the first one.
2022-01-19 13:51:52.119 [http-nio-8202-exec-1] WARN  com.alibaba.excel.context.AnalysisContextImpl - Excel 2003 does not support matching sheets by name, defaults to the first one.
2022-01-19 13:52:00.578 [http-nio-8202-exec-1] WARN  com.alibaba.excel.context.AnalysisContextImpl - Excel 2003 does not support matching sheets by name, defaults to the first one.
2022-01-19 13:52:03.993 [http-nio-8202-exec-1] WARN  com.alibaba.excel.context.AnalysisContextImpl - Excel 2003 does not support matching sheets by name, defaults to the first one.
2022-01-19 13:52:07.725 [http-nio-8202-exec-1] WARN  com.alibaba.excel.context.AnalysisContextImpl - Excel 2003 does not support matching sheets by name, defaults to the first one.
2022-01-19 13:52:10.703 [http-nio-8202-exec-1] WARN  com.alibaba.excel.context.AnalysisContextImpl - Excel 2003 does not support matching sheets by name, defaults to the first one.
2022-01-19 13:52:13.357 [http-nio-8202-exec-1] WARN  com.alibaba.excel.context.AnalysisContextImpl - Excel 2003 does not support matching sheets by name, defaults to the first one.
2022-01-19 13:52:16.557 [http-nio-8202-exec-1] WARN  com.alibaba.excel.context.AnalysisContextImpl - Excel 2003 does not support matching sheets by name, defaults to the first one.
2022-01-19 13:52:18.863 [http-nio-8202-exec-1] WARN  com.alibaba.excel.context.AnalysisContextImpl - Excel 2003 does not support matching sheets by name, defaults to the first one.
2022-01-19 13:52:21.315 [http-nio-8202-exec-1] WARN  com.alibaba.excel.context.AnalysisContextImpl - Excel 2003 does not support matching sheets by name, defaults to the first one.
2022-01-19 13:52:23.999 [http-nio-8202-exec-1] WARN  com.alibaba.excel.context.AnalysisContextImpl - Excel 2003 does not support matching sheets by name, defaults to the first one.
2022-01-19 13:52:27.675 [http-nio-8202-exec-1] WARN  com.alibaba.excel.context.AnalysisContextImpl - Excel 2003 does not support matching sheets by name, defaults to the first one.
2022-01-19 13:52:28.314 [http-nio-8202-exec-1] WARN  com.alibaba.excel.context.AnalysisContextImpl - Excel 2003 does not support matching sheets by name, defaults to the first one.
2022-01-19 13:52:30.704 [http-nio-8202-exec-1] WARN  com.alibaba.excel.context.AnalysisContextImpl - Excel 2003 does not support matching sheets by name, defaults to the first one.
2022-01-19 13:52:33.492 [http-nio-8202-exec-1] WARN  com.alibaba.excel.context.AnalysisContextImpl - Excel 2003 does not support matching sheets by name, defaults to the first one.
2022-01-19 13:52:37.546 [http-nio-8202-exec-1] WARN  com.alibaba.excel.context.AnalysisContextImpl - Excel 2003 does not support matching sheets by name, defaults to the first one.
2022-01-19 13:52:46.466 [http-nio-8202-exec-1] WARN  com.alibaba.excel.context.AnalysisContextImpl - Excel 2003 does not support matching sheets by name, defaults to the first one.
2022-01-19 13:52:50.374 [http-nio-8202-exec-1] WARN  com.alibaba.excel.context.AnalysisContextImpl - Excel 2003 does not support matching sheets by name, defaults to the first one.
2022-01-19 13:52:51.424 [http-nio-8202-exec-1] WARN  com.alibaba.excel.context.AnalysisContextImpl - Excel 2003 does not support matching sheets by name, defaults to the first one.
2022-01-19 13:52:52.517 [http-nio-8202-exec-1] WARN  com.alibaba.excel.context.AnalysisContextImpl - Excel 2003 does not support matching sheets by name, defaults to the first one.
2022-01-19 13:52:55.501 [http-nio-8202-exec-1] WARN  com.alibaba.excel.context.AnalysisContextImpl - Excel 2003 does not support matching sheets by name, defaults to the first one.
2022-01-19 13:52:57.983 [http-nio-8202-exec-1] WARN  com.alibaba.excel.context.AnalysisContextImpl - Excel 2003 does not support matching sheets by name, defaults to the first one.
2022-01-19 13:53:05.703 [http-nio-8202-exec-1] WARN  com.alibaba.excel.context.AnalysisContextImpl - Excel 2003 does not support matching sheets by name, defaults to the first one.
2022-01-19 13:53:13.828 [http-nio-8202-exec-1] WARN  com.alibaba.excel.context.AnalysisContextImpl - Excel 2003 does not support matching sheets by name, defaults to the first one.
2022-01-19 13:53:20.646 [http-nio-8202-exec-1] WARN  com.alibaba.excel.context.AnalysisContextImpl - Excel 2003 does not support matching sheets by name, defaults to the first one.
2022-01-19 13:53:22.933 [http-nio-8202-exec-1] WARN  com.alibaba.excel.context.AnalysisContextImpl - Excel 2003 does not support matching sheets by name, defaults to the first one.
2022-01-19 13:53:27.549 [http-nio-8202-exec-1] WARN  com.alibaba.excel.context.AnalysisContextImpl - Excel 2003 does not support matching sheets by name, defaults to the first one.
2022-01-19 13:53:34.718 [http-nio-8202-exec-1] WARN  com.alibaba.excel.context.AnalysisContextImpl - Excel 2003 does not support matching sheets by name, defaults to the first one.
2022-01-19 13:53:39.921 [http-nio-8202-exec-1] WARN  com.alibaba.excel.context.AnalysisContextImpl - Excel 2003 does not support matching sheets by name, defaults to the first one.
2022-01-19 13:53:43.224 [http-nio-8202-exec-1] WARN  com.alibaba.excel.context.AnalysisContextImpl - Excel 2003 does not support matching sheets by name, defaults to the first one.
2022-01-19 13:53:46.224 [http-nio-8202-exec-1] WARN  com.alibaba.excel.context.AnalysisContextImpl - Excel 2003 does not support matching sheets by name, defaults to the first one.
2022-01-19 13:53:49.220 [http-nio-8202-exec-1] WARN  com.alibaba.excel.context.AnalysisContextImpl - Excel 2003 does not support matching sheets by name, defaults to the first one.
2022-01-19 13:53:51.806 [http-nio-8202-exec-1] WARN  com.alibaba.excel.context.AnalysisContextImpl - Excel 2003 does not support matching sheets by name, defaults to the first one.
2022-01-19 13:53:55.199 [http-nio-8202-exec-1] WARN  com.alibaba.excel.context.AnalysisContextImpl - Excel 2003 does not support matching sheets by name, defaults to the first one.
2022-01-19 13:53:57.972 [http-nio-8202-exec-1] WARN  com.alibaba.excel.context.AnalysisContextImpl - Excel 2003 does not support matching sheets by name, defaults to the first one.
2022-01-19 13:53:58.974 [http-nio-8202-exec-1] WARN  com.alibaba.excel.context.AnalysisContextImpl - Excel 2003 does not support matching sheets by name, defaults to the first one.
2022-01-19 13:53:59.944 [http-nio-8202-exec-1] WARN  com.alibaba.excel.context.AnalysisContextImpl - Excel 2003 does not support matching sheets by name, defaults to the first one.
2022-01-19 13:54:03.526 [http-nio-8202-exec-1] WARN  com.alibaba.excel.context.AnalysisContextImpl - Excel 2003 does not support matching sheets by name, defaults to the first one.
2022-01-19 13:54:06.940 [http-nio-8202-exec-1] WARN  com.alibaba.excel.context.AnalysisContextImpl - Excel 2003 does not support matching sheets by name, defaults to the first one.
2022-01-19 13:54:07.734 [http-nio-8202-exec-1] WARN  com.alibaba.excel.context.AnalysisContextImpl - Excel 2003 does not support matching sheets by name, defaults to the first one.
2022-01-19 13:54:16.467 [http-nio-8202-exec-1] WARN  com.alibaba.excel.context.AnalysisContextImpl - Excel 2003 does not support matching sheets by name, defaults to the first one.
2022-01-19 13:54:20.371 [http-nio-8202-exec-1] WARN  com.alibaba.excel.context.AnalysisContextImpl - Excel 2003 does not support matching sheets by name, defaults to the first one.
2022-01-19 13:54:20.563 [http-nio-8202-exec-1] WARN  o.s.w.s.m.m.a.ExceptionHandlerExceptionResolver - Resolved [org.apache.poi.util.RecordFormatException: Unhandled Continue Record followining class org.apache.poi.hssf.record.TabIdRecord]
2022-01-19 13:57:37.511 [http-nio-8202-exec-1] WARN  o.s.w.s.m.m.a.ExceptionHandlerExceptionResolver - Resolved [com.alibaba.excel.exception.ExcelDataConvertException: Convert data m to float error ]
2022-01-19 13:59:48.141 [http-nio-8202-exec-1] WARN  o.s.w.s.m.m.a.ExceptionHandlerExceptionResolver - Resolved [org.apache.poi.util.RecordFormatException: Unhandled Continue Record followining class org.apache.poi.hssf.record.TabIdRecord]
2022-01-19 14:28:48.880 [http-nio-8202-exec-1] WARN  o.s.w.s.m.m.a.ExceptionHandlerExceptionResolver - Resolved [org.apache.poi.openxml4j.exceptions.OLE2NotOfficeXmlFileException: The supplied data appears to be in the OLE2 Format. You are calling the part of POI that deals with OOXML (Office Open XML) Documents. You need to call a different part of POI to process this data (eg HSSF instead of XSSF)]
2022-01-19 14:32:32.772 [http-nio-8202-exec-1] WARN  o.s.w.s.m.m.a.ExceptionHandlerExceptionResolver - Resolved [java.lang.NullPointerException]
2022-01-19 14:38:12.095 [http-nio-8202-exec-4] WARN  o.s.w.s.m.m.a.ExceptionHandlerExceptionResolver - Resolved [java.lang.NullPointerException]
2022-01-19 14:41:06.979 [http-nio-8202-exec-7] WARN  o.s.w.s.m.m.a.ExceptionHandlerExceptionResolver - Resolved [java.lang.NullPointerException]
2022-01-19 14:41:13.932 [http-nio-8202-exec-8] WARN  o.s.w.s.m.m.a.ExceptionHandlerExceptionResolver - Resolved [java.lang.NullPointerException]
2022-01-19 15:20:10.638 [http-nio-8202-exec-1] WARN  o.s.w.s.m.m.a.ExceptionHandlerExceptionResolver - Resolved [com.alibaba.excel.exception.ExcelGenerateException: Can not found file.]
2022-01-19 15:52:44.657 [http-nio-8202-exec-1] WARN  o.s.w.s.m.m.a.ExceptionHandlerExceptionResolver - Resolved [java.lang.ArrayIndexOutOfBoundsException: 1]
2022-01-19 15:53:13.045 [http-nio-8202-exec-1] WARN  o.s.w.s.m.m.a.ExceptionHandlerExceptionResolver - Resolved [java.lang.ArrayIndexOutOfBoundsException: 0]
2022-01-19 15:57:22.520 [http-nio-8202-exec-1] WARN  o.s.w.s.m.m.a.ExceptionHandlerExceptionResolver - Resolved [java.lang.ArrayIndexOutOfBoundsException: 0]
2022-01-19 15:59:49.689 [http-nio-8202-exec-1] WARN  o.s.w.s.m.m.a.ExceptionHandlerExceptionResolver - Resolved [java.lang.ArrayIndexOutOfBoundsException: 0]
2022-01-19 16:15:38.595 [http-nio-8202-exec-1] WARN  o.s.w.s.m.m.a.ExceptionHandlerExceptionResolver - Resolved [com.alibaba.excel.exception.ExcelGenerateException: Can not found file.]
2022-01-19 16:17:32.629 [http-nio-8202-exec-1] WARN  o.s.w.s.m.m.a.ExceptionHandlerExceptionResolver - Resolved [com.alibaba.excel.exception.ExcelGenerateException: Can not found file.]
2022-01-19 16:23:01.781 [http-nio-8202-exec-1] WARN  o.s.w.s.m.m.a.ExceptionHandlerExceptionResolver - Resolved [com.alibaba.excel.exception.ExcelGenerateException: Can not found file.]
2022-01-19 16:23:58.553 [http-nio-8202-exec-4] WARN  o.s.w.s.m.m.a.ExceptionHandlerExceptionResolver - Resolved [com.alibaba.excel.exception.ExcelGenerateException: Can not found file.]
2022-01-19 16:39:04.997 [http-nio-8202-exec-1] WARN  o.s.w.s.m.m.a.ExceptionHandlerExceptionResolver - Failure in @ExceptionHandler com.atguigu.yygh.exception.GlobalExceptionHandler#error(Exception)
java.lang.NullPointerException: null
	at org.springframework.web.util.UrlPathHelper.getSanitizedPath(UrlPathHelper.java:409)
	at org.springframework.web.util.UrlPathHelper.decodeAndCleanUriString(UrlPathHelper.java:550)
	at org.springframework.web.util.UrlPathHelper.getOriginatingRequestUri(UrlPathHelper.java:495)
	at org.springframework.web.servlet.mvc.method.annotation.AbstractMessageConverterMethodProcessor.addContentDispositionHeader(AbstractMessageConverterMethodProcessor.java:431)
	at org.springframework.web.servlet.mvc.method.annotation.AbstractMessageConverterMethodProcessor.writeWithMessageConverters(AbstractMessageConverterMethodProcessor.java:288)
	at org.springframework.web.servlet.mvc.method.annotation.RequestResponseBodyMethodProcessor.handleReturnValue(RequestResponseBodyMethodProcessor.java:183)
	at org.springframework.web.method.support.HandlerMethodReturnValueHandlerComposite.handleReturnValue(HandlerMethodReturnValueHandlerComposite.java:78)
	at org.springframework.web.servlet.mvc.method.annotation.ServletInvocableHandlerMethod.invokeAndHandle(ServletInvocableHandlerMethod.java:124)
	at org.springframework.web.servlet.mvc.method.annotation.ExceptionHandlerExceptionResolver.doResolveHandlerMethodException(ExceptionHandlerExceptionResolver.java:428)
	at org.springframework.web.servlet.handler.AbstractHandlerMethodExceptionResolver.doResolveException(AbstractHandlerMethodExceptionResolver.java:75)
	at org.springframework.web.servlet.handler.AbstractHandlerExceptionResolver.resolveException(AbstractHandlerExceptionResolver.java:141)
	at org.springframework.web.servlet.handler.HandlerExceptionResolverComposite.resolveException(HandlerExceptionResolverComposite.java:80)
	at org.springframework.web.servlet.DispatcherServlet.processHandlerException(DispatcherServlet.java:1324)
	at org.springframework.web.servlet.DispatcherServlet.processDispatchResult(DispatcherServlet.java:1135)
	at org.springframework.web.servlet.DispatcherServlet.doDispatch(DispatcherServlet.java:1081)
	at org.springframework.web.servlet.DispatcherServlet.doService(DispatcherServlet.java:963)
	at org.springframework.web.servlet.FrameworkServlet.processRequest(FrameworkServlet.java:1006)
	at org.springframework.web.servlet.FrameworkServlet.doGet(FrameworkServlet.java:898)
	at javax.servlet.http.HttpServlet.service(HttpServlet.java:655)
	at org.springframework.web.servlet.FrameworkServlet.service(FrameworkServlet.java:883)
	at javax.servlet.http.HttpServlet.service(HttpServlet.java:764)
	at org.apache.catalina.core.ApplicationFilterChain.internalDoFilter(ApplicationFilterChain.java:227)
	at org.apache.catalina.core.ApplicationFilterChain.doFilter(ApplicationFilterChain.java:162)
	at org.apache.tomcat.websocket.server.WsFilter.doFilter(WsFilter.java:53)
	at org.apache.catalina.core.ApplicationFilterChain.internalDoFilter(ApplicationFilterChain.java:189)
	at org.apache.catalina.core.ApplicationFilterChain.doFilter(ApplicationFilterChain.java:162)
	at org.springframework.web.filter.RequestContextFilter.doFilterInternal(RequestContextFilter.java:100)
	at org.springframework.web.filter.OncePerRequestFilter.doFilter(OncePerRequestFilter.java:119)
	at org.apache.catalina.core.ApplicationFilterChain.internalDoFilter(ApplicationFilterChain.java:189)
	at org.apache.catalina.core.ApplicationFilterChain.doFilter(ApplicationFilterChain.java:162)
	at org.springframework.web.filter.FormContentFilter.doFilterInternal(FormContentFilter.java:93)
	at org.springframework.web.filter.OncePerRequestFilter.doFilter(OncePerRequestFilter.java:119)
	at org.apache.catalina.core.ApplicationFilterChain.internalDoFilter(ApplicationFilterChain.java:189)
	at org.apache.catalina.core.ApplicationFilterChain.doFilter(ApplicationFilterChain.java:162)
	at org.springframework.web.filter.CharacterEncodingFilter.doFilterInternal(CharacterEncodingFilter.java:201)
	at org.springframework.web.filter.OncePerRequestFilter.doFilter(OncePerRequestFilter.java:119)
	at org.apache.catalina.core.ApplicationFilterChain.internalDoFilter(ApplicationFilterChain.java:189)
	at org.apache.catalina.core.ApplicationFilterChain.doFilter(ApplicationFilterChain.java:162)
	at org.apache.catalina.core.StandardWrapperValve.invoke(StandardWrapperValve.java:197)
	at org.apache.catalina.core.StandardContextValve.invoke(StandardContextValve.java:97)
	at org.apache.catalina.authenticator.AuthenticatorBase.invoke(AuthenticatorBase.java:542)
	at org.apache.catalina.core.StandardHostValve.invoke(StandardHostValve.java:135)
	at org.apache.catalina.valves.ErrorReportValve.invoke(ErrorReportValve.java:92)
	at org.apache.catalina.core.StandardEngineValve.invoke(StandardEngineValve.java:78)
	at org.apache.catalina.connector.CoyoteAdapter.service(CoyoteAdapter.java:357)
	at org.apache.coyote.http11.Http11Processor.service(Http11Processor.java:382)
	at org.apache.coyote.AbstractProcessorLight.process(AbstractProcessorLight.java:65)
	at org.apache.coyote.AbstractProtocol$ConnectionHandler.process(AbstractProtocol.java:893)
	at org.apache.tomcat.util.net.NioEndpoint$SocketProcessor.doRun(NioEndpoint.java:1726)
	at org.apache.tomcat.util.net.SocketProcessorBase.run(SocketProcessorBase.java:49)
	at org.apache.tomcat.util.threads.ThreadPoolExecutor.runWorker(ThreadPoolExecutor.java:1191)
	at org.apache.tomcat.util.threads.ThreadPoolExecutor$Worker.run(ThreadPoolExecutor.java:659)
	at org.apache.tomcat.util.threads.TaskThread$WrappingRunnable.run(TaskThread.java:61)
	at java.lang.Thread.run(Thread.java:748)
2022-01-19 16:39:12.698 [http-nio-8202-exec-1] WARN  o.s.w.s.m.m.a.ExceptionHandlerExceptionResolver - Failure in @ExceptionHandler com.atguigu.yygh.exception.GlobalExceptionHandler#error(Exception)
java.lang.NullPointerException: null
	at org.springframework.web.util.UrlPathHelper.getSanitizedPath(UrlPathHelper.java:409)
	at org.springframework.web.util.UrlPathHelper.decodeAndCleanUriString(UrlPathHelper.java:550)
	at org.springframework.web.util.UrlPathHelper.getOriginatingRequestUri(UrlPathHelper.java:495)
	at org.springframework.web.servlet.mvc.method.annotation.AbstractMessageConverterMethodProcessor.addContentDispositionHeader(AbstractMessageConverterMethodProcessor.java:431)
	at org.springframework.web.servlet.mvc.method.annotation.AbstractMessageConverterMethodProcessor.writeWithMessageConverters(AbstractMessageConverterMethodProcessor.java:288)
	at org.springframework.web.servlet.mvc.method.annotation.RequestResponseBodyMethodProcessor.handleReturnValue(RequestResponseBodyMethodProcessor.java:183)
	at org.springframework.web.method.support.HandlerMethodReturnValueHandlerComposite.handleReturnValue(HandlerMethodReturnValueHandlerComposite.java:78)
	at org.springframework.web.servlet.mvc.method.annotation.ServletInvocableHandlerMethod.invokeAndHandle(ServletInvocableHandlerMethod.java:124)
	at org.springframework.web.servlet.mvc.method.annotation.ExceptionHandlerExceptionResolver.doResolveHandlerMethodException(ExceptionHandlerExceptionResolver.java:428)
	at org.springframework.web.servlet.handler.AbstractHandlerMethodExceptionResolver.doResolveException(AbstractHandlerMethodExceptionResolver.java:75)
	at org.springframework.web.servlet.handler.AbstractHandlerExceptionResolver.resolveException(AbstractHandlerExceptionResolver.java:141)
	at org.springframework.web.servlet.handler.HandlerExceptionResolverComposite.resolveException(HandlerExceptionResolverComposite.java:80)
	at org.springframework.web.servlet.DispatcherServlet.processHandlerException(DispatcherServlet.java:1324)
	at org.springframework.web.servlet.DispatcherServlet.processDispatchResult(DispatcherServlet.java:1135)
	at org.springframework.web.servlet.DispatcherServlet.doDispatch(DispatcherServlet.java:1081)
	at org.springframework.web.servlet.DispatcherServlet.doService(DispatcherServlet.java:963)
	at org.springframework.web.servlet.FrameworkServlet.processRequest(FrameworkServlet.java:1006)
	at org.springframework.web.servlet.FrameworkServlet.doGet(FrameworkServlet.java:898)
	at javax.servlet.http.HttpServlet.service(HttpServlet.java:655)
	at org.springframework.web.servlet.FrameworkServlet.service(FrameworkServlet.java:883)
	at javax.servlet.http.HttpServlet.service(HttpServlet.java:764)
	at org.apache.catalina.core.ApplicationFilterChain.internalDoFilter(ApplicationFilterChain.java:227)
	at org.apache.catalina.core.ApplicationFilterChain.doFilter(ApplicationFilterChain.java:162)
	at org.apache.tomcat.websocket.server.WsFilter.doFilter(WsFilter.java:53)
	at org.apache.catalina.core.ApplicationFilterChain.internalDoFilter(ApplicationFilterChain.java:189)
	at org.apache.catalina.core.ApplicationFilterChain.doFilter(ApplicationFilterChain.java:162)
	at org.springframework.web.filter.RequestContextFilter.doFilterInternal(RequestContextFilter.java:100)
	at org.springframework.web.filter.OncePerRequestFilter.doFilter(OncePerRequestFilter.java:119)
	at org.apache.catalina.core.ApplicationFilterChain.internalDoFilter(ApplicationFilterChain.java:189)
	at org.apache.catalina.core.ApplicationFilterChain.doFilter(ApplicationFilterChain.java:162)
	at org.springframework.web.filter.FormContentFilter.doFilterInternal(FormContentFilter.java:93)
	at org.springframework.web.filter.OncePerRequestFilter.doFilter(OncePerRequestFilter.java:119)
	at org.apache.catalina.core.ApplicationFilterChain.internalDoFilter(ApplicationFilterChain.java:189)
	at org.apache.catalina.core.ApplicationFilterChain.doFilter(ApplicationFilterChain.java:162)
	at org.springframework.web.filter.CharacterEncodingFilter.doFilterInternal(CharacterEncodingFilter.java:201)
	at org.springframework.web.filter.OncePerRequestFilter.doFilter(OncePerRequestFilter.java:119)
	at org.apache.catalina.core.ApplicationFilterChain.internalDoFilter(ApplicationFilterChain.java:189)
	at org.apache.catalina.core.ApplicationFilterChain.doFilter(ApplicationFilterChain.java:162)
	at org.apache.catalina.core.StandardWrapperValve.invoke(StandardWrapperValve.java:197)
	at org.apache.catalina.core.StandardContextValve.invoke(StandardContextValve.java:97)
	at org.apache.catalina.authenticator.AuthenticatorBase.invoke(AuthenticatorBase.java:542)
	at org.apache.catalina.core.StandardHostValve.invoke(StandardHostValve.java:135)
	at org.apache.catalina.valves.ErrorReportValve.invoke(ErrorReportValve.java:92)
	at org.apache.catalina.core.StandardEngineValve.invoke(StandardEngineValve.java:78)
	at org.apache.catalina.connector.CoyoteAdapter.service(CoyoteAdapter.java:357)
	at org.apache.coyote.http11.Http11Processor.service(Http11Processor.java:382)
	at org.apache.coyote.AbstractProcessorLight.process(AbstractProcessorLight.java:65)
	at org.apache.coyote.AbstractProtocol$ConnectionHandler.process(AbstractProtocol.java:893)
	at org.apache.tomcat.util.net.NioEndpoint$SocketProcessor.doRun(NioEndpoint.java:1726)
	at org.apache.tomcat.util.net.SocketProcessorBase.run(SocketProcessorBase.java:49)
	at org.apache.tomcat.util.threads.ThreadPoolExecutor.runWorker(ThreadPoolExecutor.java:1191)
	at org.apache.tomcat.util.threads.ThreadPoolExecutor$Worker.run(ThreadPoolExecutor.java:659)
	at org.apache.tomcat.util.threads.TaskThread$WrappingRunnable.run(TaskThread.java:61)
	at java.lang.Thread.run(Thread.java:748)
2022-01-19 16:46:23.418 [restartedMain] WARN  org.mybatis.spring.mapper.ClassPathMapperScanner - No MyBatis mapper was found in '[com.atguigu.shangyitong]' package. Please check your configuration.
2022-01-19 16:46:30.929 [restartedMain] WARN  org.mybatis.spring.mapper.ClassPathMapperScanner - No MyBatis mapper was found in '[com.atguigu.shangyitong]' package. Please check your configuration.
2022-01-19 17:03:47.117 [http-nio-8202-exec-1] WARN  o.s.w.s.m.m.a.ExceptionHandlerExceptionResolver - Resolved [com.alibaba.excel.exception.ExcelGenerateException: Can not found file.]
2022-01-19 19:11:39.882 [http-nio-8202-exec-1] WARN  o.s.w.s.m.m.a.ExceptionHandlerExceptionResolver - Resolved [com.alibaba.excel.exception.ExcelGenerateException: Can not found file.]
2022-01-19 19:11:57.749 [http-nio-8202-exec-5] WARN  o.s.w.s.m.m.a.ExceptionHandlerExceptionResolver - Resolved [org.springframework.web.HttpRequestMethodNotSupportedException: Request method 'GET' not supported]
2022-01-19 19:12:01.647 [http-nio-8202-exec-8] WARN  o.s.w.s.m.m.a.ExceptionHandlerExceptionResolver - Resolved [org.springframework.web.HttpRequestMethodNotSupportedException: Request method 'GET' not supported]
2022-01-19 19:12:08.541 [http-nio-8202-exec-2] WARN  o.s.w.s.m.m.a.ExceptionHandlerExceptionResolver - Resolved [org.springframework.web.HttpRequestMethodNotSupportedException: Request method 'GET' not supported]
