2021-09-22 15:14:00.037 [restartedMain] INFO  com.atguigu.shangyitong.ServiceHospApplication - Starting ServiceHospApplication using Java 1.8.0_261 on DESKTOP-18736GT with PID 988 (F:\shangyitong\service\service-hosp\target\classes started by asus in F:\shangyitong)
2021-09-22 15:14:00.042 [restartedMain] INFO  com.atguigu.shangyitong.ServiceHospApplication - The following profiles are active: dev
2021-09-22 15:14:00.139 [restartedMain] INFO  o.s.b.d.env.DevToolsPropertyDefaultsPostProcessor - Devtools property defaults active! Set 'spring.devtools.add-properties' to 'false' to disable
2021-09-22 15:14:00.139 [restartedMain] INFO  o.s.b.d.env.DevToolsPropertyDefaultsPostProcessor - For additional web related logging consider setting the 'logging.level.web' property to 'DEBUG'
2021-09-22 15:14:02.059 [restartedMain] INFO  o.s.d.r.config.RepositoryConfigurationDelegate - Multiple Spring Data modules found, entering strict repository configuration mode!
2021-09-22 15:14:02.064 [restartedMain] INFO  o.s.d.r.config.RepositoryConfigurationDelegate - Bootstrapping Spring Data Redis repositories in DEFAULT mode.
2021-09-22 15:14:02.103 [restartedMain] INFO  o.s.d.r.config.RepositoryConfigurationDelegate - Finished Spring Data repository scanning in 14 ms. Found 0 Redis repository interfaces.
2021-09-22 15:14:02.498 [restartedMain] INFO  o.springframework.cloud.context.scope.GenericScope - BeanFactory id=f79565f5-d3a3-3270-9fdf-9f83b8ddebaf
2021-09-22 15:14:03.386 [restartedMain] INFO  o.s.boot.web.embedded.tomcat.TomcatWebServer - Tomcat initialized with port(s): 8202 (http)
2021-09-22 15:14:03.406 [restartedMain] INFO  org.apache.coyote.http11.Http11NioProtocol - Initializing ProtocolHandler ["http-nio-8202"]
2021-09-22 15:14:03.407 [restartedMain] INFO  org.apache.catalina.core.StandardService - Starting service [Tomcat]
2021-09-22 15:14:03.407 [restartedMain] INFO  org.apache.catalina.core.StandardEngine - Starting Servlet engine: [Apache Tomcat/9.0.52]
2021-09-22 15:14:03.583 [restartedMain] INFO  o.a.c.core.ContainerBase.[Tomcat].[localhost].[/] - Initializing Spring embedded WebApplicationContext
2021-09-22 15:14:03.584 [restartedMain] INFO  o.s.b.w.s.c.ServletWebServerApplicationContext - Root WebApplicationContext: initialization completed in 3444 ms
2021-09-22 15:14:03.931 [restartedMain] INFO  com.zaxxer.hikari.HikariDataSource - HikariPool-1 - Starting...
2021-09-22 15:14:05.143 [restartedMain] INFO  com.zaxxer.hikari.HikariDataSource - HikariPool-1 - Start completed.
2021-09-22 15:14:05.848 [restartedMain] INFO  s.d.s.w.PropertySourcedRequestMappingHandlerMapping - Mapped URL path [/v2/api-docs] onto method [springfox.documentation.swagger2.web.Swagger2Controller#getDocumentation(String, HttpServletRequest)]
2021-09-22 15:14:05.999 [restartedMain] INFO  o.s.b.d.autoconfigure.OptionalLiveReloadServer - LiveReload server is running on port 35729
2021-09-22 15:14:07.761 [restartedMain] INFO  org.apache.coyote.http11.Http11NioProtocol - Starting ProtocolHandler ["http-nio-8202"]
2021-09-22 15:14:07.782 [restartedMain] INFO  o.s.boot.web.embedded.tomcat.TomcatWebServer - Tomcat started on port(s): 8202 (http) with context path ''
2021-09-22 15:14:08.345 [restartedMain] INFO  s.d.s.web.plugins.DocumentationPluginsBootstrapper - Context refreshed
2021-09-22 15:14:08.396 [restartedMain] INFO  s.d.s.web.plugins.DocumentationPluginsBootstrapper - Found 1 custom documentation plugin(s)
2021-09-22 15:14:08.434 [restartedMain] INFO  s.d.spring.web.scanners.ApiListingReferenceScanner - Scanning for api listing references
2021-09-22 15:14:08.657 [restartedMain] INFO  com.atguigu.shangyitong.ServiceHospApplication - Started ServiceHospApplication in 10.46 seconds (JVM running for 12.685)
2021-09-22 15:15:02.201 [http-nio-8202-exec-1] INFO  o.a.c.core.ContainerBase.[Tomcat].[localhost].[/] - Initializing Spring DispatcherServlet 'dispatcherServlet'
2021-09-22 15:15:02.202 [http-nio-8202-exec-1] INFO  org.springframework.web.servlet.DispatcherServlet - Initializing Servlet 'dispatcherServlet'
2021-09-22 15:15:02.205 [http-nio-8202-exec-1] INFO  org.springframework.web.servlet.DispatcherServlet - Completed initialization in 3 ms
