2021-09-27 19:46:36.166 [main] INFO  c.a.shangyitong.controller.HospitalControllerTest - Starting HospitalControllerTest using Java 1.8.0_261 on DESKTOP-18736GT with PID 14860 (started by asus in F:\shangyitong\service\service-hosp)
2021-09-27 19:46:36.192 [main] INFO  c.a.shangyitong.controller.HospitalControllerTest - The following profiles are active: dev
2021-09-27 19:46:37.909 [main] INFO  o.s.d.r.config.RepositoryConfigurationDelegate - Multiple Spring Data modules found, entering strict repository configuration mode!
2021-09-27 19:46:37.915 [main] INFO  o.s.d.r.config.RepositoryConfigurationDelegate - Bootstrapping Spring Data Redis repositories in DEFAULT mode.
2021-09-27 19:46:37.954 [main] INFO  o.s.d.r.config.RepositoryConfigurationDelegate - Finished Spring Data repository scanning in 13 ms. Found 0 Redis repository interfaces.
2021-09-27 19:46:38.384 [main] INFO  o.springframework.cloud.context.scope.GenericScope - BeanFactory id=5dce4a15-542f-31de-b46a-7cbccbc5882d
2021-09-27 19:46:40.484 [main] INFO  o.s.boot.web.embedded.tomcat.TomcatWebServer - Tomcat initialized with port(s): 0 (http)
2021-09-27 19:46:40.573 [main] INFO  org.apache.coyote.http11.Http11NioProtocol - Initializing ProtocolHandler ["http-nio-auto-1"]
2021-09-27 19:46:40.576 [main] INFO  org.apache.catalina.core.StandardService - Starting service [Tomcat]
2021-09-27 19:46:40.577 [main] INFO  org.apache.catalina.core.StandardEngine - Starting Servlet engine: [Apache Tomcat/9.0.52]
2021-09-27 19:46:40.892 [main] INFO  o.a.c.core.ContainerBase.[Tomcat].[localhost].[/] - Initializing Spring embedded WebApplicationContext
2021-09-27 19:46:40.893 [main] INFO  o.s.b.w.s.c.ServletWebServerApplicationContext - Root WebApplicationContext: initialization completed in 4660 ms
2021-09-27 19:46:43.406 [main] INFO  com.zaxxer.hikari.HikariDataSource - HikariPool-1 - Starting...
2021-09-27 19:46:44.672 [main] INFO  com.zaxxer.hikari.HikariDataSource - HikariPool-1 - Start completed.
2021-09-27 19:46:46.263 [main] INFO  s.d.s.w.PropertySourcedRequestMappingHandlerMapping - Mapped URL path [/v2/api-docs] onto method [springfox.documentation.swagger2.web.Swagger2Controller#getDocumentation(String, HttpServletRequest)]
2021-09-27 19:46:49.130 [main] INFO  org.apache.coyote.http11.Http11NioProtocol - Starting ProtocolHandler ["http-nio-auto-1"]
2021-09-27 19:46:49.157 [main] INFO  o.s.boot.web.embedded.tomcat.TomcatWebServer - Tomcat started on port(s): 3703 (http) with context path ''
2021-09-27 19:46:49.762 [main] INFO  s.d.s.web.plugins.DocumentationPluginsBootstrapper - Context refreshed
2021-09-27 19:46:49.793 [main] INFO  s.d.s.web.plugins.DocumentationPluginsBootstrapper - Found 1 custom documentation plugin(s)
2021-09-27 19:46:49.827 [main] INFO  s.d.spring.web.scanners.ApiListingReferenceScanner - Scanning for api listing references
2021-09-27 19:46:50.078 [main] INFO  c.a.shangyitong.controller.HospitalControllerTest - Started HospitalControllerTest in 15.294 seconds (JVM running for 17.719)
2021-09-27 19:46:53.495 [SpringApplicationShutdownHook] INFO  com.zaxxer.hikari.HikariDataSource - HikariPool-1 - Shutdown initiated...
2021-09-27 19:46:53.511 [SpringApplicationShutdownHook] INFO  com.zaxxer.hikari.HikariDataSource - HikariPool-1 - Shutdown completed.
2021-09-27 19:48:54.075 [restartedMain] INFO  com.atguigu.shangyitong.ServiceHospApplication - Starting ServiceHospApplication using Java 1.8.0_261 on DESKTOP-18736GT with PID 12328 (F:\shangyitong\service\service-hosp\target\classes started by asus in F:\shangyitong)
2021-09-27 19:48:54.078 [restartedMain] INFO  com.atguigu.shangyitong.ServiceHospApplication - The following profiles are active: dev
2021-09-27 19:48:54.136 [restartedMain] INFO  o.s.b.d.env.DevToolsPropertyDefaultsPostProcessor - Devtools property defaults active! Set 'spring.devtools.add-properties' to 'false' to disable
2021-09-27 19:48:54.136 [restartedMain] INFO  o.s.b.d.env.DevToolsPropertyDefaultsPostProcessor - For additional web related logging consider setting the 'logging.level.web' property to 'DEBUG'
2021-09-27 19:48:55.212 [restartedMain] INFO  o.s.d.r.config.RepositoryConfigurationDelegate - Multiple Spring Data modules found, entering strict repository configuration mode!
2021-09-27 19:48:55.214 [restartedMain] INFO  o.s.d.r.config.RepositoryConfigurationDelegate - Bootstrapping Spring Data Redis repositories in DEFAULT mode.
2021-09-27 19:48:55.238 [restartedMain] INFO  o.s.d.r.config.RepositoryConfigurationDelegate - Finished Spring Data repository scanning in 8 ms. Found 0 Redis repository interfaces.
2021-09-27 19:48:55.517 [restartedMain] INFO  o.springframework.cloud.context.scope.GenericScope - BeanFactory id=7e897f3c-9f99-3c83-a737-6b71a40247bd
2021-09-27 19:48:56.234 [restartedMain] INFO  o.s.boot.web.embedded.tomcat.TomcatWebServer - Tomcat initialized with port(s): 8202 (http)
2021-09-27 19:48:56.242 [restartedMain] INFO  org.apache.coyote.http11.Http11NioProtocol - Initializing ProtocolHandler ["http-nio-8202"]
2021-09-27 19:48:56.244 [restartedMain] INFO  org.apache.catalina.core.StandardService - Starting service [Tomcat]
2021-09-27 19:48:56.245 [restartedMain] INFO  org.apache.catalina.core.StandardEngine - Starting Servlet engine: [Apache Tomcat/9.0.52]
2021-09-27 19:48:56.407 [restartedMain] INFO  o.a.c.core.ContainerBase.[Tomcat].[localhost].[/] - Initializing Spring embedded WebApplicationContext
2021-09-27 19:48:56.408 [restartedMain] INFO  o.s.b.w.s.c.ServletWebServerApplicationContext - Root WebApplicationContext: initialization completed in 2270 ms
2021-09-27 19:48:56.610 [restartedMain] INFO  com.zaxxer.hikari.HikariDataSource - HikariPool-1 - Starting...
2021-09-27 19:48:57.344 [restartedMain] INFO  com.zaxxer.hikari.HikariDataSource - HikariPool-1 - Start completed.
2021-09-27 19:48:57.952 [restartedMain] INFO  s.d.s.w.PropertySourcedRequestMappingHandlerMapping - Mapped URL path [/v2/api-docs] onto method [springfox.documentation.swagger2.web.Swagger2Controller#getDocumentation(String, HttpServletRequest)]
2021-09-27 19:48:58.164 [restartedMain] INFO  o.s.b.d.autoconfigure.OptionalLiveReloadServer - LiveReload server is running on port 35729
2021-09-27 19:48:59.381 [restartedMain] INFO  org.apache.coyote.http11.Http11NioProtocol - Starting ProtocolHandler ["http-nio-8202"]
2021-09-27 19:48:59.396 [restartedMain] INFO  o.s.boot.web.embedded.tomcat.TomcatWebServer - Tomcat started on port(s): 8202 (http) with context path ''
2021-09-27 19:48:59.954 [restartedMain] INFO  s.d.s.web.plugins.DocumentationPluginsBootstrapper - Context refreshed
2021-09-27 19:48:59.967 [restartedMain] INFO  s.d.s.web.plugins.DocumentationPluginsBootstrapper - Found 1 custom documentation plugin(s)
2021-09-27 19:48:59.995 [restartedMain] INFO  s.d.spring.web.scanners.ApiListingReferenceScanner - Scanning for api listing references
2021-09-27 19:49:00.159 [restartedMain] INFO  com.atguigu.shangyitong.ServiceHospApplication - Started ServiceHospApplication in 7.492 seconds (JVM running for 8.999)
2021-09-27 19:49:19.547 [http-nio-8202-exec-1] INFO  o.a.c.core.ContainerBase.[Tomcat].[localhost].[/] - Initializing Spring DispatcherServlet 'dispatcherServlet'
2021-09-27 19:49:19.548 [http-nio-8202-exec-1] INFO  org.springframework.web.servlet.DispatcherServlet - Initializing Servlet 'dispatcherServlet'
2021-09-27 19:49:19.550 [http-nio-8202-exec-1] INFO  org.springframework.web.servlet.DispatcherServlet - Completed initialization in 2 ms
2021-09-27 19:49:19.890 [http-nio-8202-exec-1] INFO  com.atguigu.shangyitong.aspect.CheckUserAspect - this is count:3
2021-09-27 20:05:02.867 [main] INFO  c.a.shangyitong.service.AspectTestService1Test - Starting AspectTestService1Test using Java 1.8.0_261 on DESKTOP-18736GT with PID 11736 (started by asus in F:\shangyitong\service\service-hosp)
2021-09-27 20:05:02.869 [main] INFO  c.a.shangyitong.service.AspectTestService1Test - The following profiles are active: dev
2021-09-27 20:05:04.467 [main] INFO  o.s.d.r.config.RepositoryConfigurationDelegate - Multiple Spring Data modules found, entering strict repository configuration mode!
2021-09-27 20:05:04.471 [main] INFO  o.s.d.r.config.RepositoryConfigurationDelegate - Bootstrapping Spring Data Redis repositories in DEFAULT mode.
2021-09-27 20:05:04.501 [main] INFO  o.s.d.r.config.RepositoryConfigurationDelegate - Finished Spring Data repository scanning in 12 ms. Found 0 Redis repository interfaces.
2021-09-27 20:05:04.856 [main] INFO  o.springframework.cloud.context.scope.GenericScope - BeanFactory id=17d2ab62-97c5-3d54-8674-0b2c0f569084
2021-09-27 20:05:06.207 [main] INFO  com.zaxxer.hikari.HikariDataSource - HikariPool-1 - Starting...
2021-09-27 20:05:07.632 [main] INFO  com.zaxxer.hikari.HikariDataSource - HikariPool-1 - Start completed.
2021-09-27 20:05:09.149 [main] INFO  s.d.s.w.PropertySourcedRequestMappingHandlerMapping - Mapped URL path [/v2/api-docs] onto method [springfox.documentation.swagger2.web.Swagger2Controller#getDocumentation(String, HttpServletRequest)]
2021-09-27 20:05:12.407 [main] INFO  s.d.s.web.plugins.DocumentationPluginsBootstrapper - Context refreshed
2021-09-27 20:05:12.463 [main] INFO  s.d.s.web.plugins.DocumentationPluginsBootstrapper - Found 1 custom documentation plugin(s)
2021-09-27 20:05:12.515 [main] INFO  s.d.spring.web.scanners.ApiListingReferenceScanner - Scanning for api listing references
2021-09-27 20:05:12.833 [main] INFO  c.a.shangyitong.service.AspectTestService1Test - Started AspectTestService1Test in 11.489 seconds (JVM running for 13.442)
2021-09-27 20:05:13.529 [SpringApplicationShutdownHook] INFO  com.zaxxer.hikari.HikariDataSource - HikariPool-1 - Shutdown initiated...
2021-09-27 20:05:13.540 [SpringApplicationShutdownHook] INFO  com.zaxxer.hikari.HikariDataSource - HikariPool-1 - Shutdown completed.
2021-09-27 20:05:44.423 [main] INFO  c.a.shangyitong.service.AspectTestService1Test - Starting AspectTestService1Test using Java 1.8.0_261 on DESKTOP-18736GT with PID 9040 (started by asus in F:\shangyitong\service\service-hosp)
2021-09-27 20:05:44.425 [main] INFO  c.a.shangyitong.service.AspectTestService1Test - The following profiles are active: dev
2021-09-27 20:05:45.582 [main] INFO  o.s.d.r.config.RepositoryConfigurationDelegate - Multiple Spring Data modules found, entering strict repository configuration mode!
2021-09-27 20:05:45.586 [main] INFO  o.s.d.r.config.RepositoryConfigurationDelegate - Bootstrapping Spring Data Redis repositories in DEFAULT mode.
2021-09-27 20:05:45.617 [main] INFO  o.s.d.r.config.RepositoryConfigurationDelegate - Finished Spring Data repository scanning in 12 ms. Found 0 Redis repository interfaces.
2021-09-27 20:05:45.948 [main] INFO  o.springframework.cloud.context.scope.GenericScope - BeanFactory id=17d2ab62-97c5-3d54-8674-0b2c0f569084
2021-09-27 20:05:46.873 [main] INFO  com.zaxxer.hikari.HikariDataSource - HikariPool-1 - Starting...
2021-09-27 20:05:48.220 [main] INFO  com.zaxxer.hikari.HikariDataSource - HikariPool-1 - Start completed.
2021-09-27 20:05:49.625 [main] INFO  s.d.s.w.PropertySourcedRequestMappingHandlerMapping - Mapped URL path [/v2/api-docs] onto method [springfox.documentation.swagger2.web.Swagger2Controller#getDocumentation(String, HttpServletRequest)]
2021-09-27 20:05:52.072 [main] INFO  s.d.s.web.plugins.DocumentationPluginsBootstrapper - Context refreshed
2021-09-27 20:05:52.099 [main] INFO  s.d.s.web.plugins.DocumentationPluginsBootstrapper - Found 1 custom documentation plugin(s)
2021-09-27 20:05:52.132 [main] INFO  s.d.spring.web.scanners.ApiListingReferenceScanner - Scanning for api listing references
2021-09-27 20:05:52.352 [main] INFO  c.a.shangyitong.service.AspectTestService1Test - Started AspectTestService1Test in 9.19 seconds (JVM running for 11.031)
2021-09-27 20:05:52.646 [main] INFO  com.atguigu.shangyitong.service.AspectTestService1 - this is AspectTestService1 insert()
2021-09-27 20:05:52.651 [main] INFO  com.atguigu.shangyitong.service.AspectTestService2 - this is AspectTestService2 insert()
2021-09-27 20:05:52.654 [main] INFO  com.atguigu.shangyitong.service.AspectTestService3 - this is AspectTestService3 insert()
2021-09-27 20:05:52.702 [SpringApplicationShutdownHook] INFO  com.zaxxer.hikari.HikariDataSource - HikariPool-1 - Shutdown initiated...
2021-09-27 20:05:52.715 [SpringApplicationShutdownHook] INFO  com.zaxxer.hikari.HikariDataSource - HikariPool-1 - Shutdown completed.
2021-09-27 20:09:44.259 [main] INFO  c.a.shangyitong.service.AspectTestService1Test - Starting AspectTestService1Test using Java 1.8.0_261 on DESKTOP-18736GT with PID 856 (started by asus in F:\shangyitong\service\service-hosp)
2021-09-27 20:09:44.261 [main] INFO  c.a.shangyitong.service.AspectTestService1Test - The following profiles are active: dev
2021-09-27 20:09:45.410 [main] INFO  o.s.d.r.config.RepositoryConfigurationDelegate - Multiple Spring Data modules found, entering strict repository configuration mode!
2021-09-27 20:09:45.413 [main] INFO  o.s.d.r.config.RepositoryConfigurationDelegate - Bootstrapping Spring Data Redis repositories in DEFAULT mode.
2021-09-27 20:09:45.446 [main] INFO  o.s.d.r.config.RepositoryConfigurationDelegate - Finished Spring Data repository scanning in 13 ms. Found 0 Redis repository interfaces.
2021-09-27 20:09:45.789 [main] INFO  o.springframework.cloud.context.scope.GenericScope - BeanFactory id=17d2ab62-97c5-3d54-8674-0b2c0f569084
2021-09-27 20:09:46.683 [main] INFO  com.zaxxer.hikari.HikariDataSource - HikariPool-1 - Starting...
2021-09-27 20:09:48.004 [main] INFO  com.zaxxer.hikari.HikariDataSource - HikariPool-1 - Start completed.
2021-09-27 20:09:49.395 [main] INFO  s.d.s.w.PropertySourcedRequestMappingHandlerMapping - Mapped URL path [/v2/api-docs] onto method [springfox.documentation.swagger2.web.Swagger2Controller#getDocumentation(String, HttpServletRequest)]
2021-09-27 20:09:51.843 [main] INFO  s.d.s.web.plugins.DocumentationPluginsBootstrapper - Context refreshed
2021-09-27 20:09:51.871 [main] INFO  s.d.s.web.plugins.DocumentationPluginsBootstrapper - Found 1 custom documentation plugin(s)
2021-09-27 20:09:51.906 [main] INFO  s.d.spring.web.scanners.ApiListingReferenceScanner - Scanning for api listing references
2021-09-27 20:09:52.146 [main] INFO  c.a.shangyitong.service.AspectTestService1Test - Started AspectTestService1Test in 9.242 seconds (JVM running for 10.701)
2021-09-27 20:09:52.562 [main] INFO  com.atguigu.shangyitong.aspect.CheckUserAspect - -----------前置通知----------
2021-09-27 20:09:52.572 [main] INFO  com.atguigu.shangyitong.service.AspectTestService1 - this is AspectTestService1 insert()
2021-09-27 20:09:52.573 [main] INFO  com.atguigu.shangyitong.aspect.CheckUserAspect - -----------前置通知----------
2021-09-27 20:09:52.578 [main] INFO  com.atguigu.shangyitong.service.AspectTestService2 - this is AspectTestService2 insert()
2021-09-27 20:09:52.579 [main] INFO  com.atguigu.shangyitong.aspect.CheckUserAspect - -----------前置通知----------
2021-09-27 20:09:52.586 [main] INFO  com.atguigu.shangyitong.service.AspectTestService3 - this is AspectTestService3 insert()
2021-09-27 20:09:52.663 [SpringApplicationShutdownHook] INFO  com.zaxxer.hikari.HikariDataSource - HikariPool-1 - Shutdown initiated...
2021-09-27 20:09:52.675 [SpringApplicationShutdownHook] INFO  com.zaxxer.hikari.HikariDataSource - HikariPool-1 - Shutdown completed.
2021-09-27 20:12:59.671 [main] INFO  c.a.shangyitong.service.AspectTestService1Test - Starting AspectTestService1Test using Java 1.8.0_261 on DESKTOP-18736GT with PID 1120 (started by asus in F:\shangyitong\service\service-hosp)
2021-09-27 20:12:59.673 [main] INFO  c.a.shangyitong.service.AspectTestService1Test - The following profiles are active: dev
2021-09-27 20:13:00.880 [main] INFO  o.s.d.r.config.RepositoryConfigurationDelegate - Multiple Spring Data modules found, entering strict repository configuration mode!
2021-09-27 20:13:00.884 [main] INFO  o.s.d.r.config.RepositoryConfigurationDelegate - Bootstrapping Spring Data Redis repositories in DEFAULT mode.
2021-09-27 20:13:00.908 [main] INFO  o.s.d.r.config.RepositoryConfigurationDelegate - Finished Spring Data repository scanning in 9 ms. Found 0 Redis repository interfaces.
2021-09-27 20:13:01.207 [main] INFO  o.springframework.cloud.context.scope.GenericScope - BeanFactory id=17d2ab62-97c5-3d54-8674-0b2c0f569084
2021-09-27 20:13:02.120 [main] INFO  com.zaxxer.hikari.HikariDataSource - HikariPool-1 - Starting...
2021-09-27 20:13:03.460 [main] INFO  com.zaxxer.hikari.HikariDataSource - HikariPool-1 - Start completed.
2021-09-27 20:13:04.830 [main] INFO  s.d.s.w.PropertySourcedRequestMappingHandlerMapping - Mapped URL path [/v2/api-docs] onto method [springfox.documentation.swagger2.web.Swagger2Controller#getDocumentation(String, HttpServletRequest)]
2021-09-27 20:13:07.324 [main] INFO  s.d.s.web.plugins.DocumentationPluginsBootstrapper - Context refreshed
2021-09-27 20:13:07.353 [main] INFO  s.d.s.web.plugins.DocumentationPluginsBootstrapper - Found 1 custom documentation plugin(s)
2021-09-27 20:13:07.388 [main] INFO  s.d.spring.web.scanners.ApiListingReferenceScanner - Scanning for api listing references
2021-09-27 20:13:07.634 [main] INFO  c.a.shangyitong.service.AspectTestService1Test - Started AspectTestService1Test in 9.287 seconds (JVM running for 10.773)
2021-09-27 20:13:07.898 [main] INFO  com.atguigu.shangyitong.aspect.CheckUserAspect - -----------前置通知----------execution(void com.atguigu.shangyitong.service.AspectTestService1.insert())
2021-09-27 20:13:07.906 [main] INFO  com.atguigu.shangyitong.service.AspectTestService1 - this is AspectTestService1 insert()
2021-09-27 20:13:07.907 [main] INFO  com.atguigu.shangyitong.aspect.CheckUserAspect - -----------前置通知----------execution(void com.atguigu.shangyitong.service.AspectTestService2.insert())
2021-09-27 20:13:07.910 [main] INFO  com.atguigu.shangyitong.service.AspectTestService2 - this is AspectTestService2 insert()
2021-09-27 20:13:07.911 [main] INFO  com.atguigu.shangyitong.aspect.CheckUserAspect - -----------前置通知----------execution(void com.atguigu.shangyitong.service.AspectTestService3.insert())
2021-09-27 20:13:07.914 [main] INFO  com.atguigu.shangyitong.service.AspectTestService3 - this is AspectTestService3 insert()
2021-09-27 20:13:07.957 [SpringApplicationShutdownHook] INFO  com.zaxxer.hikari.HikariDataSource - HikariPool-1 - Shutdown initiated...
2021-09-27 20:13:07.968 [SpringApplicationShutdownHook] INFO  com.zaxxer.hikari.HikariDataSource - HikariPool-1 - Shutdown completed.
2021-09-27 20:16:02.968 [main] INFO  c.a.shangyitong.service.AspectTestService1Test - Starting AspectTestService1Test using Java 1.8.0_261 on DESKTOP-18736GT with PID 12556 (started by asus in F:\shangyitong\service\service-hosp)
2021-09-27 20:16:02.970 [main] INFO  c.a.shangyitong.service.AspectTestService1Test - The following profiles are active: dev
2021-09-27 20:16:04.303 [main] INFO  o.s.d.r.config.RepositoryConfigurationDelegate - Multiple Spring Data modules found, entering strict repository configuration mode!
2021-09-27 20:16:04.307 [main] INFO  o.s.d.r.config.RepositoryConfigurationDelegate - Bootstrapping Spring Data Redis repositories in DEFAULT mode.
2021-09-27 20:16:04.334 [main] INFO  o.s.d.r.config.RepositoryConfigurationDelegate - Finished Spring Data repository scanning in 10 ms. Found 0 Redis repository interfaces.
2021-09-27 20:16:04.657 [main] INFO  o.springframework.cloud.context.scope.GenericScope - BeanFactory id=17d2ab62-97c5-3d54-8674-0b2c0f569084
2021-09-27 20:16:05.686 [main] INFO  com.zaxxer.hikari.HikariDataSource - HikariPool-1 - Starting...
2021-09-27 20:16:07.096 [main] INFO  com.zaxxer.hikari.HikariDataSource - HikariPool-1 - Start completed.
2021-09-27 20:16:08.754 [main] INFO  s.d.s.w.PropertySourcedRequestMappingHandlerMapping - Mapped URL path [/v2/api-docs] onto method [springfox.documentation.swagger2.web.Swagger2Controller#getDocumentation(String, HttpServletRequest)]
2021-09-27 20:16:11.702 [main] INFO  s.d.s.web.plugins.DocumentationPluginsBootstrapper - Context refreshed
2021-09-27 20:16:11.732 [main] INFO  s.d.s.web.plugins.DocumentationPluginsBootstrapper - Found 1 custom documentation plugin(s)
2021-09-27 20:16:11.779 [main] INFO  s.d.spring.web.scanners.ApiListingReferenceScanner - Scanning for api listing references
2021-09-27 20:16:12.045 [main] INFO  c.a.shangyitong.service.AspectTestService1Test - Started AspectTestService1Test in 10.618 seconds (JVM running for 12.735)
2021-09-27 20:16:12.344 [main] INFO  com.atguigu.shangyitong.aspect.CheckUserAspect - -----------前置通知----------execution(void com.atguigu.shangyitong.service.AspectTestService1.insert())
2021-09-27 20:16:12.351 [main] INFO  com.atguigu.shangyitong.service.AspectTestService1 - this is AspectTestService1 insert()
2021-09-27 20:16:12.352 [main] INFO  com.atguigu.shangyitong.aspect.CheckUserAspect - -----------前置通知----------execution(void com.atguigu.shangyitong.service.AspectTestService2.insert())
2021-09-27 20:16:12.359 [main] INFO  com.atguigu.shangyitong.service.AspectTestService2 - this is AspectTestService2 insert()
2021-09-27 20:16:12.360 [main] INFO  com.atguigu.shangyitong.aspect.CheckUserAspect - -----------前置通知----------execution(void com.atguigu.shangyitong.service.AspectTestService3.insert())
2021-09-27 20:16:12.364 [main] INFO  com.atguigu.shangyitong.service.AspectTestService3 - this is AspectTestService3 insert()
2021-09-27 20:16:12.365 [main] INFO  com.atguigu.shangyitong.aspect.CheckUserAspect - -----------前置通知----------execution(void com.atguigu.shangyitong.service.AspectTestService1.update())
2021-09-27 20:16:12.366 [main] INFO  com.atguigu.shangyitong.service.AspectTestService1 - this is AspectTestService1 update()
2021-09-27 20:16:12.366 [main] INFO  com.atguigu.shangyitong.aspect.CheckUserAspect - -----------前置通知----------execution(void com.atguigu.shangyitong.service.AspectTestService2.update())
2021-09-27 20:16:12.366 [main] INFO  com.atguigu.shangyitong.service.AspectTestService2 - this is AspectTestService2 update()
2021-09-27 20:16:12.367 [main] INFO  com.atguigu.shangyitong.aspect.CheckUserAspect - -----------前置通知----------execution(void com.atguigu.shangyitong.service.AspectTestService3.update())
2021-09-27 20:16:12.367 [main] INFO  com.atguigu.shangyitong.service.AspectTestService3 - this is AspectTestService3 update()
2021-09-27 20:16:12.367 [main] INFO  com.atguigu.shangyitong.aspect.CheckUserAspect - -----------前置通知----------execution(void com.atguigu.shangyitong.service.AspectTestService1.delete())
2021-09-27 20:16:12.367 [main] INFO  com.atguigu.shangyitong.service.AspectTestService1 - this is AspectTestService1 delete()
2021-09-27 20:16:12.368 [main] INFO  com.atguigu.shangyitong.aspect.CheckUserAspect - -----------前置通知----------execution(void com.atguigu.shangyitong.service.AspectTestService2.delete())
2021-09-27 20:16:12.368 [main] INFO  com.atguigu.shangyitong.service.AspectTestService2 - this is AspectTestService2 delete()
2021-09-27 20:16:12.368 [main] INFO  com.atguigu.shangyitong.aspect.CheckUserAspect - -----------前置通知----------execution(void com.atguigu.shangyitong.service.AspectTestService3.delete())
2021-09-27 20:16:12.369 [main] INFO  com.atguigu.shangyitong.service.AspectTestService3 - this is AspectTestService3 delete()
2021-09-27 20:16:12.370 [main] INFO  com.atguigu.shangyitong.aspect.CheckUserAspect - -----------前置通知----------execution(void com.atguigu.shangyitong.service.AspectTestService1.find())
2021-09-27 20:16:12.373 [main] INFO  com.atguigu.shangyitong.service.AspectTestService1 - this is AspectTestService1 find()
2021-09-27 20:16:12.373 [main] INFO  com.atguigu.shangyitong.aspect.CheckUserAspect - -----------前置通知----------execution(void com.atguigu.shangyitong.service.AspectTestService2.find())
2021-09-27 20:16:12.374 [main] INFO  com.atguigu.shangyitong.service.AspectTestService2 - this is AspectTestService2 find()
2021-09-27 20:16:12.374 [main] INFO  com.atguigu.shangyitong.aspect.CheckUserAspect - -----------前置通知----------execution(void com.atguigu.shangyitong.service.AspectTestService3.find())
2021-09-27 20:16:12.375 [main] INFO  com.atguigu.shangyitong.service.AspectTestService3 - this is AspectTestService3 find()
2021-09-27 20:16:12.423 [SpringApplicationShutdownHook] INFO  com.zaxxer.hikari.HikariDataSource - HikariPool-1 - Shutdown initiated...
2021-09-27 20:16:12.436 [SpringApplicationShutdownHook] INFO  com.zaxxer.hikari.HikariDataSource - HikariPool-1 - Shutdown completed.
2021-09-27 20:18:24.636 [main] INFO  c.a.shangyitong.service.AspectTestService1Test - Starting AspectTestService1Test using Java 1.8.0_261 on DESKTOP-18736GT with PID 15308 (started by asus in F:\shangyitong\service\service-hosp)
2021-09-27 20:18:24.638 [main] INFO  c.a.shangyitong.service.AspectTestService1Test - The following profiles are active: dev
2021-09-27 20:18:25.826 [main] INFO  o.s.d.r.config.RepositoryConfigurationDelegate - Multiple Spring Data modules found, entering strict repository configuration mode!
2021-09-27 20:18:25.831 [main] INFO  o.s.d.r.config.RepositoryConfigurationDelegate - Bootstrapping Spring Data Redis repositories in DEFAULT mode.
2021-09-27 20:18:25.861 [main] INFO  o.s.d.r.config.RepositoryConfigurationDelegate - Finished Spring Data repository scanning in 11 ms. Found 0 Redis repository interfaces.
2021-09-27 20:18:26.189 [main] INFO  o.springframework.cloud.context.scope.GenericScope - BeanFactory id=17d2ab62-97c5-3d54-8674-0b2c0f569084
2021-09-27 20:18:27.041 [main] INFO  com.zaxxer.hikari.HikariDataSource - HikariPool-1 - Starting...
2021-09-27 20:18:28.347 [main] INFO  com.zaxxer.hikari.HikariDataSource - HikariPool-1 - Start completed.
2021-09-27 20:18:29.596 [main] INFO  s.d.s.w.PropertySourcedRequestMappingHandlerMapping - Mapped URL path [/v2/api-docs] onto method [springfox.documentation.swagger2.web.Swagger2Controller#getDocumentation(String, HttpServletRequest)]
2021-09-27 20:18:31.937 [main] INFO  s.d.s.web.plugins.DocumentationPluginsBootstrapper - Context refreshed
2021-09-27 20:18:31.961 [main] INFO  s.d.s.web.plugins.DocumentationPluginsBootstrapper - Found 1 custom documentation plugin(s)
2021-09-27 20:18:31.994 [main] INFO  s.d.spring.web.scanners.ApiListingReferenceScanner - Scanning for api listing references
2021-09-27 20:18:32.212 [main] INFO  c.a.shangyitong.service.AspectTestService1Test - Started AspectTestService1Test in 8.943 seconds (JVM running for 10.373)
2021-09-27 20:18:32.502 [main] INFO  com.atguigu.shangyitong.aspect.CheckUserAspect - -----------前置通知----------execution(void com.atguigu.shangyitong.service.AspectTestService1.insert())
2021-09-27 20:18:32.510 [main] INFO  com.atguigu.shangyitong.service.AspectTestService1 - this is AspectTestService1 insert()
2021-09-27 20:18:32.511 [main] INFO  com.atguigu.shangyitong.service.AspectTestService2 - this is AspectTestService2 insert()
2021-09-27 20:18:32.511 [main] INFO  com.atguigu.shangyitong.service.AspectTestService3 - this is AspectTestService3 insert()
2021-09-27 20:18:32.512 [main] INFO  com.atguigu.shangyitong.aspect.CheckUserAspect - -----------前置通知----------execution(void com.atguigu.shangyitong.service.AspectTestService1.update())
2021-09-27 20:18:32.512 [main] INFO  com.atguigu.shangyitong.service.AspectTestService1 - this is AspectTestService1 update()
2021-09-27 20:18:32.512 [main] INFO  com.atguigu.shangyitong.service.AspectTestService2 - this is AspectTestService2 update()
2021-09-27 20:18:32.513 [main] INFO  com.atguigu.shangyitong.service.AspectTestService3 - this is AspectTestService3 update()
2021-09-27 20:18:32.513 [main] INFO  com.atguigu.shangyitong.aspect.CheckUserAspect - -----------前置通知----------execution(void com.atguigu.shangyitong.service.AspectTestService1.delete())
2021-09-27 20:18:32.513 [main] INFO  com.atguigu.shangyitong.service.AspectTestService1 - this is AspectTestService1 delete()
2021-09-27 20:18:32.513 [main] INFO  com.atguigu.shangyitong.service.AspectTestService2 - this is AspectTestService2 delete()
2021-09-27 20:18:32.514 [main] INFO  com.atguigu.shangyitong.service.AspectTestService3 - this is AspectTestService3 delete()
2021-09-27 20:18:32.514 [main] INFO  com.atguigu.shangyitong.aspect.CheckUserAspect - -----------前置通知----------execution(void com.atguigu.shangyitong.service.AspectTestService1.find())
2021-09-27 20:18:32.514 [main] INFO  com.atguigu.shangyitong.service.AspectTestService1 - this is AspectTestService1 find()
2021-09-27 20:18:32.514 [main] INFO  com.atguigu.shangyitong.service.AspectTestService2 - this is AspectTestService2 find()
2021-09-27 20:18:32.515 [main] INFO  com.atguigu.shangyitong.service.AspectTestService3 - this is AspectTestService3 find()
2021-09-27 20:18:32.562 [SpringApplicationShutdownHook] INFO  com.zaxxer.hikari.HikariDataSource - HikariPool-1 - Shutdown initiated...
2021-09-27 20:18:32.577 [SpringApplicationShutdownHook] INFO  com.zaxxer.hikari.HikariDataSource - HikariPool-1 - Shutdown completed.
2021-09-27 20:20:28.287 [main] INFO  c.a.shangyitong.service.AspectTestService1Test - Starting AspectTestService1Test using Java 1.8.0_261 on DESKTOP-18736GT with PID 16424 (started by asus in F:\shangyitong\service\service-hosp)
2021-09-27 20:20:28.290 [main] INFO  c.a.shangyitong.service.AspectTestService1Test - The following profiles are active: dev
2021-09-27 20:20:29.822 [main] INFO  o.s.d.r.config.RepositoryConfigurationDelegate - Multiple Spring Data modules found, entering strict repository configuration mode!
2021-09-27 20:20:29.828 [main] INFO  o.s.d.r.config.RepositoryConfigurationDelegate - Bootstrapping Spring Data Redis repositories in DEFAULT mode.
2021-09-27 20:20:29.862 [main] INFO  o.s.d.r.config.RepositoryConfigurationDelegate - Finished Spring Data repository scanning in 14 ms. Found 0 Redis repository interfaces.
2021-09-27 20:20:30.202 [main] INFO  o.springframework.cloud.context.scope.GenericScope - BeanFactory id=17d2ab62-97c5-3d54-8674-0b2c0f569084
2021-09-27 20:20:31.472 [main] INFO  com.zaxxer.hikari.HikariDataSource - HikariPool-1 - Starting...
2021-09-27 20:20:33.064 [main] INFO  com.zaxxer.hikari.HikariDataSource - HikariPool-1 - Start completed.
2021-09-27 20:20:34.868 [main] INFO  s.d.s.w.PropertySourcedRequestMappingHandlerMapping - Mapped URL path [/v2/api-docs] onto method [springfox.documentation.swagger2.web.Swagger2Controller#getDocumentation(String, HttpServletRequest)]
2021-09-27 20:20:37.860 [main] INFO  s.d.s.web.plugins.DocumentationPluginsBootstrapper - Context refreshed
2021-09-27 20:20:37.904 [main] INFO  s.d.s.web.plugins.DocumentationPluginsBootstrapper - Found 1 custom documentation plugin(s)
2021-09-27 20:20:37.944 [main] INFO  s.d.spring.web.scanners.ApiListingReferenceScanner - Scanning for api listing references
2021-09-27 20:20:38.173 [main] INFO  c.a.shangyitong.service.AspectTestService1Test - Started AspectTestService1Test in 11.429 seconds (JVM running for 13.28)
2021-09-27 20:20:38.514 [main] INFO  com.atguigu.shangyitong.aspect.CheckUserAspect - -----------前置通知----------execution(void com.atguigu.shangyitong.service.AspectTestService1.insert())
2021-09-27 20:20:38.519 [main] INFO  com.atguigu.shangyitong.service.AspectTestService1 - this is AspectTestService1 insert()
2021-09-27 20:20:38.520 [main] INFO  com.atguigu.shangyitong.service.AspectTestService2 - this is AspectTestService2 insert()
2021-09-27 20:20:38.520 [main] INFO  com.atguigu.shangyitong.service.AspectTestService3 - this is AspectTestService3 insert()
2021-09-27 20:20:38.521 [main] INFO  com.atguigu.shangyitong.aspect.CheckUserAspect - -----------前置通知----------execution(void com.atguigu.shangyitong.service.AspectTestService1.update())
2021-09-27 20:20:38.521 [main] INFO  com.atguigu.shangyitong.service.AspectTestService1 - this is AspectTestService1 update()
2021-09-27 20:20:38.521 [main] INFO  com.atguigu.shangyitong.service.AspectTestService2 - this is AspectTestService2 update()
2021-09-27 20:20:38.522 [main] INFO  com.atguigu.shangyitong.service.AspectTestService3 - this is AspectTestService3 update()
2021-09-27 20:20:38.522 [main] INFO  com.atguigu.shangyitong.aspect.CheckUserAspect - -----------前置通知----------execution(void com.atguigu.shangyitong.service.AspectTestService1.delete())
2021-09-27 20:20:38.522 [main] INFO  com.atguigu.shangyitong.service.AspectTestService1 - this is AspectTestService1 delete()
2021-09-27 20:20:38.523 [main] INFO  com.atguigu.shangyitong.service.AspectTestService2 - this is AspectTestService2 delete()
2021-09-27 20:20:38.526 [main] INFO  com.atguigu.shangyitong.service.AspectTestService3 - this is AspectTestService3 delete()
2021-09-27 20:20:38.527 [main] INFO  com.atguigu.shangyitong.aspect.CheckUserAspect - -----------前置通知----------execution(void com.atguigu.shangyitong.service.AspectTestService1.find())
2021-09-27 20:20:38.528 [main] INFO  com.atguigu.shangyitong.service.AspectTestService1 - this is AspectTestService1 find()
2021-09-27 20:20:38.528 [main] INFO  com.atguigu.shangyitong.service.AspectTestService2 - this is AspectTestService2 find()
2021-09-27 20:20:38.528 [main] INFO  com.atguigu.shangyitong.service.AspectTestService3 - this is AspectTestService3 find()
2021-09-27 20:20:38.585 [SpringApplicationShutdownHook] INFO  com.zaxxer.hikari.HikariDataSource - HikariPool-1 - Shutdown initiated...
2021-09-27 20:20:38.605 [SpringApplicationShutdownHook] INFO  com.zaxxer.hikari.HikariDataSource - HikariPool-1 - Shutdown completed.
2021-09-27 20:20:57.579 [main] INFO  c.a.shangyitong.service.AspectTestService1Test - Starting AspectTestService1Test using Java 1.8.0_261 on DESKTOP-18736GT with PID 13644 (started by asus in F:\shangyitong\service\service-hosp)
2021-09-27 20:20:57.581 [main] INFO  c.a.shangyitong.service.AspectTestService1Test - The following profiles are active: dev
2021-09-27 20:20:59.219 [main] INFO  o.s.d.r.config.RepositoryConfigurationDelegate - Multiple Spring Data modules found, entering strict repository configuration mode!
2021-09-27 20:20:59.224 [main] INFO  o.s.d.r.config.RepositoryConfigurationDelegate - Bootstrapping Spring Data Redis repositories in DEFAULT mode.
2021-09-27 20:20:59.269 [main] INFO  o.s.d.r.config.RepositoryConfigurationDelegate - Finished Spring Data repository scanning in 15 ms. Found 0 Redis repository interfaces.
2021-09-27 20:20:59.612 [main] INFO  o.springframework.cloud.context.scope.GenericScope - BeanFactory id=17d2ab62-97c5-3d54-8674-0b2c0f569084
2021-09-27 20:21:00.867 [main] INFO  com.zaxxer.hikari.HikariDataSource - HikariPool-1 - Starting...
2021-09-27 20:21:02.342 [main] INFO  com.zaxxer.hikari.HikariDataSource - HikariPool-1 - Start completed.
2021-09-27 20:21:04.553 [main] INFO  s.d.s.w.PropertySourcedRequestMappingHandlerMapping - Mapped URL path [/v2/api-docs] onto method [springfox.documentation.swagger2.web.Swagger2Controller#getDocumentation(String, HttpServletRequest)]
2021-09-27 20:21:08.785 [main] INFO  s.d.s.web.plugins.DocumentationPluginsBootstrapper - Context refreshed
2021-09-27 20:21:08.825 [main] INFO  s.d.s.web.plugins.DocumentationPluginsBootstrapper - Found 1 custom documentation plugin(s)
2021-09-27 20:21:08.876 [main] INFO  s.d.spring.web.scanners.ApiListingReferenceScanner - Scanning for api listing references
2021-09-27 20:21:09.177 [main] INFO  c.a.shangyitong.service.AspectTestService1Test - Started AspectTestService1Test in 13.209 seconds (JVM running for 15.29)
2021-09-27 20:21:09.550 [main] INFO  com.atguigu.shangyitong.aspect.CheckUserAspect - -----------前置通知----------execution(void com.atguigu.shangyitong.service.AspectTestService1.insert())
2021-09-27 20:21:09.556 [main] INFO  com.atguigu.shangyitong.service.AspectTestService1 - this is AspectTestService1 insert()
2021-09-27 20:21:09.556 [main] INFO  com.atguigu.shangyitong.aspect.CheckUserAspect - -----------前置通知----------execution(void com.atguigu.shangyitong.service.AspectTestService2.insert())
2021-09-27 20:21:09.563 [main] INFO  com.atguigu.shangyitong.service.AspectTestService2 - this is AspectTestService2 insert()
2021-09-27 20:21:09.564 [main] INFO  com.atguigu.shangyitong.aspect.CheckUserAspect - -----------前置通知----------execution(void com.atguigu.shangyitong.service.AspectTestService3.insert())
2021-09-27 20:21:09.567 [main] INFO  com.atguigu.shangyitong.service.AspectTestService3 - this is AspectTestService3 insert()
2021-09-27 20:21:09.568 [main] INFO  com.atguigu.shangyitong.aspect.CheckUserAspect - -----------前置通知----------execution(void com.atguigu.shangyitong.service.AspectTestService1.update())
2021-09-27 20:21:09.569 [main] INFO  com.atguigu.shangyitong.service.AspectTestService1 - this is AspectTestService1 update()
2021-09-27 20:21:09.569 [main] INFO  com.atguigu.shangyitong.aspect.CheckUserAspect - -----------前置通知----------execution(void com.atguigu.shangyitong.service.AspectTestService2.update())
2021-09-27 20:21:09.570 [main] INFO  com.atguigu.shangyitong.service.AspectTestService2 - this is AspectTestService2 update()
2021-09-27 20:21:09.570 [main] INFO  com.atguigu.shangyitong.aspect.CheckUserAspect - -----------前置通知----------execution(void com.atguigu.shangyitong.service.AspectTestService3.update())
2021-09-27 20:21:09.571 [main] INFO  com.atguigu.shangyitong.service.AspectTestService3 - this is AspectTestService3 update()
2021-09-27 20:21:09.571 [main] INFO  com.atguigu.shangyitong.aspect.CheckUserAspect - -----------前置通知----------execution(void com.atguigu.shangyitong.service.AspectTestService1.delete())
2021-09-27 20:21:09.571 [main] INFO  com.atguigu.shangyitong.service.AspectTestService1 - this is AspectTestService1 delete()
2021-09-27 20:21:09.571 [main] INFO  com.atguigu.shangyitong.aspect.CheckUserAspect - -----------前置通知----------execution(void com.atguigu.shangyitong.service.AspectTestService2.delete())
2021-09-27 20:21:09.572 [main] INFO  com.atguigu.shangyitong.service.AspectTestService2 - this is AspectTestService2 delete()
2021-09-27 20:21:09.572 [main] INFO  com.atguigu.shangyitong.aspect.CheckUserAspect - -----------前置通知----------execution(void com.atguigu.shangyitong.service.AspectTestService3.delete())
2021-09-27 20:21:09.572 [main] INFO  com.atguigu.shangyitong.service.AspectTestService3 - this is AspectTestService3 delete()
2021-09-27 20:21:09.572 [main] INFO  com.atguigu.shangyitong.aspect.CheckUserAspect - -----------前置通知----------execution(void com.atguigu.shangyitong.service.AspectTestService1.find())
2021-09-27 20:21:09.573 [main] INFO  com.atguigu.shangyitong.service.AspectTestService1 - this is AspectTestService1 find()
2021-09-27 20:21:09.573 [main] INFO  com.atguigu.shangyitong.aspect.CheckUserAspect - -----------前置通知----------execution(void com.atguigu.shangyitong.service.AspectTestService2.find())
2021-09-27 20:21:09.574 [main] INFO  com.atguigu.shangyitong.service.AspectTestService2 - this is AspectTestService2 find()
2021-09-27 20:21:09.574 [main] INFO  com.atguigu.shangyitong.aspect.CheckUserAspect - -----------前置通知----------execution(void com.atguigu.shangyitong.service.AspectTestService3.find())
2021-09-27 20:21:09.574 [main] INFO  com.atguigu.shangyitong.service.AspectTestService3 - this is AspectTestService3 find()
2021-09-27 20:21:09.626 [SpringApplicationShutdownHook] INFO  com.zaxxer.hikari.HikariDataSource - HikariPool-1 - Shutdown initiated...
2021-09-27 20:21:09.641 [SpringApplicationShutdownHook] INFO  com.zaxxer.hikari.HikariDataSource - HikariPool-1 - Shutdown completed.
2021-09-27 20:21:36.648 [main] INFO  c.a.shangyitong.service.AspectTestService1Test - Starting AspectTestService1Test using Java 1.8.0_261 on DESKTOP-18736GT with PID 12176 (started by asus in F:\shangyitong\service\service-hosp)
2021-09-27 20:21:36.651 [main] INFO  c.a.shangyitong.service.AspectTestService1Test - The following profiles are active: dev
2021-09-27 20:21:38.820 [main] INFO  o.s.d.r.config.RepositoryConfigurationDelegate - Multiple Spring Data modules found, entering strict repository configuration mode!
2021-09-27 20:21:38.825 [main] INFO  o.s.d.r.config.RepositoryConfigurationDelegate - Bootstrapping Spring Data Redis repositories in DEFAULT mode.
2021-09-27 20:21:38.874 [main] INFO  o.s.d.r.config.RepositoryConfigurationDelegate - Finished Spring Data repository scanning in 16 ms. Found 0 Redis repository interfaces.
2021-09-27 20:21:39.460 [main] INFO  o.springframework.cloud.context.scope.GenericScope - BeanFactory id=17d2ab62-97c5-3d54-8674-0b2c0f569084
2021-09-27 20:21:41.259 [main] INFO  com.zaxxer.hikari.HikariDataSource - HikariPool-1 - Starting...
2021-09-27 20:21:43.285 [main] INFO  com.zaxxer.hikari.HikariDataSource - HikariPool-1 - Start completed.
2021-09-27 20:21:46.415 [main] INFO  s.d.s.w.PropertySourcedRequestMappingHandlerMapping - Mapped URL path [/v2/api-docs] onto method [springfox.documentation.swagger2.web.Swagger2Controller#getDocumentation(String, HttpServletRequest)]
2021-09-27 20:21:50.400 [main] INFO  s.d.s.web.plugins.DocumentationPluginsBootstrapper - Context refreshed
2021-09-27 20:21:50.507 [main] INFO  s.d.s.web.plugins.DocumentationPluginsBootstrapper - Found 1 custom documentation plugin(s)
2021-09-27 20:21:50.567 [main] INFO  s.d.spring.web.scanners.ApiListingReferenceScanner - Scanning for api listing references
2021-09-27 20:21:50.852 [main] INFO  c.a.shangyitong.service.AspectTestService1Test - Started AspectTestService1Test in 15.652 seconds (JVM running for 17.605)
2021-09-27 20:21:51.175 [main] INFO  com.atguigu.shangyitong.aspect.CheckUserAspect - -----------前置通知----------execution(void com.atguigu.shangyitong.service.AspectTestService1.insert())
2021-09-27 20:21:51.181 [main] INFO  com.atguigu.shangyitong.service.AspectTestService1 - this is AspectTestService1 insert()
2021-09-27 20:21:51.182 [main] INFO  com.atguigu.shangyitong.aspect.CheckUserAspect - -----------后置通知----------execution(void com.atguigu.shangyitong.service.AspectTestService1.insert())
2021-09-27 20:21:51.182 [main] INFO  com.atguigu.shangyitong.aspect.CheckUserAspect - -----------前置通知----------execution(void com.atguigu.shangyitong.service.AspectTestService2.insert())
2021-09-27 20:21:51.188 [main] INFO  com.atguigu.shangyitong.service.AspectTestService2 - this is AspectTestService2 insert()
2021-09-27 20:21:51.189 [main] INFO  com.atguigu.shangyitong.aspect.CheckUserAspect - -----------后置通知----------execution(void com.atguigu.shangyitong.service.AspectTestService2.insert())
2021-09-27 20:21:51.190 [main] INFO  com.atguigu.shangyitong.aspect.CheckUserAspect - -----------前置通知----------execution(void com.atguigu.shangyitong.service.AspectTestService3.insert())
2021-09-27 20:21:51.194 [main] INFO  com.atguigu.shangyitong.service.AspectTestService3 - this is AspectTestService3 insert()
2021-09-27 20:21:51.195 [main] INFO  com.atguigu.shangyitong.aspect.CheckUserAspect - -----------后置通知----------execution(void com.atguigu.shangyitong.service.AspectTestService3.insert())
2021-09-27 20:21:51.195 [main] INFO  com.atguigu.shangyitong.aspect.CheckUserAspect - -----------前置通知----------execution(void com.atguigu.shangyitong.service.AspectTestService1.update())
2021-09-27 20:21:51.195 [main] INFO  com.atguigu.shangyitong.service.AspectTestService1 - this is AspectTestService1 update()
2021-09-27 20:21:51.196 [main] INFO  com.atguigu.shangyitong.aspect.CheckUserAspect - -----------后置通知----------execution(void com.atguigu.shangyitong.service.AspectTestService1.update())
2021-09-27 20:21:51.196 [main] INFO  com.atguigu.shangyitong.aspect.CheckUserAspect - -----------前置通知----------execution(void com.atguigu.shangyitong.service.AspectTestService2.update())
2021-09-27 20:21:51.197 [main] INFO  com.atguigu.shangyitong.service.AspectTestService2 - this is AspectTestService2 update()
2021-09-27 20:21:51.197 [main] INFO  com.atguigu.shangyitong.aspect.CheckUserAspect - -----------后置通知----------execution(void com.atguigu.shangyitong.service.AspectTestService2.update())
2021-09-27 20:21:51.197 [main] INFO  com.atguigu.shangyitong.aspect.CheckUserAspect - -----------前置通知----------execution(void com.atguigu.shangyitong.service.AspectTestService3.update())
2021-09-27 20:21:51.198 [main] INFO  com.atguigu.shangyitong.service.AspectTestService3 - this is AspectTestService3 update()
2021-09-27 20:21:51.198 [main] INFO  com.atguigu.shangyitong.aspect.CheckUserAspect - -----------后置通知----------execution(void com.atguigu.shangyitong.service.AspectTestService3.update())
2021-09-27 20:21:51.198 [main] INFO  com.atguigu.shangyitong.aspect.CheckUserAspect - -----------前置通知----------execution(void com.atguigu.shangyitong.service.AspectTestService1.delete())
2021-09-27 20:21:51.200 [main] INFO  com.atguigu.shangyitong.service.AspectTestService1 - this is AspectTestService1 delete()
2021-09-27 20:21:51.200 [main] INFO  com.atguigu.shangyitong.aspect.CheckUserAspect - -----------后置通知----------execution(void com.atguigu.shangyitong.service.AspectTestService1.delete())
2021-09-27 20:21:51.201 [main] INFO  com.atguigu.shangyitong.aspect.CheckUserAspect - -----------前置通知----------execution(void com.atguigu.shangyitong.service.AspectTestService2.delete())
2021-09-27 20:21:51.202 [main] INFO  com.atguigu.shangyitong.service.AspectTestService2 - this is AspectTestService2 delete()
2021-09-27 20:21:51.203 [main] INFO  com.atguigu.shangyitong.aspect.CheckUserAspect - -----------后置通知----------execution(void com.atguigu.shangyitong.service.AspectTestService2.delete())
2021-09-27 20:21:51.203 [main] INFO  com.atguigu.shangyitong.aspect.CheckUserAspect - -----------前置通知----------execution(void com.atguigu.shangyitong.service.AspectTestService3.delete())
2021-09-27 20:21:51.204 [main] INFO  com.atguigu.shangyitong.service.AspectTestService3 - this is AspectTestService3 delete()
2021-09-27 20:21:51.204 [main] INFO  com.atguigu.shangyitong.aspect.CheckUserAspect - -----------后置通知----------execution(void com.atguigu.shangyitong.service.AspectTestService3.delete())
2021-09-27 20:21:51.204 [main] INFO  com.atguigu.shangyitong.aspect.CheckUserAspect - -----------前置通知----------execution(void com.atguigu.shangyitong.service.AspectTestService1.find())
2021-09-27 20:21:51.204 [main] INFO  com.atguigu.shangyitong.service.AspectTestService1 - this is AspectTestService1 find()
2021-09-27 20:21:51.205 [main] INFO  com.atguigu.shangyitong.aspect.CheckUserAspect - -----------后置通知----------execution(void com.atguigu.shangyitong.service.AspectTestService1.find())
2021-09-27 20:21:51.205 [main] INFO  com.atguigu.shangyitong.aspect.CheckUserAspect - -----------前置通知----------execution(void com.atguigu.shangyitong.service.AspectTestService2.find())
2021-09-27 20:21:51.205 [main] INFO  com.atguigu.shangyitong.service.AspectTestService2 - this is AspectTestService2 find()
2021-09-27 20:21:51.206 [main] INFO  com.atguigu.shangyitong.aspect.CheckUserAspect - -----------后置通知----------execution(void com.atguigu.shangyitong.service.AspectTestService2.find())
2021-09-27 20:21:51.206 [main] INFO  com.atguigu.shangyitong.aspect.CheckUserAspect - -----------前置通知----------execution(void com.atguigu.shangyitong.service.AspectTestService3.find())
2021-09-27 20:21:51.206 [main] INFO  com.atguigu.shangyitong.service.AspectTestService3 - this is AspectTestService3 find()
2021-09-27 20:21:51.206 [main] INFO  com.atguigu.shangyitong.aspect.CheckUserAspect - -----------后置通知----------execution(void com.atguigu.shangyitong.service.AspectTestService3.find())
2021-09-27 20:21:51.255 [SpringApplicationShutdownHook] INFO  com.zaxxer.hikari.HikariDataSource - HikariPool-1 - Shutdown initiated...
2021-09-27 20:21:51.268 [SpringApplicationShutdownHook] INFO  com.zaxxer.hikari.HikariDataSource - HikariPool-1 - Shutdown completed.
2021-09-27 20:23:45.167 [main] INFO  c.a.shangyitong.service.AspectTestService1Test - Starting AspectTestService1Test using Java 1.8.0_261 on DESKTOP-18736GT with PID 7984 (started by asus in F:\shangyitong\service\service-hosp)
2021-09-27 20:23:45.169 [main] INFO  c.a.shangyitong.service.AspectTestService1Test - The following profiles are active: dev
2021-09-27 20:23:46.338 [main] INFO  o.s.d.r.config.RepositoryConfigurationDelegate - Multiple Spring Data modules found, entering strict repository configuration mode!
2021-09-27 20:23:46.343 [main] INFO  o.s.d.r.config.RepositoryConfigurationDelegate - Bootstrapping Spring Data Redis repositories in DEFAULT mode.
2021-09-27 20:23:46.384 [main] INFO  o.s.d.r.config.RepositoryConfigurationDelegate - Finished Spring Data repository scanning in 14 ms. Found 0 Redis repository interfaces.
2021-09-27 20:23:46.699 [main] INFO  o.springframework.cloud.context.scope.GenericScope - BeanFactory id=17d2ab62-97c5-3d54-8674-0b2c0f569084
2021-09-27 20:23:47.612 [main] INFO  com.zaxxer.hikari.HikariDataSource - HikariPool-1 - Starting...
2021-09-27 20:23:48.952 [main] INFO  com.zaxxer.hikari.HikariDataSource - HikariPool-1 - Start completed.
2021-09-27 20:23:50.397 [main] INFO  s.d.s.w.PropertySourcedRequestMappingHandlerMapping - Mapped URL path [/v2/api-docs] onto method [springfox.documentation.swagger2.web.Swagger2Controller#getDocumentation(String, HttpServletRequest)]
2021-09-27 20:23:52.929 [main] INFO  s.d.s.web.plugins.DocumentationPluginsBootstrapper - Context refreshed
2021-09-27 20:23:52.956 [main] INFO  s.d.s.web.plugins.DocumentationPluginsBootstrapper - Found 1 custom documentation plugin(s)
2021-09-27 20:23:52.993 [main] INFO  s.d.spring.web.scanners.ApiListingReferenceScanner - Scanning for api listing references
2021-09-27 20:23:53.259 [main] INFO  c.a.shangyitong.service.AspectTestService1Test - Started AspectTestService1Test in 9.433 seconds (JVM running for 10.917)
2021-09-27 20:23:53.593 [main] INFO  com.atguigu.shangyitong.aspect.CheckUserAspect - -----------前置通知----------execution(void com.atguigu.shangyitong.service.AspectTestService1.insert())
2021-09-27 20:23:53.600 [main] INFO  com.atguigu.shangyitong.service.AspectTestService1 - this is AspectTestService1 insert()
2021-09-27 20:23:53.602 [main] INFO  com.atguigu.shangyitong.aspect.CheckUserAspect - -----------后置通知----------execution(void com.atguigu.shangyitong.service.AspectTestService1.insert())
2021-09-27 20:23:53.675 [SpringApplicationShutdownHook] INFO  com.zaxxer.hikari.HikariDataSource - HikariPool-1 - Shutdown initiated...
2021-09-27 20:23:53.694 [SpringApplicationShutdownHook] INFO  com.zaxxer.hikari.HikariDataSource - HikariPool-1 - Shutdown completed.
2021-09-27 20:25:46.641 [main] INFO  c.a.shangyitong.service.AspectTestService1Test - Starting AspectTestService1Test using Java 1.8.0_261 on DESKTOP-18736GT with PID 4476 (started by asus in F:\shangyitong\service\service-hosp)
2021-09-27 20:25:46.643 [main] INFO  c.a.shangyitong.service.AspectTestService1Test - The following profiles are active: dev
2021-09-27 20:25:47.786 [main] INFO  o.s.d.r.config.RepositoryConfigurationDelegate - Multiple Spring Data modules found, entering strict repository configuration mode!
2021-09-27 20:25:47.791 [main] INFO  o.s.d.r.config.RepositoryConfigurationDelegate - Bootstrapping Spring Data Redis repositories in DEFAULT mode.
2021-09-27 20:25:47.820 [main] INFO  o.s.d.r.config.RepositoryConfigurationDelegate - Finished Spring Data repository scanning in 12 ms. Found 0 Redis repository interfaces.
2021-09-27 20:25:48.139 [main] INFO  o.springframework.cloud.context.scope.GenericScope - BeanFactory id=17d2ab62-97c5-3d54-8674-0b2c0f569084
2021-09-27 20:25:49.060 [main] INFO  com.zaxxer.hikari.HikariDataSource - HikariPool-1 - Starting...
2021-09-27 20:25:50.382 [main] INFO  com.zaxxer.hikari.HikariDataSource - HikariPool-1 - Start completed.
2021-09-27 20:25:51.899 [main] INFO  s.d.s.w.PropertySourcedRequestMappingHandlerMapping - Mapped URL path [/v2/api-docs] onto method [springfox.documentation.swagger2.web.Swagger2Controller#getDocumentation(String, HttpServletRequest)]
2021-09-27 20:25:54.564 [main] INFO  s.d.s.web.plugins.DocumentationPluginsBootstrapper - Context refreshed
2021-09-27 20:25:54.591 [main] INFO  s.d.s.web.plugins.DocumentationPluginsBootstrapper - Found 1 custom documentation plugin(s)
2021-09-27 20:25:54.628 [main] INFO  s.d.spring.web.scanners.ApiListingReferenceScanner - Scanning for api listing references
2021-09-27 20:25:54.857 [main] INFO  c.a.shangyitong.service.AspectTestService1Test - Started AspectTestService1Test in 9.454 seconds (JVM running for 11.089)
2021-09-27 20:25:55.149 [main] INFO  com.atguigu.shangyitong.aspect.CheckUserAspect - -----------前置通知----------execution(void com.atguigu.shangyitong.service.AspectTestService1.insert())
2021-09-27 20:25:55.155 [main] INFO  com.atguigu.shangyitong.service.AspectTestService1 - this is AspectTestService1 insert()
2021-09-27 20:25:55.155 [main] INFO  com.atguigu.shangyitong.aspect.CheckUserAspect - -----------后置通知----------execution(void com.atguigu.shangyitong.service.AspectTestService1.insert())
2021-09-27 20:25:55.156 [main] INFO  com.atguigu.shangyitong.aspect.CheckUserAspect - -----------前置通知----------execution(void com.atguigu.shangyitong.service.AspectTestService2.insert())
2021-09-27 20:25:55.161 [main] INFO  com.atguigu.shangyitong.service.AspectTestService2 - this is AspectTestService2 insert()
2021-09-27 20:25:55.161 [main] INFO  com.atguigu.shangyitong.aspect.CheckUserAspect - -----------后置通知----------execution(void com.atguigu.shangyitong.service.AspectTestService2.insert())
2021-09-27 20:25:55.162 [main] INFO  com.atguigu.shangyitong.aspect.CheckUserAspect - -----------前置通知----------execution(void com.atguigu.shangyitong.service.AspectTestService3.insert())
2021-09-27 20:25:55.166 [main] INFO  com.atguigu.shangyitong.service.AspectTestService3 - this is AspectTestService3 insert()
2021-09-27 20:25:55.166 [main] INFO  com.atguigu.shangyitong.aspect.CheckUserAspect - -----------后置通知----------execution(void com.atguigu.shangyitong.service.AspectTestService3.insert())
2021-09-27 20:25:55.167 [main] INFO  com.atguigu.shangyitong.aspect.CheckUserAspect - -----------前置通知----------execution(void com.atguigu.shangyitong.service.AspectTestService1.update())
2021-09-27 20:25:55.167 [main] INFO  com.atguigu.shangyitong.service.AspectTestService1 - this is AspectTestService1 update()
2021-09-27 20:25:55.167 [main] INFO  com.atguigu.shangyitong.aspect.CheckUserAspect - -----------后置通知----------execution(void com.atguigu.shangyitong.service.AspectTestService1.update())
2021-09-27 20:25:55.168 [main] INFO  com.atguigu.shangyitong.aspect.CheckUserAspect - -----------前置通知----------execution(void com.atguigu.shangyitong.service.AspectTestService2.update())
2021-09-27 20:25:55.168 [main] INFO  com.atguigu.shangyitong.service.AspectTestService2 - this is AspectTestService2 update()
2021-09-27 20:25:55.168 [main] INFO  com.atguigu.shangyitong.aspect.CheckUserAspect - -----------后置通知----------execution(void com.atguigu.shangyitong.service.AspectTestService2.update())
2021-09-27 20:25:55.168 [main] INFO  com.atguigu.shangyitong.aspect.CheckUserAspect - -----------前置通知----------execution(void com.atguigu.shangyitong.service.AspectTestService3.update())
2021-09-27 20:25:55.169 [main] INFO  com.atguigu.shangyitong.service.AspectTestService3 - this is AspectTestService3 update()
2021-09-27 20:25:55.169 [main] INFO  com.atguigu.shangyitong.aspect.CheckUserAspect - -----------后置通知----------execution(void com.atguigu.shangyitong.service.AspectTestService3.update())
2021-09-27 20:25:55.169 [main] INFO  com.atguigu.shangyitong.aspect.CheckUserAspect - -----------前置通知----------execution(void com.atguigu.shangyitong.service.AspectTestService1.delete())
2021-09-27 20:25:55.169 [main] INFO  com.atguigu.shangyitong.service.AspectTestService1 - this is AspectTestService1 delete()
2021-09-27 20:25:55.170 [main] INFO  com.atguigu.shangyitong.aspect.CheckUserAspect - -----------后置通知----------execution(void com.atguigu.shangyitong.service.AspectTestService1.delete())
2021-09-27 20:25:55.170 [main] INFO  com.atguigu.shangyitong.aspect.CheckUserAspect - -----------前置通知----------execution(void com.atguigu.shangyitong.service.AspectTestService2.delete())
2021-09-27 20:25:55.171 [main] INFO  com.atguigu.shangyitong.service.AspectTestService2 - this is AspectTestService2 delete()
2021-09-27 20:25:55.171 [main] INFO  com.atguigu.shangyitong.aspect.CheckUserAspect - -----------后置通知----------execution(void com.atguigu.shangyitong.service.AspectTestService2.delete())
2021-09-27 20:25:55.171 [main] INFO  com.atguigu.shangyitong.aspect.CheckUserAspect - -----------前置通知----------execution(void com.atguigu.shangyitong.service.AspectTestService3.delete())
2021-09-27 20:25:55.172 [main] INFO  com.atguigu.shangyitong.service.AspectTestService3 - this is AspectTestService3 delete()
2021-09-27 20:25:55.172 [main] INFO  com.atguigu.shangyitong.aspect.CheckUserAspect - -----------后置通知----------execution(void com.atguigu.shangyitong.service.AspectTestService3.delete())
2021-09-27 20:25:55.172 [main] INFO  com.atguigu.shangyitong.aspect.CheckUserAspect - -----------前置通知----------execution(void com.atguigu.shangyitong.service.AspectTestService1.find())
2021-09-27 20:25:55.172 [main] INFO  com.atguigu.shangyitong.service.AspectTestService1 - this is AspectTestService1 find()
2021-09-27 20:25:55.173 [main] INFO  com.atguigu.shangyitong.aspect.CheckUserAspect - -----------后置通知----------execution(void com.atguigu.shangyitong.service.AspectTestService1.find())
2021-09-27 20:25:55.173 [main] INFO  com.atguigu.shangyitong.aspect.CheckUserAspect - -----------前置通知----------execution(void com.atguigu.shangyitong.service.AspectTestService2.find())
2021-09-27 20:25:55.173 [main] INFO  com.atguigu.shangyitong.service.AspectTestService2 - this is AspectTestService2 find()
2021-09-27 20:25:55.174 [main] INFO  com.atguigu.shangyitong.aspect.CheckUserAspect - -----------后置通知----------execution(void com.atguigu.shangyitong.service.AspectTestService2.find())
2021-09-27 20:25:55.174 [main] INFO  com.atguigu.shangyitong.aspect.CheckUserAspect - -----------前置通知----------execution(void com.atguigu.shangyitong.service.AspectTestService3.find())
2021-09-27 20:25:55.174 [main] INFO  com.atguigu.shangyitong.service.AspectTestService3 - this is AspectTestService3 find()
2021-09-27 20:25:55.174 [main] INFO  com.atguigu.shangyitong.aspect.CheckUserAspect - -----------后置通知----------execution(void com.atguigu.shangyitong.service.AspectTestService3.find())
2021-09-27 20:25:55.224 [SpringApplicationShutdownHook] INFO  com.zaxxer.hikari.HikariDataSource - HikariPool-1 - Shutdown initiated...
2021-09-27 20:25:55.236 [SpringApplicationShutdownHook] INFO  com.zaxxer.hikari.HikariDataSource - HikariPool-1 - Shutdown completed.
