2021-09-03 22:11:00.156 [main] INFO  c.a.shangyitong.controller.HospitalControllerTest - Starting HospitalControllerTest using Java 1.8.0_261 on DESKTOP-18736GT with PID 11048 (started by asus in F:\shangyitong\service\service-hosp)
2021-09-03 22:11:00.166 [main] INFO  c.a.shangyitong.controller.HospitalControllerTest - The following profiles are active: dev
2021-09-03 22:11:02.206 [main] INFO  o.s.d.r.config.RepositoryConfigurationDelegate - Multiple Spring Data modules found, entering strict repository configuration mode!
2021-09-03 22:11:02.211 [main] INFO  o.s.d.r.config.RepositoryConfigurationDelegate - Bootstrapping Spring Data Redis repositories in DEFAULT mode.
2021-09-03 22:11:02.304 [main] INFO  o.s.d.r.config.RepositoryConfigurationDelegate - Finished Spring Data repository scanning in 37 ms. Found 0 Redis repository interfaces.
2021-09-03 22:11:02.909 [main] INFO  o.springframework.cloud.context.scope.GenericScope - BeanFactory id=18022a06-ac9b-32ae-89f1-44142df197fb
2021-09-03 22:11:04.586 [main] INFO  o.s.boot.web.embedded.tomcat.TomcatWebServer - Tomcat initialized with port(s): 0 (http)
2021-09-03 22:11:04.605 [main] INFO  org.apache.coyote.http11.Http11NioProtocol - Initializing ProtocolHandler ["http-nio-auto-1"]
2021-09-03 22:11:04.606 [main] INFO  org.apache.catalina.core.StandardService - Starting service [Tomcat]
2021-09-03 22:11:04.606 [main] INFO  org.apache.catalina.core.StandardEngine - Starting Servlet engine: [Apache Tomcat/9.0.52]
2021-09-03 22:11:04.824 [main] INFO  o.a.c.core.ContainerBase.[Tomcat].[localhost].[/] - Initializing Spring embedded WebApplicationContext
2021-09-03 22:11:04.824 [main] INFO  o.s.b.w.s.c.ServletWebServerApplicationContext - Root WebApplicationContext: initialization completed in 4617 ms
2021-09-03 22:11:05.360 [main] INFO  com.zaxxer.hikari.HikariDataSource - HikariPool-1 - Starting...
2021-09-03 22:11:06.466 [main] INFO  com.zaxxer.hikari.HikariDataSource - HikariPool-1 - Start completed.
2021-09-03 22:11:07.716 [main] INFO  s.d.s.w.PropertySourcedRequestMappingHandlerMapping - Mapped URL path [/v2/api-docs] onto method [springfox.documentation.swagger2.web.Swagger2Controller#getDocumentation(String, HttpServletRequest)]
2021-09-03 22:11:10.301 [main] INFO  org.apache.coyote.http11.Http11NioProtocol - Starting ProtocolHandler ["http-nio-auto-1"]
2021-09-03 22:11:10.327 [main] INFO  o.s.boot.web.embedded.tomcat.TomcatWebServer - Tomcat started on port(s): 5302 (http) with context path ''
2021-09-03 22:11:10.900 [main] INFO  s.d.s.web.plugins.DocumentationPluginsBootstrapper - Context refreshed
2021-09-03 22:11:10.948 [main] INFO  s.d.s.web.plugins.DocumentationPluginsBootstrapper - Found 1 custom documentation plugin(s)
2021-09-03 22:11:10.980 [main] INFO  s.d.spring.web.scanners.ApiListingReferenceScanner - Scanning for api listing references
2021-09-03 22:11:11.241 [main] INFO  c.a.shangyitong.controller.HospitalControllerTest - Started HospitalControllerTest in 12.487 seconds (JVM running for 14.81)
2021-09-03 22:11:14.345 [SpringApplicationShutdownHook] INFO  com.zaxxer.hikari.HikariDataSource - HikariPool-1 - Shutdown initiated...
2021-09-03 22:11:14.358 [SpringApplicationShutdownHook] INFO  com.zaxxer.hikari.HikariDataSource - HikariPool-1 - Shutdown completed.
2021-09-03 22:12:31.017 [restartedMain] INFO  com.atguigu.shangyitong.ServiceHospApplication - Starting ServiceHospApplication using Java 1.8.0_261 on DESKTOP-18736GT with PID 7232 (F:\shangyitong\service\service-hosp\target\classes started by asus in F:\shangyitong)
2021-09-03 22:12:31.020 [restartedMain] INFO  com.atguigu.shangyitong.ServiceHospApplication - The following profiles are active: dev
2021-09-03 22:12:31.070 [restartedMain] INFO  o.s.b.d.env.DevToolsPropertyDefaultsPostProcessor - Devtools property defaults active! Set 'spring.devtools.add-properties' to 'false' to disable
2021-09-03 22:12:31.070 [restartedMain] INFO  o.s.b.d.env.DevToolsPropertyDefaultsPostProcessor - For additional web related logging consider setting the 'logging.level.web' property to 'DEBUG'
2021-09-03 22:12:32.085 [restartedMain] INFO  o.s.d.r.config.RepositoryConfigurationDelegate - Multiple Spring Data modules found, entering strict repository configuration mode!
2021-09-03 22:12:32.087 [restartedMain] INFO  o.s.d.r.config.RepositoryConfigurationDelegate - Bootstrapping Spring Data Redis repositories in DEFAULT mode.
2021-09-03 22:12:32.111 [restartedMain] INFO  o.s.d.r.config.RepositoryConfigurationDelegate - Finished Spring Data repository scanning in 9 ms. Found 0 Redis repository interfaces.
2021-09-03 22:12:32.371 [restartedMain] INFO  o.springframework.cloud.context.scope.GenericScope - BeanFactory id=44eed813-1492-37c4-9b73-84aefa558663
2021-09-03 22:12:32.911 [restartedMain] INFO  o.s.boot.web.embedded.tomcat.TomcatWebServer - Tomcat initialized with port(s): 8202 (http)
2021-09-03 22:12:32.922 [restartedMain] INFO  org.apache.coyote.http11.Http11NioProtocol - Initializing ProtocolHandler ["http-nio-8202"]
2021-09-03 22:12:32.923 [restartedMain] INFO  org.apache.catalina.core.StandardService - Starting service [Tomcat]
2021-09-03 22:12:32.924 [restartedMain] INFO  org.apache.catalina.core.StandardEngine - Starting Servlet engine: [Apache Tomcat/9.0.52]
2021-09-03 22:12:33.035 [restartedMain] INFO  o.a.c.core.ContainerBase.[Tomcat].[localhost].[/] - Initializing Spring embedded WebApplicationContext
2021-09-03 22:12:33.035 [restartedMain] INFO  o.s.b.w.s.c.ServletWebServerApplicationContext - Root WebApplicationContext: initialization completed in 1964 ms
2021-09-03 22:12:33.338 [restartedMain] INFO  com.zaxxer.hikari.HikariDataSource - HikariPool-1 - Starting...
2021-09-03 22:12:34.107 [restartedMain] INFO  com.zaxxer.hikari.HikariDataSource - HikariPool-1 - Start completed.
2021-09-03 22:12:34.605 [restartedMain] INFO  s.d.s.w.PropertySourcedRequestMappingHandlerMapping - Mapped URL path [/v2/api-docs] onto method [springfox.documentation.swagger2.web.Swagger2Controller#getDocumentation(String, HttpServletRequest)]
2021-09-03 22:12:34.736 [restartedMain] INFO  o.s.b.d.autoconfigure.OptionalLiveReloadServer - LiveReload server is running on port 35729
2021-09-03 22:12:35.931 [restartedMain] INFO  org.apache.coyote.http11.Http11NioProtocol - Starting ProtocolHandler ["http-nio-8202"]
2021-09-03 22:12:35.950 [restartedMain] INFO  o.s.boot.web.embedded.tomcat.TomcatWebServer - Tomcat started on port(s): 8202 (http) with context path ''
2021-09-03 22:12:36.552 [restartedMain] INFO  s.d.s.web.plugins.DocumentationPluginsBootstrapper - Context refreshed
2021-09-03 22:12:36.567 [restartedMain] INFO  s.d.s.web.plugins.DocumentationPluginsBootstrapper - Found 1 custom documentation plugin(s)
2021-09-03 22:12:36.596 [restartedMain] INFO  s.d.spring.web.scanners.ApiListingReferenceScanner - Scanning for api listing references
2021-09-03 22:12:36.772 [restartedMain] INFO  com.atguigu.shangyitong.ServiceHospApplication - Started ServiceHospApplication in 7.107 seconds (JVM running for 8.534)
2021-09-03 22:13:11.739 [main] INFO  c.a.shangyitong.controller.HospitalControllerTest - Starting HospitalControllerTest using Java 1.8.0_261 on DESKTOP-18736GT with PID 12532 (started by asus in F:\shangyitong\service\service-hosp)
2021-09-03 22:13:11.741 [main] INFO  c.a.shangyitong.controller.HospitalControllerTest - The following profiles are active: dev
2021-09-03 22:13:12.847 [main] INFO  o.s.d.r.config.RepositoryConfigurationDelegate - Multiple Spring Data modules found, entering strict repository configuration mode!
2021-09-03 22:13:12.853 [main] INFO  o.s.d.r.config.RepositoryConfigurationDelegate - Bootstrapping Spring Data Redis repositories in DEFAULT mode.
2021-09-03 22:13:12.894 [main] INFO  o.s.d.r.config.RepositoryConfigurationDelegate - Finished Spring Data repository scanning in 20 ms. Found 0 Redis repository interfaces.
2021-09-03 22:13:13.250 [main] INFO  o.springframework.cloud.context.scope.GenericScope - BeanFactory id=18022a06-ac9b-32ae-89f1-44142df197fb
2021-09-03 22:13:14.466 [main] INFO  o.s.boot.web.embedded.tomcat.TomcatWebServer - Tomcat initialized with port(s): 0 (http)
2021-09-03 22:13:14.478 [main] INFO  org.apache.coyote.http11.Http11NioProtocol - Initializing ProtocolHandler ["http-nio-auto-1"]
2021-09-03 22:13:14.479 [main] INFO  org.apache.catalina.core.StandardService - Starting service [Tomcat]
2021-09-03 22:13:14.480 [main] INFO  org.apache.catalina.core.StandardEngine - Starting Servlet engine: [Apache Tomcat/9.0.52]
2021-09-03 22:13:14.622 [main] INFO  o.a.c.core.ContainerBase.[Tomcat].[localhost].[/] - Initializing Spring embedded WebApplicationContext
2021-09-03 22:13:14.622 [main] INFO  o.s.b.w.s.c.ServletWebServerApplicationContext - Root WebApplicationContext: initialization completed in 2856 ms
2021-09-03 22:13:15.140 [main] INFO  com.zaxxer.hikari.HikariDataSource - HikariPool-1 - Starting...
2021-09-03 22:13:16.017 [main] INFO  com.zaxxer.hikari.HikariDataSource - HikariPool-1 - Start completed.
2021-09-03 22:13:17.160 [main] INFO  s.d.s.w.PropertySourcedRequestMappingHandlerMapping - Mapped URL path [/v2/api-docs] onto method [springfox.documentation.swagger2.web.Swagger2Controller#getDocumentation(String, HttpServletRequest)]
2021-09-03 22:13:19.439 [main] INFO  org.apache.coyote.http11.Http11NioProtocol - Starting ProtocolHandler ["http-nio-auto-1"]
2021-09-03 22:13:19.461 [main] INFO  o.s.boot.web.embedded.tomcat.TomcatWebServer - Tomcat started on port(s): 3539 (http) with context path ''
2021-09-03 22:13:20.001 [main] INFO  s.d.s.web.plugins.DocumentationPluginsBootstrapper - Context refreshed
2021-09-03 22:13:20.023 [main] INFO  s.d.s.web.plugins.DocumentationPluginsBootstrapper - Found 1 custom documentation plugin(s)
2021-09-03 22:13:20.052 [main] INFO  s.d.spring.web.scanners.ApiListingReferenceScanner - Scanning for api listing references
2021-09-03 22:13:20.259 [main] INFO  c.a.shangyitong.controller.HospitalControllerTest - Started HospitalControllerTest in 9.824 seconds (JVM running for 11.568)
2021-09-03 22:13:20.637 [http-nio-8202-exec-1] INFO  o.a.c.core.ContainerBase.[Tomcat].[localhost].[/] - Initializing Spring DispatcherServlet 'dispatcherServlet'
2021-09-03 22:13:20.638 [http-nio-8202-exec-1] INFO  org.springframework.web.servlet.DispatcherServlet - Initializing Servlet 'dispatcherServlet'
2021-09-03 22:13:20.640 [http-nio-8202-exec-1] INFO  org.springframework.web.servlet.DispatcherServlet - Completed initialization in 2 ms
2021-09-03 22:13:21.376 [SpringApplicationShutdownHook] INFO  com.zaxxer.hikari.HikariDataSource - HikariPool-1 - Shutdown initiated...
2021-09-03 22:13:21.390 [SpringApplicationShutdownHook] INFO  com.zaxxer.hikari.HikariDataSource - HikariPool-1 - Shutdown completed.
2021-09-03 22:22:21.454 [main] INFO  c.a.shangyitong.controller.HospitalControllerTest - Starting HospitalControllerTest using Java 1.8.0_261 on DESKTOP-18736GT with PID 14508 (started by asus in F:\shangyitong\service\service-hosp)
2021-09-03 22:22:21.456 [main] INFO  c.a.shangyitong.controller.HospitalControllerTest - The following profiles are active: dev
2021-09-03 22:22:22.583 [main] INFO  o.s.d.r.config.RepositoryConfigurationDelegate - Multiple Spring Data modules found, entering strict repository configuration mode!
2021-09-03 22:22:22.587 [main] INFO  o.s.d.r.config.RepositoryConfigurationDelegate - Bootstrapping Spring Data Redis repositories in DEFAULT mode.
2021-09-03 22:22:22.615 [main] INFO  o.s.d.r.config.RepositoryConfigurationDelegate - Finished Spring Data repository scanning in 11 ms. Found 0 Redis repository interfaces.
2021-09-03 22:22:22.944 [main] INFO  o.springframework.cloud.context.scope.GenericScope - BeanFactory id=18022a06-ac9b-32ae-89f1-44142df197fb
2021-09-03 22:22:24.152 [main] INFO  o.s.boot.web.embedded.tomcat.TomcatWebServer - Tomcat initialized with port(s): 0 (http)
2021-09-03 22:22:24.164 [main] INFO  org.apache.coyote.http11.Http11NioProtocol - Initializing ProtocolHandler ["http-nio-auto-1"]
2021-09-03 22:22:24.165 [main] INFO  org.apache.catalina.core.StandardService - Starting service [Tomcat]
2021-09-03 22:22:24.165 [main] INFO  org.apache.catalina.core.StandardEngine - Starting Servlet engine: [Apache Tomcat/9.0.52]
2021-09-03 22:22:24.325 [main] INFO  o.a.c.core.ContainerBase.[Tomcat].[localhost].[/] - Initializing Spring embedded WebApplicationContext
2021-09-03 22:22:24.325 [main] INFO  o.s.b.w.s.c.ServletWebServerApplicationContext - Root WebApplicationContext: initialization completed in 2842 ms
2021-09-03 22:22:24.688 [main] INFO  com.zaxxer.hikari.HikariDataSource - HikariPool-1 - Starting...
2021-09-03 22:22:25.584 [main] INFO  com.zaxxer.hikari.HikariDataSource - HikariPool-1 - Start completed.
2021-09-03 22:22:26.640 [main] INFO  s.d.s.w.PropertySourcedRequestMappingHandlerMapping - Mapped URL path [/v2/api-docs] onto method [springfox.documentation.swagger2.web.Swagger2Controller#getDocumentation(String, HttpServletRequest)]
2021-09-03 22:22:28.702 [main] INFO  org.apache.coyote.http11.Http11NioProtocol - Starting ProtocolHandler ["http-nio-auto-1"]
2021-09-03 22:22:28.723 [main] INFO  o.s.boot.web.embedded.tomcat.TomcatWebServer - Tomcat started on port(s): 1240 (http) with context path ''
2021-09-03 22:22:29.285 [main] INFO  s.d.s.web.plugins.DocumentationPluginsBootstrapper - Context refreshed
2021-09-03 22:22:29.311 [main] INFO  s.d.s.web.plugins.DocumentationPluginsBootstrapper - Found 1 custom documentation plugin(s)
2021-09-03 22:22:29.350 [main] INFO  s.d.spring.web.scanners.ApiListingReferenceScanner - Scanning for api listing references
2021-09-03 22:22:29.569 [main] INFO  c.a.shangyitong.controller.HospitalControllerTest - Started HospitalControllerTest in 9.436 seconds (JVM running for 10.945)
2021-09-03 22:22:30.353 [SpringApplicationShutdownHook] INFO  com.zaxxer.hikari.HikariDataSource - HikariPool-1 - Shutdown initiated...
2021-09-03 22:22:30.388 [SpringApplicationShutdownHook] INFO  com.zaxxer.hikari.HikariDataSource - HikariPool-1 - Shutdown completed.
2021-09-03 22:28:16.326 [main] INFO  c.a.shangyitong.controller.HospitalControllerTest - Starting HospitalControllerTest using Java 1.8.0_261 on DESKTOP-18736GT with PID 11572 (started by asus in F:\shangyitong\service\service-hosp)
2021-09-03 22:28:16.328 [main] INFO  c.a.shangyitong.controller.HospitalControllerTest - The following profiles are active: dev
2021-09-03 22:28:17.384 [main] INFO  o.s.d.r.config.RepositoryConfigurationDelegate - Multiple Spring Data modules found, entering strict repository configuration mode!
2021-09-03 22:28:17.389 [main] INFO  o.s.d.r.config.RepositoryConfigurationDelegate - Bootstrapping Spring Data Redis repositories in DEFAULT mode.
2021-09-03 22:28:17.419 [main] INFO  o.s.d.r.config.RepositoryConfigurationDelegate - Finished Spring Data repository scanning in 11 ms. Found 0 Redis repository interfaces.
2021-09-03 22:28:17.713 [main] INFO  o.springframework.cloud.context.scope.GenericScope - BeanFactory id=18022a06-ac9b-32ae-89f1-44142df197fb
2021-09-03 22:28:18.920 [main] INFO  o.s.boot.web.embedded.tomcat.TomcatWebServer - Tomcat initialized with port(s): 0 (http)
2021-09-03 22:28:18.933 [main] INFO  org.apache.coyote.http11.Http11NioProtocol - Initializing ProtocolHandler ["http-nio-auto-1"]
2021-09-03 22:28:18.934 [main] INFO  org.apache.catalina.core.StandardService - Starting service [Tomcat]
2021-09-03 22:28:18.935 [main] INFO  org.apache.catalina.core.StandardEngine - Starting Servlet engine: [Apache Tomcat/9.0.52]
2021-09-03 22:28:19.143 [main] INFO  o.a.c.core.ContainerBase.[Tomcat].[localhost].[/] - Initializing Spring embedded WebApplicationContext
2021-09-03 22:28:19.143 [main] INFO  o.s.b.w.s.c.ServletWebServerApplicationContext - Root WebApplicationContext: initialization completed in 2790 ms
2021-09-03 22:28:19.590 [main] INFO  com.zaxxer.hikari.HikariDataSource - HikariPool-1 - Starting...
2021-09-03 22:28:20.502 [main] INFO  com.zaxxer.hikari.HikariDataSource - HikariPool-1 - Start completed.
2021-09-03 22:28:21.549 [main] INFO  s.d.s.w.PropertySourcedRequestMappingHandlerMapping - Mapped URL path [/v2/api-docs] onto method [springfox.documentation.swagger2.web.Swagger2Controller#getDocumentation(String, HttpServletRequest)]
2021-09-03 22:28:23.775 [main] INFO  org.apache.coyote.http11.Http11NioProtocol - Starting ProtocolHandler ["http-nio-auto-1"]
2021-09-03 22:28:23.797 [main] INFO  o.s.boot.web.embedded.tomcat.TomcatWebServer - Tomcat started on port(s): 5502 (http) with context path ''
2021-09-03 22:28:24.370 [main] INFO  s.d.s.web.plugins.DocumentationPluginsBootstrapper - Context refreshed
2021-09-03 22:28:24.394 [main] INFO  s.d.s.web.plugins.DocumentationPluginsBootstrapper - Found 1 custom documentation plugin(s)
2021-09-03 22:28:24.430 [main] INFO  s.d.spring.web.scanners.ApiListingReferenceScanner - Scanning for api listing references
2021-09-03 22:28:24.690 [main] INFO  c.a.shangyitong.controller.HospitalControllerTest - Started HospitalControllerTest in 9.598 seconds (JVM running for 11.374)
2021-09-03 22:28:26.025 [SpringApplicationShutdownHook] INFO  com.zaxxer.hikari.HikariDataSource - HikariPool-1 - Shutdown initiated...
2021-09-03 22:28:26.039 [SpringApplicationShutdownHook] INFO  com.zaxxer.hikari.HikariDataSource - HikariPool-1 - Shutdown completed.
2021-09-03 22:31:33.755 [restartedMain] INFO  com.atguigu.shangyitong.ServiceHospApplication - Starting ServiceHospApplication using Java 1.8.0_261 on DESKTOP-18736GT with PID 11788 (F:\shangyitong\service\service-hosp\target\classes started by asus in F:\shangyitong)
2021-09-03 22:31:33.758 [restartedMain] INFO  com.atguigu.shangyitong.ServiceHospApplication - The following profiles are active: dev
2021-09-03 22:31:33.807 [restartedMain] INFO  o.s.b.d.env.DevToolsPropertyDefaultsPostProcessor - Devtools property defaults active! Set 'spring.devtools.add-properties' to 'false' to disable
2021-09-03 22:31:33.807 [restartedMain] INFO  o.s.b.d.env.DevToolsPropertyDefaultsPostProcessor - For additional web related logging consider setting the 'logging.level.web' property to 'DEBUG'
2021-09-03 22:31:34.737 [restartedMain] INFO  o.s.d.r.config.RepositoryConfigurationDelegate - Multiple Spring Data modules found, entering strict repository configuration mode!
2021-09-03 22:31:34.739 [restartedMain] INFO  o.s.d.r.config.RepositoryConfigurationDelegate - Bootstrapping Spring Data Redis repositories in DEFAULT mode.
2021-09-03 22:31:34.762 [restartedMain] INFO  o.s.d.r.config.RepositoryConfigurationDelegate - Finished Spring Data repository scanning in 8 ms. Found 0 Redis repository interfaces.
2021-09-03 22:31:35.008 [restartedMain] INFO  o.springframework.cloud.context.scope.GenericScope - BeanFactory id=f79565f5-d3a3-3270-9fdf-9f83b8ddebaf
2021-09-03 22:31:35.526 [restartedMain] INFO  o.s.boot.web.embedded.tomcat.TomcatWebServer - Tomcat initialized with port(s): 8202 (http)
2021-09-03 22:31:35.534 [restartedMain] INFO  org.apache.coyote.http11.Http11NioProtocol - Initializing ProtocolHandler ["http-nio-8202"]
2021-09-03 22:31:35.535 [restartedMain] INFO  org.apache.catalina.core.StandardService - Starting service [Tomcat]
2021-09-03 22:31:35.535 [restartedMain] INFO  org.apache.catalina.core.StandardEngine - Starting Servlet engine: [Apache Tomcat/9.0.52]
2021-09-03 22:31:35.639 [restartedMain] INFO  o.a.c.core.ContainerBase.[Tomcat].[localhost].[/] - Initializing Spring embedded WebApplicationContext
2021-09-03 22:31:35.639 [restartedMain] INFO  o.s.b.w.s.c.ServletWebServerApplicationContext - Root WebApplicationContext: initialization completed in 1831 ms
2021-09-03 22:31:35.898 [restartedMain] INFO  com.zaxxer.hikari.HikariDataSource - HikariPool-1 - Starting...
2021-09-03 22:31:36.618 [restartedMain] INFO  com.zaxxer.hikari.HikariDataSource - HikariPool-1 - Start completed.
2021-09-03 22:31:37.113 [restartedMain] INFO  s.d.s.w.PropertySourcedRequestMappingHandlerMapping - Mapped URL path [/v2/api-docs] onto method [springfox.documentation.swagger2.web.Swagger2Controller#getDocumentation(String, HttpServletRequest)]
2021-09-03 22:31:37.246 [restartedMain] INFO  o.s.b.d.autoconfigure.OptionalLiveReloadServer - LiveReload server is running on port 35729
2021-09-03 22:31:38.435 [restartedMain] INFO  org.apache.coyote.http11.Http11NioProtocol - Starting ProtocolHandler ["http-nio-8202"]
2021-09-03 22:31:38.452 [restartedMain] INFO  o.s.boot.web.embedded.tomcat.TomcatWebServer - Tomcat started on port(s): 8202 (http) with context path ''
2021-09-03 22:31:39.020 [restartedMain] INFO  s.d.s.web.plugins.DocumentationPluginsBootstrapper - Context refreshed
2021-09-03 22:31:39.034 [restartedMain] INFO  s.d.s.web.plugins.DocumentationPluginsBootstrapper - Found 1 custom documentation plugin(s)
2021-09-03 22:31:39.064 [restartedMain] INFO  s.d.spring.web.scanners.ApiListingReferenceScanner - Scanning for api listing references
2021-09-03 22:31:39.225 [restartedMain] INFO  com.atguigu.shangyitong.ServiceHospApplication - Started ServiceHospApplication in 6.741 seconds (JVM running for 8.213)
2021-09-03 22:31:56.291 [main] INFO  c.a.shangyitong.controller.HospitalControllerTest - Starting HospitalControllerTest using Java 1.8.0_261 on DESKTOP-18736GT with PID 10408 (started by asus in F:\shangyitong\service\service-hosp)
2021-09-03 22:31:56.293 [main] INFO  c.a.shangyitong.controller.HospitalControllerTest - The following profiles are active: dev
2021-09-03 22:31:57.440 [main] INFO  o.s.d.r.config.RepositoryConfigurationDelegate - Multiple Spring Data modules found, entering strict repository configuration mode!
2021-09-03 22:31:57.444 [main] INFO  o.s.d.r.config.RepositoryConfigurationDelegate - Bootstrapping Spring Data Redis repositories in DEFAULT mode.
2021-09-03 22:31:57.477 [main] INFO  o.s.d.r.config.RepositoryConfigurationDelegate - Finished Spring Data repository scanning in 12 ms. Found 0 Redis repository interfaces.
2021-09-03 22:31:57.830 [main] INFO  o.springframework.cloud.context.scope.GenericScope - BeanFactory id=d85e51a8-c137-3ffa-95e4-058cd296434b
2021-09-03 22:31:59.094 [main] INFO  o.s.boot.web.embedded.tomcat.TomcatWebServer - Tomcat initialized with port(s): 0 (http)
2021-09-03 22:31:59.108 [main] INFO  org.apache.coyote.http11.Http11NioProtocol - Initializing ProtocolHandler ["http-nio-auto-1"]
2021-09-03 22:31:59.109 [main] INFO  org.apache.catalina.core.StandardService - Starting service [Tomcat]
2021-09-03 22:31:59.109 [main] INFO  org.apache.catalina.core.StandardEngine - Starting Servlet engine: [Apache Tomcat/9.0.52]
2021-09-03 22:31:59.249 [main] INFO  o.a.c.core.ContainerBase.[Tomcat].[localhost].[/] - Initializing Spring embedded WebApplicationContext
2021-09-03 22:31:59.250 [main] INFO  o.s.b.w.s.c.ServletWebServerApplicationContext - Root WebApplicationContext: initialization completed in 2929 ms
2021-09-03 22:31:59.684 [main] INFO  com.zaxxer.hikari.HikariDataSource - HikariPool-1 - Starting...
2021-09-03 22:32:00.604 [main] INFO  com.zaxxer.hikari.HikariDataSource - HikariPool-1 - Start completed.
2021-09-03 22:32:01.698 [main] INFO  s.d.s.w.PropertySourcedRequestMappingHandlerMapping - Mapped URL path [/v2/api-docs] onto method [springfox.documentation.swagger2.web.Swagger2Controller#getDocumentation(String, HttpServletRequest)]
2021-09-03 22:32:03.864 [main] INFO  org.apache.coyote.http11.Http11NioProtocol - Starting ProtocolHandler ["http-nio-auto-1"]
2021-09-03 22:32:03.883 [main] INFO  o.s.boot.web.embedded.tomcat.TomcatWebServer - Tomcat started on port(s): 10622 (http) with context path ''
2021-09-03 22:32:04.472 [main] INFO  s.d.s.web.plugins.DocumentationPluginsBootstrapper - Context refreshed
2021-09-03 22:32:04.499 [main] INFO  s.d.s.web.plugins.DocumentationPluginsBootstrapper - Found 1 custom documentation plugin(s)
2021-09-03 22:32:04.540 [main] INFO  s.d.spring.web.scanners.ApiListingReferenceScanner - Scanning for api listing references
2021-09-03 22:32:04.761 [main] INFO  c.a.shangyitong.controller.HospitalControllerTest - Started HospitalControllerTest in 9.699 seconds (JVM running for 11.272)
2021-09-03 22:32:05.251 [http-nio-8202-exec-1] INFO  o.a.c.core.ContainerBase.[Tomcat].[localhost].[/] - Initializing Spring DispatcherServlet 'dispatcherServlet'
2021-09-03 22:32:05.251 [http-nio-8202-exec-1] INFO  org.springframework.web.servlet.DispatcherServlet - Initializing Servlet 'dispatcherServlet'
2021-09-03 22:32:05.253 [http-nio-8202-exec-1] INFO  org.springframework.web.servlet.DispatcherServlet - Completed initialization in 2 ms
2021-09-03 22:32:05.915 [SpringApplicationShutdownHook] INFO  com.zaxxer.hikari.HikariDataSource - HikariPool-1 - Shutdown initiated...
2021-09-03 22:32:05.931 [SpringApplicationShutdownHook] INFO  com.zaxxer.hikari.HikariDataSource - HikariPool-1 - Shutdown completed.
2021-09-03 22:42:04.681 [main] INFO  c.a.shangyitong.controller.HospitalControllerTest - Starting HospitalControllerTest using Java 1.8.0_261 on DESKTOP-18736GT with PID 20436 (started by asus in F:\shangyitong\service\service-hosp)
2021-09-03 22:42:04.683 [main] INFO  c.a.shangyitong.controller.HospitalControllerTest - The following profiles are active: dev
2021-09-03 22:42:05.792 [main] INFO  o.s.d.r.config.RepositoryConfigurationDelegate - Multiple Spring Data modules found, entering strict repository configuration mode!
2021-09-03 22:42:05.795 [main] INFO  o.s.d.r.config.RepositoryConfigurationDelegate - Bootstrapping Spring Data Redis repositories in DEFAULT mode.
2021-09-03 22:42:05.819 [main] INFO  o.s.d.r.config.RepositoryConfigurationDelegate - Finished Spring Data repository scanning in 9 ms. Found 0 Redis repository interfaces.
2021-09-03 22:42:06.115 [main] INFO  o.springframework.cloud.context.scope.GenericScope - BeanFactory id=d85e51a8-c137-3ffa-95e4-058cd296434b
2021-09-03 22:42:07.343 [main] INFO  o.s.boot.web.embedded.tomcat.TomcatWebServer - Tomcat initialized with port(s): 0 (http)
2021-09-03 22:42:07.354 [main] INFO  org.apache.coyote.http11.Http11NioProtocol - Initializing ProtocolHandler ["http-nio-auto-1"]
2021-09-03 22:42:07.355 [main] INFO  org.apache.catalina.core.StandardService - Starting service [Tomcat]
2021-09-03 22:42:07.356 [main] INFO  org.apache.catalina.core.StandardEngine - Starting Servlet engine: [Apache Tomcat/9.0.52]
2021-09-03 22:42:07.495 [main] INFO  o.a.c.core.ContainerBase.[Tomcat].[localhost].[/] - Initializing Spring embedded WebApplicationContext
2021-09-03 22:42:07.496 [main] INFO  o.s.b.w.s.c.ServletWebServerApplicationContext - Root WebApplicationContext: initialization completed in 2786 ms
2021-09-03 22:42:07.872 [main] INFO  com.zaxxer.hikari.HikariDataSource - HikariPool-1 - Starting...
2021-09-03 22:42:08.769 [main] INFO  com.zaxxer.hikari.HikariDataSource - HikariPool-1 - Start completed.
2021-09-03 22:42:09.853 [main] INFO  s.d.s.w.PropertySourcedRequestMappingHandlerMapping - Mapped URL path [/v2/api-docs] onto method [springfox.documentation.swagger2.web.Swagger2Controller#getDocumentation(String, HttpServletRequest)]
2021-09-03 22:42:12.021 [main] INFO  org.apache.coyote.http11.Http11NioProtocol - Starting ProtocolHandler ["http-nio-auto-1"]
2021-09-03 22:42:12.044 [main] INFO  o.s.boot.web.embedded.tomcat.TomcatWebServer - Tomcat started on port(s): 7201 (http) with context path ''
2021-09-03 22:42:12.594 [main] INFO  s.d.s.web.plugins.DocumentationPluginsBootstrapper - Context refreshed
2021-09-03 22:42:12.617 [main] INFO  s.d.s.web.plugins.DocumentationPluginsBootstrapper - Found 1 custom documentation plugin(s)
2021-09-03 22:42:12.648 [main] INFO  s.d.spring.web.scanners.ApiListingReferenceScanner - Scanning for api listing references
2021-09-03 22:42:12.862 [main] INFO  c.a.shangyitong.controller.HospitalControllerTest - Started HospitalControllerTest in 9.477 seconds (JVM running for 11.067)
2021-09-03 22:42:13.626 [SpringApplicationShutdownHook] INFO  com.zaxxer.hikari.HikariDataSource - HikariPool-1 - Shutdown initiated...
2021-09-03 22:42:13.639 [SpringApplicationShutdownHook] INFO  com.zaxxer.hikari.HikariDataSource - HikariPool-1 - Shutdown completed.
2021-09-03 22:51:41.704 [Thread-15] INFO  com.zaxxer.hikari.HikariDataSource - HikariPool-1 - Shutdown initiated...
2021-09-03 22:51:41.715 [Thread-15] INFO  com.zaxxer.hikari.HikariDataSource - HikariPool-1 - Shutdown completed.
2021-09-03 22:51:42.570 [restartedMain] INFO  com.atguigu.shangyitong.ServiceHospApplication - Starting ServiceHospApplication using Java 1.8.0_261 on DESKTOP-18736GT with PID 11788 (F:\shangyitong\service\service-hosp\target\classes started by asus in F:\shangyitong)
2021-09-03 22:51:42.571 [restartedMain] INFO  com.atguigu.shangyitong.ServiceHospApplication - The following profiles are active: dev
2021-09-03 22:51:42.982 [restartedMain] INFO  o.s.d.r.config.RepositoryConfigurationDelegate - Multiple Spring Data modules found, entering strict repository configuration mode!
2021-09-03 22:51:42.983 [restartedMain] INFO  o.s.d.r.config.RepositoryConfigurationDelegate - Bootstrapping Spring Data Redis repositories in DEFAULT mode.
2021-09-03 22:51:42.989 [restartedMain] INFO  o.s.d.r.config.RepositoryConfigurationDelegate - Finished Spring Data repository scanning in 5 ms. Found 0 Redis repository interfaces.
2021-09-03 22:51:43.094 [restartedMain] INFO  o.springframework.cloud.context.scope.GenericScope - BeanFactory id=f79565f5-d3a3-3270-9fdf-9f83b8ddebaf
2021-09-03 22:51:43.221 [restartedMain] INFO  o.s.boot.web.embedded.tomcat.TomcatWebServer - Tomcat initialized with port(s): 8202 (http)
2021-09-03 22:51:43.221 [restartedMain] INFO  org.apache.coyote.http11.Http11NioProtocol - Initializing ProtocolHandler ["http-nio-8202"]
2021-09-03 22:51:43.222 [restartedMain] INFO  org.apache.catalina.core.StandardService - Starting service [Tomcat]
2021-09-03 22:51:43.222 [restartedMain] INFO  org.apache.catalina.core.StandardEngine - Starting Servlet engine: [Apache Tomcat/9.0.52]
2021-09-03 22:51:43.249 [restartedMain] INFO  o.a.c.core.ContainerBase.[Tomcat].[localhost].[/] - Initializing Spring embedded WebApplicationContext
2021-09-03 22:51:43.250 [restartedMain] INFO  o.s.b.w.s.c.ServletWebServerApplicationContext - Root WebApplicationContext: initialization completed in 676 ms
2021-09-03 22:51:43.305 [restartedMain] INFO  com.zaxxer.hikari.HikariDataSource - HikariPool-2 - Starting...
2021-09-03 22:51:43.319 [restartedMain] INFO  com.zaxxer.hikari.HikariDataSource - HikariPool-2 - Start completed.
2021-09-03 22:51:43.488 [restartedMain] INFO  s.d.s.w.PropertySourcedRequestMappingHandlerMapping - Mapped URL path [/v2/api-docs] onto method [springfox.documentation.swagger2.web.Swagger2Controller#getDocumentation(String, HttpServletRequest)]
2021-09-03 22:51:43.555 [restartedMain] INFO  o.s.b.d.autoconfigure.OptionalLiveReloadServer - LiveReload server is running on port 35729
2021-09-03 22:51:44.676 [restartedMain] INFO  org.apache.coyote.http11.Http11NioProtocol - Starting ProtocolHandler ["http-nio-8202"]
2021-09-03 22:51:44.678 [restartedMain] INFO  o.s.boot.web.embedded.tomcat.TomcatWebServer - Tomcat started on port(s): 8202 (http) with context path ''
2021-09-03 22:51:45.644 [restartedMain] INFO  s.d.s.web.plugins.DocumentationPluginsBootstrapper - Context refreshed
2021-09-03 22:51:45.645 [restartedMain] INFO  s.d.s.web.plugins.DocumentationPluginsBootstrapper - Found 1 custom documentation plugin(s)
2021-09-03 22:51:45.657 [restartedMain] INFO  s.d.spring.web.scanners.ApiListingReferenceScanner - Scanning for api listing references
2021-09-03 22:51:45.731 [restartedMain] INFO  com.atguigu.shangyitong.ServiceHospApplication - Started ServiceHospApplication in 3.793 seconds (JVM running for 1214.719)
2021-09-03 22:51:45.737 [restartedMain] INFO  o.s.b.d.a.ConditionEvaluationDeltaLoggingListener - Condition evaluation unchanged
2021-09-03 22:51:47.303 [Thread-26] INFO  com.zaxxer.hikari.HikariDataSource - HikariPool-2 - Shutdown initiated...
2021-09-03 22:51:47.312 [Thread-26] INFO  com.zaxxer.hikari.HikariDataSource - HikariPool-2 - Shutdown completed.
2021-09-03 22:51:48.585 [restartedMain] INFO  com.atguigu.shangyitong.ServiceHospApplication - Starting ServiceHospApplication using Java 1.8.0_261 on DESKTOP-18736GT with PID 11788 (F:\shangyitong\service\service-hosp\target\classes started by asus in F:\shangyitong)
2021-09-03 22:51:48.585 [restartedMain] INFO  com.atguigu.shangyitong.ServiceHospApplication - The following profiles are active: dev
2021-09-03 22:51:49.245 [restartedMain] INFO  o.s.d.r.config.RepositoryConfigurationDelegate - Multiple Spring Data modules found, entering strict repository configuration mode!
2021-09-03 22:51:49.246 [restartedMain] INFO  o.s.d.r.config.RepositoryConfigurationDelegate - Bootstrapping Spring Data Redis repositories in DEFAULT mode.
2021-09-03 22:51:49.250 [restartedMain] INFO  o.s.d.r.config.RepositoryConfigurationDelegate - Finished Spring Data repository scanning in 3 ms. Found 0 Redis repository interfaces.
2021-09-03 22:51:49.395 [restartedMain] INFO  o.springframework.cloud.context.scope.GenericScope - BeanFactory id=f79565f5-d3a3-3270-9fdf-9f83b8ddebaf
2021-09-03 22:51:49.489 [restartedMain] INFO  o.s.boot.web.embedded.tomcat.TomcatWebServer - Tomcat initialized with port(s): 8202 (http)
2021-09-03 22:51:49.715 [restartedMain] INFO  org.apache.coyote.http11.Http11NioProtocol - Initializing ProtocolHandler ["http-nio-8202"]
2021-09-03 22:51:49.715 [restartedMain] INFO  org.apache.catalina.core.StandardService - Starting service [Tomcat]
2021-09-03 22:51:49.715 [restartedMain] INFO  org.apache.catalina.core.StandardEngine - Starting Servlet engine: [Apache Tomcat/9.0.52]
2021-09-03 22:51:49.735 [restartedMain] INFO  o.a.c.core.ContainerBase.[Tomcat].[localhost].[/] - Initializing Spring embedded WebApplicationContext
2021-09-03 22:51:49.735 [restartedMain] INFO  o.s.b.w.s.c.ServletWebServerApplicationContext - Root WebApplicationContext: initialization completed in 1145 ms
2021-09-03 22:51:49.780 [restartedMain] INFO  com.zaxxer.hikari.HikariDataSource - HikariPool-3 - Starting...
2021-09-03 22:51:49.793 [restartedMain] INFO  com.zaxxer.hikari.HikariDataSource - HikariPool-3 - Start completed.
2021-09-03 22:51:49.859 [main] INFO  c.a.shangyitong.controller.HospitalControllerTest - Starting HospitalControllerTest using Java 1.8.0_261 on DESKTOP-18736GT with PID 12844 (started by asus in F:\shangyitong\service\service-hosp)
2021-09-03 22:51:49.861 [main] INFO  c.a.shangyitong.controller.HospitalControllerTest - The following profiles are active: dev
2021-09-03 22:51:51.360 [restartedMain] INFO  s.d.s.w.PropertySourcedRequestMappingHandlerMapping - Mapped URL path [/v2/api-docs] onto method [springfox.documentation.swagger2.web.Swagger2Controller#getDocumentation(String, HttpServletRequest)]
2021-09-03 22:51:51.539 [restartedMain] INFO  o.s.b.d.autoconfigure.OptionalLiveReloadServer - LiveReload server is running on port 35729
2021-09-03 22:51:52.981 [main] INFO  o.s.d.r.config.RepositoryConfigurationDelegate - Multiple Spring Data modules found, entering strict repository configuration mode!
2021-09-03 22:51:52.987 [main] INFO  o.s.d.r.config.RepositoryConfigurationDelegate - Bootstrapping Spring Data Redis repositories in DEFAULT mode.
2021-09-03 22:51:53.080 [main] INFO  o.s.d.r.config.RepositoryConfigurationDelegate - Finished Spring Data repository scanning in 53 ms. Found 0 Redis repository interfaces.
2021-09-03 22:51:53.651 [main] INFO  o.springframework.cloud.context.scope.GenericScope - BeanFactory id=d85e51a8-c137-3ffa-95e4-058cd296434b
2021-09-03 22:51:53.904 [restartedMain] INFO  org.apache.coyote.http11.Http11NioProtocol - Starting ProtocolHandler ["http-nio-8202"]
2021-09-03 22:51:53.906 [restartedMain] INFO  o.s.boot.web.embedded.tomcat.TomcatWebServer - Tomcat started on port(s): 8202 (http) with context path ''
2021-09-03 22:51:54.570 [main] INFO  c.a.shangyitong.controller.HospitalControllerTest - Starting HospitalControllerTest using Java 1.8.0_261 on DESKTOP-18736GT with PID 8516 (started by asus in F:\shangyitong\service\service-hosp)
2021-09-03 22:51:54.572 [main] INFO  c.a.shangyitong.controller.HospitalControllerTest - The following profiles are active: dev
2021-09-03 22:51:55.863 [restartedMain] INFO  s.d.s.web.plugins.DocumentationPluginsBootstrapper - Context refreshed
2021-09-03 22:51:55.865 [restartedMain] INFO  s.d.s.web.plugins.DocumentationPluginsBootstrapper - Found 1 custom documentation plugin(s)
2021-09-03 22:51:55.880 [restartedMain] INFO  s.d.spring.web.scanners.ApiListingReferenceScanner - Scanning for api listing references
2021-09-03 22:51:55.981 [restartedMain] INFO  com.atguigu.shangyitong.ServiceHospApplication - Started ServiceHospApplication in 8.36 seconds (JVM running for 1224.969)
2021-09-03 22:51:55.985 [restartedMain] INFO  o.s.b.d.a.ConditionEvaluationDeltaLoggingListener - Condition evaluation unchanged
2021-09-03 22:51:56.701 [main] INFO  o.s.boot.web.embedded.tomcat.TomcatWebServer - Tomcat initialized with port(s): 0 (http)
2021-09-03 22:51:56.733 [main] INFO  org.apache.coyote.http11.Http11NioProtocol - Initializing ProtocolHandler ["http-nio-auto-1"]
2021-09-03 22:51:56.735 [main] INFO  org.apache.catalina.core.StandardService - Starting service [Tomcat]
2021-09-03 22:51:56.736 [main] INFO  org.apache.catalina.core.StandardEngine - Starting Servlet engine: [Apache Tomcat/9.0.52]
2021-09-03 22:51:56.882 [main] INFO  o.s.d.r.config.RepositoryConfigurationDelegate - Multiple Spring Data modules found, entering strict repository configuration mode!
2021-09-03 22:51:56.886 [main] INFO  o.s.d.r.config.RepositoryConfigurationDelegate - Bootstrapping Spring Data Redis repositories in DEFAULT mode.
2021-09-03 22:51:56.992 [main] INFO  o.s.d.r.config.RepositoryConfigurationDelegate - Finished Spring Data repository scanning in 20 ms. Found 0 Redis repository interfaces.
2021-09-03 22:51:57.069 [main] INFO  o.a.c.core.ContainerBase.[Tomcat].[localhost].[/] - Initializing Spring embedded WebApplicationContext
2021-09-03 22:51:57.071 [main] INFO  o.s.b.w.s.c.ServletWebServerApplicationContext - Root WebApplicationContext: initialization completed in 7178 ms
2021-09-03 22:51:57.721 [main] INFO  o.springframework.cloud.context.scope.GenericScope - BeanFactory id=d85e51a8-c137-3ffa-95e4-058cd296434b
2021-09-03 22:51:58.420 [main] INFO  com.zaxxer.hikari.HikariDataSource - HikariPool-1 - Starting...
2021-09-03 22:51:59.911 [main] INFO  o.s.boot.web.embedded.tomcat.TomcatWebServer - Tomcat initialized with port(s): 0 (http)
2021-09-03 22:51:59.928 [main] INFO  org.apache.coyote.http11.Http11NioProtocol - Initializing ProtocolHandler ["http-nio-auto-1"]
2021-09-03 22:51:59.930 [main] INFO  org.apache.catalina.core.StandardService - Starting service [Tomcat]
2021-09-03 22:51:59.931 [main] INFO  org.apache.catalina.core.StandardEngine - Starting Servlet engine: [Apache Tomcat/9.0.52]
2021-09-03 22:51:59.944 [main] INFO  com.zaxxer.hikari.HikariDataSource - HikariPool-1 - Start completed.
2021-09-03 22:52:00.254 [main] INFO  o.a.c.core.ContainerBase.[Tomcat].[localhost].[/] - Initializing Spring embedded WebApplicationContext
2021-09-03 22:52:00.256 [main] INFO  o.s.b.w.s.c.ServletWebServerApplicationContext - Root WebApplicationContext: initialization completed in 5655 ms
2021-09-03 22:52:02.229 [main] INFO  com.zaxxer.hikari.HikariDataSource - HikariPool-1 - Starting...
2021-09-03 22:52:03.362 [main] INFO  s.d.s.w.PropertySourcedRequestMappingHandlerMapping - Mapped URL path [/v2/api-docs] onto method [springfox.documentation.swagger2.web.Swagger2Controller#getDocumentation(String, HttpServletRequest)]
2021-09-03 22:52:03.951 [main] INFO  com.zaxxer.hikari.HikariDataSource - HikariPool-1 - Start completed.
2021-09-03 22:52:07.098 [main] INFO  s.d.s.w.PropertySourcedRequestMappingHandlerMapping - Mapped URL path [/v2/api-docs] onto method [springfox.documentation.swagger2.web.Swagger2Controller#getDocumentation(String, HttpServletRequest)]
2021-09-03 22:52:10.713 [main] INFO  org.apache.coyote.http11.Http11NioProtocol - Starting ProtocolHandler ["http-nio-auto-1"]
2021-09-03 22:52:11.044 [main] INFO  o.s.boot.web.embedded.tomcat.TomcatWebServer - Tomcat started on port(s): 14362 (http) with context path ''
2021-09-03 22:52:12.010 [main] INFO  s.d.s.web.plugins.DocumentationPluginsBootstrapper - Context refreshed
2021-09-03 22:52:12.049 [main] INFO  s.d.s.web.plugins.DocumentationPluginsBootstrapper - Found 1 custom documentation plugin(s)
2021-09-03 22:52:12.101 [main] INFO  s.d.spring.web.scanners.ApiListingReferenceScanner - Scanning for api listing references
2021-09-03 22:52:12.718 [main] INFO  c.a.shangyitong.controller.HospitalControllerTest - Started HospitalControllerTest in 25.038 seconds (JVM running for 28.908)
2021-09-03 22:52:12.973 [main] INFO  org.apache.coyote.http11.Http11NioProtocol - Starting ProtocolHandler ["http-nio-auto-1"]
2021-09-03 22:52:13.000 [main] INFO  o.s.boot.web.embedded.tomcat.TomcatWebServer - Tomcat started on port(s): 14366 (http) with context path ''
2021-09-03 22:52:13.720 [http-nio-8202-exec-1] INFO  o.a.c.core.ContainerBase.[Tomcat].[localhost].[/] - Initializing Spring DispatcherServlet 'dispatcherServlet'
2021-09-03 22:52:13.721 [http-nio-8202-exec-1] INFO  org.springframework.web.servlet.DispatcherServlet - Initializing Servlet 'dispatcherServlet'
2021-09-03 22:52:13.722 [main] INFO  s.d.s.web.plugins.DocumentationPluginsBootstrapper - Context refreshed
2021-09-03 22:52:13.724 [http-nio-8202-exec-1] INFO  org.springframework.web.servlet.DispatcherServlet - Completed initialization in 3 ms
2021-09-03 22:52:13.779 [main] INFO  s.d.s.web.plugins.DocumentationPluginsBootstrapper - Found 1 custom documentation plugin(s)
2021-09-03 22:52:13.888 [main] INFO  s.d.spring.web.scanners.ApiListingReferenceScanner - Scanning for api listing references
2021-09-03 22:52:14.190 [main] INFO  c.a.shangyitong.controller.HospitalControllerTest - Started HospitalControllerTest in 22.676 seconds (JVM running for 25.652)
2021-09-03 22:52:14.761 [SpringApplicationShutdownHook] INFO  com.zaxxer.hikari.HikariDataSource - HikariPool-1 - Shutdown initiated...
2021-09-03 22:52:14.788 [SpringApplicationShutdownHook] INFO  com.zaxxer.hikari.HikariDataSource - HikariPool-1 - Shutdown completed.
2021-09-03 22:52:15.349 [SpringApplicationShutdownHook] INFO  com.zaxxer.hikari.HikariDataSource - HikariPool-1 - Shutdown initiated...
2021-09-03 22:52:15.361 [SpringApplicationShutdownHook] INFO  com.zaxxer.hikari.HikariDataSource - HikariPool-1 - Shutdown completed.
2021-09-03 22:52:39.767 [restartedMain] INFO  com.atguigu.shangyitong.ServiceHospApplication - Starting ServiceHospApplication using Java 1.8.0_261 on DESKTOP-18736GT with PID 12524 (F:\shangyitong\service\service-hosp\target\classes started by asus in F:\shangyitong)
2021-09-03 22:52:39.770 [restartedMain] INFO  com.atguigu.shangyitong.ServiceHospApplication - The following profiles are active: dev
2021-09-03 22:52:39.822 [restartedMain] INFO  o.s.b.d.env.DevToolsPropertyDefaultsPostProcessor - Devtools property defaults active! Set 'spring.devtools.add-properties' to 'false' to disable
2021-09-03 22:52:39.823 [restartedMain] INFO  o.s.b.d.env.DevToolsPropertyDefaultsPostProcessor - For additional web related logging consider setting the 'logging.level.web' property to 'DEBUG'
2021-09-03 22:52:40.911 [restartedMain] INFO  o.s.d.r.config.RepositoryConfigurationDelegate - Multiple Spring Data modules found, entering strict repository configuration mode!
2021-09-03 22:52:40.913 [restartedMain] INFO  o.s.d.r.config.RepositoryConfigurationDelegate - Bootstrapping Spring Data Redis repositories in DEFAULT mode.
2021-09-03 22:52:40.935 [restartedMain] INFO  o.s.d.r.config.RepositoryConfigurationDelegate - Finished Spring Data repository scanning in 8 ms. Found 0 Redis repository interfaces.
2021-09-03 22:52:41.182 [restartedMain] INFO  o.springframework.cloud.context.scope.GenericScope - BeanFactory id=f79565f5-d3a3-3270-9fdf-9f83b8ddebaf
2021-09-03 22:52:41.694 [restartedMain] INFO  o.s.boot.web.embedded.tomcat.TomcatWebServer - Tomcat initialized with port(s): 8202 (http)
2021-09-03 22:52:41.702 [restartedMain] INFO  org.apache.coyote.http11.Http11NioProtocol - Initializing ProtocolHandler ["http-nio-8202"]
2021-09-03 22:52:41.702 [restartedMain] INFO  org.apache.catalina.core.StandardService - Starting service [Tomcat]
2021-09-03 22:52:41.702 [restartedMain] INFO  org.apache.catalina.core.StandardEngine - Starting Servlet engine: [Apache Tomcat/9.0.52]
2021-09-03 22:52:41.799 [restartedMain] INFO  o.a.c.core.ContainerBase.[Tomcat].[localhost].[/] - Initializing Spring embedded WebApplicationContext
2021-09-03 22:52:41.800 [restartedMain] INFO  o.s.b.w.s.c.ServletWebServerApplicationContext - Root WebApplicationContext: initialization completed in 1975 ms
2021-09-03 22:52:42.070 [restartedMain] INFO  com.zaxxer.hikari.HikariDataSource - HikariPool-1 - Starting...
2021-09-03 22:52:42.784 [restartedMain] INFO  com.zaxxer.hikari.HikariDataSource - HikariPool-1 - Start completed.
2021-09-03 22:52:43.268 [restartedMain] INFO  s.d.s.w.PropertySourcedRequestMappingHandlerMapping - Mapped URL path [/v2/api-docs] onto method [springfox.documentation.swagger2.web.Swagger2Controller#getDocumentation(String, HttpServletRequest)]
2021-09-03 22:52:43.400 [restartedMain] INFO  o.s.b.d.autoconfigure.OptionalLiveReloadServer - LiveReload server is running on port 35729
2021-09-03 22:52:44.567 [restartedMain] INFO  org.apache.coyote.http11.Http11NioProtocol - Starting ProtocolHandler ["http-nio-8202"]
2021-09-03 22:52:44.582 [restartedMain] INFO  o.s.boot.web.embedded.tomcat.TomcatWebServer - Tomcat started on port(s): 8202 (http) with context path ''
2021-09-03 22:52:45.123 [restartedMain] INFO  s.d.s.web.plugins.DocumentationPluginsBootstrapper - Context refreshed
2021-09-03 22:52:45.138 [restartedMain] INFO  s.d.s.web.plugins.DocumentationPluginsBootstrapper - Found 1 custom documentation plugin(s)
2021-09-03 22:52:45.163 [restartedMain] INFO  s.d.spring.web.scanners.ApiListingReferenceScanner - Scanning for api listing references
2021-09-03 22:52:45.337 [restartedMain] INFO  com.atguigu.shangyitong.ServiceHospApplication - Started ServiceHospApplication in 6.937 seconds (JVM running for 8.234)
2021-09-03 22:52:57.176 [main] INFO  c.a.shangyitong.controller.HospitalControllerTest - Starting HospitalControllerTest using Java 1.8.0_261 on DESKTOP-18736GT with PID 14224 (started by asus in F:\shangyitong\service\service-hosp)
2021-09-03 22:52:57.177 [main] INFO  c.a.shangyitong.controller.HospitalControllerTest - The following profiles are active: dev
2021-09-03 22:52:58.255 [main] INFO  o.s.d.r.config.RepositoryConfigurationDelegate - Multiple Spring Data modules found, entering strict repository configuration mode!
2021-09-03 22:52:58.259 [main] INFO  o.s.d.r.config.RepositoryConfigurationDelegate - Bootstrapping Spring Data Redis repositories in DEFAULT mode.
2021-09-03 22:52:58.287 [main] INFO  o.s.d.r.config.RepositoryConfigurationDelegate - Finished Spring Data repository scanning in 11 ms. Found 0 Redis repository interfaces.
2021-09-03 22:52:58.612 [main] INFO  o.springframework.cloud.context.scope.GenericScope - BeanFactory id=d85e51a8-c137-3ffa-95e4-058cd296434b
2021-09-03 22:52:59.827 [main] INFO  o.s.boot.web.embedded.tomcat.TomcatWebServer - Tomcat initialized with port(s): 0 (http)
2021-09-03 22:52:59.838 [main] INFO  org.apache.coyote.http11.Http11NioProtocol - Initializing ProtocolHandler ["http-nio-auto-1"]
2021-09-03 22:52:59.839 [main] INFO  org.apache.catalina.core.StandardService - Starting service [Tomcat]
2021-09-03 22:52:59.840 [main] INFO  org.apache.catalina.core.StandardEngine - Starting Servlet engine: [Apache Tomcat/9.0.52]
2021-09-03 22:52:59.971 [main] INFO  o.a.c.core.ContainerBase.[Tomcat].[localhost].[/] - Initializing Spring embedded WebApplicationContext
2021-09-03 22:52:59.972 [main] INFO  o.s.b.w.s.c.ServletWebServerApplicationContext - Root WebApplicationContext: initialization completed in 2769 ms
2021-09-03 22:53:00.372 [main] INFO  com.zaxxer.hikari.HikariDataSource - HikariPool-1 - Starting...
2021-09-03 22:53:01.272 [main] INFO  com.zaxxer.hikari.HikariDataSource - HikariPool-1 - Start completed.
2021-09-03 22:53:02.475 [main] INFO  s.d.s.w.PropertySourcedRequestMappingHandlerMapping - Mapped URL path [/v2/api-docs] onto method [springfox.documentation.swagger2.web.Swagger2Controller#getDocumentation(String, HttpServletRequest)]
2021-09-03 22:53:04.725 [main] INFO  org.apache.coyote.http11.Http11NioProtocol - Starting ProtocolHandler ["http-nio-auto-1"]
2021-09-03 22:53:04.747 [main] INFO  o.s.boot.web.embedded.tomcat.TomcatWebServer - Tomcat started on port(s): 2271 (http) with context path ''
2021-09-03 22:53:05.307 [main] INFO  s.d.s.web.plugins.DocumentationPluginsBootstrapper - Context refreshed
2021-09-03 22:53:05.333 [main] INFO  s.d.s.web.plugins.DocumentationPluginsBootstrapper - Found 1 custom documentation plugin(s)
2021-09-03 22:53:05.369 [main] INFO  s.d.spring.web.scanners.ApiListingReferenceScanner - Scanning for api listing references
2021-09-03 22:53:05.599 [main] INFO  c.a.shangyitong.controller.HospitalControllerTest - Started HospitalControllerTest in 9.611 seconds (JVM running for 11.481)
2021-09-03 22:53:05.979 [http-nio-8202-exec-1] INFO  o.a.c.core.ContainerBase.[Tomcat].[localhost].[/] - Initializing Spring DispatcherServlet 'dispatcherServlet'
2021-09-03 22:53:05.979 [http-nio-8202-exec-1] INFO  org.springframework.web.servlet.DispatcherServlet - Initializing Servlet 'dispatcherServlet'
2021-09-03 22:53:05.982 [http-nio-8202-exec-1] INFO  org.springframework.web.servlet.DispatcherServlet - Completed initialization in 2 ms
2021-09-03 22:53:06.636 [SpringApplicationShutdownHook] INFO  com.zaxxer.hikari.HikariDataSource - HikariPool-1 - Shutdown initiated...
2021-09-03 22:53:06.652 [SpringApplicationShutdownHook] INFO  com.zaxxer.hikari.HikariDataSource - HikariPool-1 - Shutdown completed.
2021-09-03 22:53:48.430 [main] INFO  c.a.shangyitong.controller.HospitalControllerTest - Starting HospitalControllerTest using Java 1.8.0_261 on DESKTOP-18736GT with PID 20024 (started by asus in F:\shangyitong\service\service-hosp)
2021-09-03 22:53:48.432 [main] INFO  c.a.shangyitong.controller.HospitalControllerTest - The following profiles are active: dev
2021-09-03 22:53:49.496 [main] INFO  o.s.d.r.config.RepositoryConfigurationDelegate - Multiple Spring Data modules found, entering strict repository configuration mode!
2021-09-03 22:53:49.500 [main] INFO  o.s.d.r.config.RepositoryConfigurationDelegate - Bootstrapping Spring Data Redis repositories in DEFAULT mode.
2021-09-03 22:53:49.527 [main] INFO  o.s.d.r.config.RepositoryConfigurationDelegate - Finished Spring Data repository scanning in 10 ms. Found 0 Redis repository interfaces.
2021-09-03 22:53:49.860 [main] INFO  o.springframework.cloud.context.scope.GenericScope - BeanFactory id=d85e51a8-c137-3ffa-95e4-058cd296434b
2021-09-03 22:53:51.060 [main] INFO  o.s.boot.web.embedded.tomcat.TomcatWebServer - Tomcat initialized with port(s): 0 (http)
2021-09-03 22:53:51.071 [main] INFO  org.apache.coyote.http11.Http11NioProtocol - Initializing ProtocolHandler ["http-nio-auto-1"]
2021-09-03 22:53:51.072 [main] INFO  org.apache.catalina.core.StandardService - Starting service [Tomcat]
2021-09-03 22:53:51.073 [main] INFO  org.apache.catalina.core.StandardEngine - Starting Servlet engine: [Apache Tomcat/9.0.52]
2021-09-03 22:53:51.204 [main] INFO  o.a.c.core.ContainerBase.[Tomcat].[localhost].[/] - Initializing Spring embedded WebApplicationContext
2021-09-03 22:53:51.205 [main] INFO  o.s.b.w.s.c.ServletWebServerApplicationContext - Root WebApplicationContext: initialization completed in 2750 ms
2021-09-03 22:53:51.662 [main] INFO  com.zaxxer.hikari.HikariDataSource - HikariPool-1 - Starting...
2021-09-03 22:53:52.528 [main] INFO  com.zaxxer.hikari.HikariDataSource - HikariPool-1 - Start completed.
2021-09-03 22:53:53.587 [main] INFO  s.d.s.w.PropertySourcedRequestMappingHandlerMapping - Mapped URL path [/v2/api-docs] onto method [springfox.documentation.swagger2.web.Swagger2Controller#getDocumentation(String, HttpServletRequest)]
2021-09-03 22:53:55.677 [main] INFO  org.apache.coyote.http11.Http11NioProtocol - Starting ProtocolHandler ["http-nio-auto-1"]
2021-09-03 22:53:55.699 [main] INFO  o.s.boot.web.embedded.tomcat.TomcatWebServer - Tomcat started on port(s): 6864 (http) with context path ''
2021-09-03 22:53:56.257 [main] INFO  s.d.s.web.plugins.DocumentationPluginsBootstrapper - Context refreshed
2021-09-03 22:53:56.281 [main] INFO  s.d.s.web.plugins.DocumentationPluginsBootstrapper - Found 1 custom documentation plugin(s)
2021-09-03 22:53:56.319 [main] INFO  s.d.spring.web.scanners.ApiListingReferenceScanner - Scanning for api listing references
2021-09-03 22:53:56.538 [main] INFO  c.a.shangyitong.controller.HospitalControllerTest - Started HospitalControllerTest in 9.326 seconds (JVM running for 10.883)
2021-09-03 22:53:57.316 [SpringApplicationShutdownHook] INFO  com.zaxxer.hikari.HikariDataSource - HikariPool-1 - Shutdown initiated...
2021-09-03 22:53:57.331 [SpringApplicationShutdownHook] INFO  com.zaxxer.hikari.HikariDataSource - HikariPool-1 - Shutdown completed.
2021-09-03 22:57:28.090 [Thread-15] INFO  com.zaxxer.hikari.HikariDataSource - HikariPool-1 - Shutdown initiated...
2021-09-03 22:57:28.102 [Thread-15] INFO  com.zaxxer.hikari.HikariDataSource - HikariPool-1 - Shutdown completed.
2021-09-03 22:57:28.942 [restartedMain] INFO  com.atguigu.shangyitong.ServiceHospApplication - Starting ServiceHospApplication using Java 1.8.0_261 on DESKTOP-18736GT with PID 12524 (F:\shangyitong\service\service-hosp\target\classes started by asus in F:\shangyitong)
2021-09-03 22:57:28.943 [restartedMain] INFO  com.atguigu.shangyitong.ServiceHospApplication - The following profiles are active: dev
2021-09-03 22:57:29.448 [restartedMain] INFO  o.s.d.r.config.RepositoryConfigurationDelegate - Multiple Spring Data modules found, entering strict repository configuration mode!
2021-09-03 22:57:29.449 [restartedMain] INFO  o.s.d.r.config.RepositoryConfigurationDelegate - Bootstrapping Spring Data Redis repositories in DEFAULT mode.
2021-09-03 22:57:29.455 [restartedMain] INFO  o.s.d.r.config.RepositoryConfigurationDelegate - Finished Spring Data repository scanning in 5 ms. Found 0 Redis repository interfaces.
2021-09-03 22:57:29.570 [restartedMain] INFO  o.springframework.cloud.context.scope.GenericScope - BeanFactory id=f79565f5-d3a3-3270-9fdf-9f83b8ddebaf
2021-09-03 22:57:29.667 [restartedMain] INFO  o.s.boot.web.embedded.tomcat.TomcatWebServer - Tomcat initialized with port(s): 8202 (http)
2021-09-03 22:57:29.669 [restartedMain] INFO  org.apache.coyote.http11.Http11NioProtocol - Initializing ProtocolHandler ["http-nio-8202"]
2021-09-03 22:57:29.669 [restartedMain] INFO  org.apache.catalina.core.StandardService - Starting service [Tomcat]
2021-09-03 22:57:29.671 [restartedMain] INFO  org.apache.catalina.core.StandardEngine - Starting Servlet engine: [Apache Tomcat/9.0.52]
2021-09-03 22:57:29.696 [restartedMain] INFO  o.a.c.core.ContainerBase.[Tomcat].[localhost].[/] - Initializing Spring embedded WebApplicationContext
2021-09-03 22:57:29.697 [restartedMain] INFO  o.s.b.w.s.c.ServletWebServerApplicationContext - Root WebApplicationContext: initialization completed in 750 ms
2021-09-03 22:57:29.772 [restartedMain] INFO  com.zaxxer.hikari.HikariDataSource - HikariPool-2 - Starting...
2021-09-03 22:57:29.786 [restartedMain] INFO  com.zaxxer.hikari.HikariDataSource - HikariPool-2 - Start completed.
2021-09-03 22:57:30.051 [restartedMain] INFO  s.d.s.w.PropertySourcedRequestMappingHandlerMapping - Mapped URL path [/v2/api-docs] onto method [springfox.documentation.swagger2.web.Swagger2Controller#getDocumentation(String, HttpServletRequest)]
2021-09-03 22:57:30.103 [restartedMain] INFO  o.s.b.d.autoconfigure.OptionalLiveReloadServer - LiveReload server is running on port 35729
2021-09-03 22:57:31.536 [restartedMain] INFO  org.apache.coyote.http11.Http11NioProtocol - Starting ProtocolHandler ["http-nio-8202"]
2021-09-03 22:57:31.538 [restartedMain] INFO  o.s.boot.web.embedded.tomcat.TomcatWebServer - Tomcat started on port(s): 8202 (http) with context path ''
2021-09-03 22:57:32.796 [restartedMain] INFO  s.d.s.web.plugins.DocumentationPluginsBootstrapper - Context refreshed
2021-09-03 22:57:32.797 [restartedMain] INFO  s.d.s.web.plugins.DocumentationPluginsBootstrapper - Found 1 custom documentation plugin(s)
2021-09-03 22:57:32.806 [restartedMain] INFO  s.d.spring.web.scanners.ApiListingReferenceScanner - Scanning for api listing references
2021-09-03 22:57:32.876 [restartedMain] INFO  com.atguigu.shangyitong.ServiceHospApplication - Started ServiceHospApplication in 4.589 seconds (JVM running for 295.773)
2021-09-03 22:57:32.879 [restartedMain] INFO  o.s.b.d.a.ConditionEvaluationDeltaLoggingListener - Condition evaluation unchanged
2021-09-03 22:57:33.498 [Thread-27] INFO  com.zaxxer.hikari.HikariDataSource - HikariPool-2 - Shutdown initiated...
2021-09-03 22:57:33.508 [Thread-27] INFO  com.zaxxer.hikari.HikariDataSource - HikariPool-2 - Shutdown completed.
2021-09-03 22:57:33.997 [main] INFO  c.a.shangyitong.controller.HospitalControllerTest - Starting HospitalControllerTest using Java 1.8.0_261 on DESKTOP-18736GT with PID 16248 (started by asus in F:\shangyitong\service\service-hosp)
2021-09-03 22:57:33.999 [main] INFO  c.a.shangyitong.controller.HospitalControllerTest - The following profiles are active: dev
2021-09-03 22:57:34.861 [restartedMain] INFO  com.atguigu.shangyitong.ServiceHospApplication - Starting ServiceHospApplication using Java 1.8.0_261 on DESKTOP-18736GT with PID 12524 (F:\shangyitong\service\service-hosp\target\classes started by asus in F:\shangyitong)
2021-09-03 22:57:34.862 [restartedMain] INFO  com.atguigu.shangyitong.ServiceHospApplication - The following profiles are active: dev
2021-09-03 22:57:35.494 [main] INFO  o.s.d.r.config.RepositoryConfigurationDelegate - Multiple Spring Data modules found, entering strict repository configuration mode!
2021-09-03 22:57:35.499 [main] INFO  o.s.d.r.config.RepositoryConfigurationDelegate - Bootstrapping Spring Data Redis repositories in DEFAULT mode.
2021-09-03 22:57:35.545 [main] INFO  o.s.d.r.config.RepositoryConfigurationDelegate - Finished Spring Data repository scanning in 16 ms. Found 0 Redis repository interfaces.
2021-09-03 22:57:36.279 [main] INFO  o.springframework.cloud.context.scope.GenericScope - BeanFactory id=d85e51a8-c137-3ffa-95e4-058cd296434b
2021-09-03 22:57:38.641 [main] INFO  o.s.boot.web.embedded.tomcat.TomcatWebServer - Tomcat initialized with port(s): 0 (http)
2021-09-03 22:57:38.658 [main] INFO  org.apache.coyote.http11.Http11NioProtocol - Initializing ProtocolHandler ["http-nio-auto-1"]
2021-09-03 22:57:38.660 [main] INFO  org.apache.catalina.core.StandardService - Starting service [Tomcat]
2021-09-03 22:57:38.660 [main] INFO  org.apache.catalina.core.StandardEngine - Starting Servlet engine: [Apache Tomcat/9.0.52]
2021-09-03 22:57:38.847 [main] INFO  o.a.c.core.ContainerBase.[Tomcat].[localhost].[/] - Initializing Spring embedded WebApplicationContext
2021-09-03 22:57:38.848 [main] INFO  o.s.b.w.s.c.ServletWebServerApplicationContext - Root WebApplicationContext: initialization completed in 4813 ms
2021-09-03 22:57:39.320 [main] INFO  com.zaxxer.hikari.HikariDataSource - HikariPool-1 - Starting...
2021-09-03 22:57:40.850 [main] INFO  com.zaxxer.hikari.HikariDataSource - HikariPool-1 - Start completed.
2021-09-03 22:57:42.613 [restartedMain] INFO  com.atguigu.shangyitong.ServiceHospApplication - Starting ServiceHospApplication using Java 1.8.0_261 on DESKTOP-18736GT with PID 14476 (F:\shangyitong\service\service-hosp\target\classes started by asus in F:\shangyitong)
2021-09-03 22:57:42.617 [restartedMain] INFO  com.atguigu.shangyitong.ServiceHospApplication - The following profiles are active: dev
2021-09-03 22:57:42.724 [restartedMain] INFO  o.s.b.d.env.DevToolsPropertyDefaultsPostProcessor - Devtools property defaults active! Set 'spring.devtools.add-properties' to 'false' to disable
2021-09-03 22:57:42.724 [restartedMain] INFO  o.s.b.d.env.DevToolsPropertyDefaultsPostProcessor - For additional web related logging consider setting the 'logging.level.web' property to 'DEBUG'
2021-09-03 22:57:43.150 [main] INFO  s.d.s.w.PropertySourcedRequestMappingHandlerMapping - Mapped URL path [/v2/api-docs] onto method [springfox.documentation.swagger2.web.Swagger2Controller#getDocumentation(String, HttpServletRequest)]
2021-09-03 22:57:44.759 [restartedMain] INFO  o.s.d.r.config.RepositoryConfigurationDelegate - Multiple Spring Data modules found, entering strict repository configuration mode!
2021-09-03 22:57:44.764 [restartedMain] INFO  o.s.d.r.config.RepositoryConfigurationDelegate - Bootstrapping Spring Data Redis repositories in DEFAULT mode.
2021-09-03 22:57:44.848 [restartedMain] INFO  o.s.d.r.config.RepositoryConfigurationDelegate - Finished Spring Data repository scanning in 10 ms. Found 0 Redis repository interfaces.
2021-09-03 22:57:45.402 [restartedMain] INFO  o.springframework.cloud.context.scope.GenericScope - BeanFactory id=f79565f5-d3a3-3270-9fdf-9f83b8ddebaf
2021-09-03 22:57:46.228 [restartedMain] INFO  o.s.boot.web.embedded.tomcat.TomcatWebServer - Tomcat initialized with port(s): 8202 (http)
2021-09-03 22:57:46.239 [restartedMain] INFO  org.apache.coyote.http11.Http11NioProtocol - Initializing ProtocolHandler ["http-nio-8202"]
2021-09-03 22:57:46.240 [restartedMain] INFO  org.apache.catalina.core.StandardService - Starting service [Tomcat]
2021-09-03 22:57:46.241 [restartedMain] INFO  org.apache.catalina.core.StandardEngine - Starting Servlet engine: [Apache Tomcat/9.0.52]
2021-09-03 22:57:46.373 [restartedMain] INFO  o.a.c.core.ContainerBase.[Tomcat].[localhost].[/] - Initializing Spring embedded WebApplicationContext
2021-09-03 22:57:46.374 [restartedMain] INFO  o.s.b.w.s.c.ServletWebServerApplicationContext - Root WebApplicationContext: initialization completed in 3649 ms
2021-09-03 22:57:46.704 [restartedMain] INFO  com.zaxxer.hikari.HikariDataSource - HikariPool-1 - Starting...
2021-09-03 22:57:47.049 [main] INFO  org.apache.coyote.http11.Http11NioProtocol - Starting ProtocolHandler ["http-nio-auto-1"]
2021-09-03 22:57:47.069 [main] INFO  o.s.boot.web.embedded.tomcat.TomcatWebServer - Tomcat started on port(s): 6986 (http) with context path ''
2021-09-03 22:57:47.644 [restartedMain] INFO  com.zaxxer.hikari.HikariDataSource - HikariPool-1 - Start completed.
2021-09-03 22:57:47.836 [main] INFO  s.d.s.web.plugins.DocumentationPluginsBootstrapper - Context refreshed
2021-09-03 22:57:47.880 [main] INFO  s.d.s.web.plugins.DocumentationPluginsBootstrapper - Found 1 custom documentation plugin(s)
2021-09-03 22:57:47.939 [main] INFO  s.d.spring.web.scanners.ApiListingReferenceScanner - Scanning for api listing references
2021-09-03 22:57:48.319 [main] INFO  c.a.shangyitong.controller.HospitalControllerTest - Started HospitalControllerTest in 16.273 seconds (JVM running for 18.399)
2021-09-03 22:57:48.389 [restartedMain] INFO  s.d.s.w.PropertySourcedRequestMappingHandlerMapping - Mapped URL path [/v2/api-docs] onto method [springfox.documentation.swagger2.web.Swagger2Controller#getDocumentation(String, HttpServletRequest)]
2021-09-03 22:57:48.605 [restartedMain] INFO  o.s.b.d.autoconfigure.OptionalLiveReloadServer - LiveReload server is running on port 35729
2021-09-03 22:57:49.827 [restartedMain] INFO  org.apache.coyote.http11.Http11NioProtocol - Starting ProtocolHandler ["http-nio-8202"]
2021-09-03 22:57:49.842 [restartedMain] INFO  o.s.boot.web.embedded.tomcat.TomcatWebServer - Tomcat started on port(s): 8202 (http) with context path ''
2021-09-03 22:57:50.052 [http-nio-8202-exec-1] INFO  o.a.c.core.ContainerBase.[Tomcat].[localhost].[/] - Initializing Spring DispatcherServlet 'dispatcherServlet'
2021-09-03 22:57:50.052 [http-nio-8202-exec-1] INFO  org.springframework.web.servlet.DispatcherServlet - Initializing Servlet 'dispatcherServlet'
2021-09-03 22:57:50.057 [http-nio-8202-exec-1] INFO  org.springframework.web.servlet.DispatcherServlet - Completed initialization in 4 ms
2021-09-03 22:57:50.466 [restartedMain] INFO  s.d.s.web.plugins.DocumentationPluginsBootstrapper - Context refreshed
2021-09-03 22:57:50.482 [restartedMain] INFO  s.d.s.web.plugins.DocumentationPluginsBootstrapper - Found 1 custom documentation plugin(s)
2021-09-03 22:57:50.510 [restartedMain] INFO  s.d.spring.web.scanners.ApiListingReferenceScanner - Scanning for api listing references
2021-09-03 22:57:50.646 [restartedMain] INFO  com.atguigu.shangyitong.ServiceHospApplication - Started ServiceHospApplication in 10.561 seconds (JVM running for 12.525)
2021-09-03 22:57:50.768 [SpringApplicationShutdownHook] INFO  com.zaxxer.hikari.HikariDataSource - HikariPool-1 - Shutdown initiated...
2021-09-03 22:57:50.785 [SpringApplicationShutdownHook] INFO  com.zaxxer.hikari.HikariDataSource - HikariPool-1 - Shutdown completed.
2021-09-03 22:58:06.691 [main] INFO  c.a.shangyitong.controller.HospitalControllerTest - Starting HospitalControllerTest using Java 1.8.0_261 on DESKTOP-18736GT with PID 4392 (started by asus in F:\shangyitong\service\service-hosp)
2021-09-03 22:58:06.693 [main] INFO  c.a.shangyitong.controller.HospitalControllerTest - The following profiles are active: dev
2021-09-03 22:58:07.769 [main] INFO  o.s.d.r.config.RepositoryConfigurationDelegate - Multiple Spring Data modules found, entering strict repository configuration mode!
2021-09-03 22:58:07.773 [main] INFO  o.s.d.r.config.RepositoryConfigurationDelegate - Bootstrapping Spring Data Redis repositories in DEFAULT mode.
2021-09-03 22:58:07.801 [main] INFO  o.s.d.r.config.RepositoryConfigurationDelegate - Finished Spring Data repository scanning in 10 ms. Found 0 Redis repository interfaces.
2021-09-03 22:58:08.144 [main] INFO  o.springframework.cloud.context.scope.GenericScope - BeanFactory id=d85e51a8-c137-3ffa-95e4-058cd296434b
2021-09-03 22:58:09.352 [main] INFO  o.s.boot.web.embedded.tomcat.TomcatWebServer - Tomcat initialized with port(s): 0 (http)
2021-09-03 22:58:09.363 [main] INFO  org.apache.coyote.http11.Http11NioProtocol - Initializing ProtocolHandler ["http-nio-auto-1"]
2021-09-03 22:58:09.364 [main] INFO  org.apache.catalina.core.StandardService - Starting service [Tomcat]
2021-09-03 22:58:09.364 [main] INFO  org.apache.catalina.core.StandardEngine - Starting Servlet engine: [Apache Tomcat/9.0.52]
2021-09-03 22:58:09.499 [main] INFO  o.a.c.core.ContainerBase.[Tomcat].[localhost].[/] - Initializing Spring embedded WebApplicationContext
2021-09-03 22:58:09.500 [main] INFO  o.s.b.w.s.c.ServletWebServerApplicationContext - Root WebApplicationContext: initialization completed in 2781 ms
2021-09-03 22:58:09.918 [main] INFO  com.zaxxer.hikari.HikariDataSource - HikariPool-1 - Starting...
2021-09-03 22:58:10.758 [main] INFO  com.zaxxer.hikari.HikariDataSource - HikariPool-1 - Start completed.
2021-09-03 22:58:11.911 [main] INFO  s.d.s.w.PropertySourcedRequestMappingHandlerMapping - Mapped URL path [/v2/api-docs] onto method [springfox.documentation.swagger2.web.Swagger2Controller#getDocumentation(String, HttpServletRequest)]
2021-09-03 22:58:14.032 [main] INFO  org.apache.coyote.http11.Http11NioProtocol - Starting ProtocolHandler ["http-nio-auto-1"]
2021-09-03 22:58:14.055 [main] INFO  o.s.boot.web.embedded.tomcat.TomcatWebServer - Tomcat started on port(s): 7023 (http) with context path ''
2021-09-03 22:58:14.620 [main] INFO  s.d.s.web.plugins.DocumentationPluginsBootstrapper - Context refreshed
2021-09-03 22:58:14.649 [main] INFO  s.d.s.web.plugins.DocumentationPluginsBootstrapper - Found 1 custom documentation plugin(s)
2021-09-03 22:58:14.687 [main] INFO  s.d.spring.web.scanners.ApiListingReferenceScanner - Scanning for api listing references
2021-09-03 22:58:14.916 [main] INFO  c.a.shangyitong.controller.HospitalControllerTest - Started HospitalControllerTest in 9.565 seconds (JVM running for 11.082)
2021-09-03 22:58:15.818 [SpringApplicationShutdownHook] INFO  com.zaxxer.hikari.HikariDataSource - HikariPool-1 - Shutdown initiated...
2021-09-03 22:58:15.835 [SpringApplicationShutdownHook] INFO  com.zaxxer.hikari.HikariDataSource - HikariPool-1 - Shutdown completed.
2021-09-03 22:59:14.748 [main] INFO  c.a.shangyitong.controller.HospitalControllerTest - Starting HospitalControllerTest using Java 1.8.0_261 on DESKTOP-18736GT with PID 9504 (started by asus in F:\shangyitong\service\service-hosp)
2021-09-03 22:59:14.749 [main] INFO  c.a.shangyitong.controller.HospitalControllerTest - The following profiles are active: dev
2021-09-03 22:59:15.829 [main] INFO  o.s.d.r.config.RepositoryConfigurationDelegate - Multiple Spring Data modules found, entering strict repository configuration mode!
2021-09-03 22:59:15.833 [main] INFO  o.s.d.r.config.RepositoryConfigurationDelegate - Bootstrapping Spring Data Redis repositories in DEFAULT mode.
2021-09-03 22:59:15.862 [main] INFO  o.s.d.r.config.RepositoryConfigurationDelegate - Finished Spring Data repository scanning in 11 ms. Found 0 Redis repository interfaces.
2021-09-03 22:59:16.193 [main] INFO  o.springframework.cloud.context.scope.GenericScope - BeanFactory id=d85e51a8-c137-3ffa-95e4-058cd296434b
2021-09-03 22:59:17.420 [main] INFO  o.s.boot.web.embedded.tomcat.TomcatWebServer - Tomcat initialized with port(s): 0 (http)
2021-09-03 22:59:17.431 [main] INFO  org.apache.coyote.http11.Http11NioProtocol - Initializing ProtocolHandler ["http-nio-auto-1"]
2021-09-03 22:59:17.433 [main] INFO  org.apache.catalina.core.StandardService - Starting service [Tomcat]
2021-09-03 22:59:17.434 [main] INFO  org.apache.catalina.core.StandardEngine - Starting Servlet engine: [Apache Tomcat/9.0.52]
2021-09-03 22:59:17.587 [main] INFO  o.a.c.core.ContainerBase.[Tomcat].[localhost].[/] - Initializing Spring embedded WebApplicationContext
2021-09-03 22:59:17.589 [main] INFO  o.s.b.w.s.c.ServletWebServerApplicationContext - Root WebApplicationContext: initialization completed in 2816 ms
2021-09-03 22:59:18.009 [main] INFO  com.zaxxer.hikari.HikariDataSource - HikariPool-1 - Starting...
2021-09-03 22:59:18.880 [main] INFO  com.zaxxer.hikari.HikariDataSource - HikariPool-1 - Start completed.
2021-09-03 22:59:20.001 [main] INFO  s.d.s.w.PropertySourcedRequestMappingHandlerMapping - Mapped URL path [/v2/api-docs] onto method [springfox.documentation.swagger2.web.Swagger2Controller#getDocumentation(String, HttpServletRequest)]
2021-09-03 22:59:22.354 [main] INFO  org.apache.coyote.http11.Http11NioProtocol - Starting ProtocolHandler ["http-nio-auto-1"]
2021-09-03 22:59:22.376 [main] INFO  o.s.boot.web.embedded.tomcat.TomcatWebServer - Tomcat started on port(s): 7058 (http) with context path ''
2021-09-03 22:59:22.946 [main] INFO  s.d.s.web.plugins.DocumentationPluginsBootstrapper - Context refreshed
2021-09-03 22:59:22.975 [main] INFO  s.d.s.web.plugins.DocumentationPluginsBootstrapper - Found 1 custom documentation plugin(s)
2021-09-03 22:59:23.012 [main] INFO  s.d.spring.web.scanners.ApiListingReferenceScanner - Scanning for api listing references
2021-09-03 22:59:23.216 [main] INFO  c.a.shangyitong.controller.HospitalControllerTest - Started HospitalControllerTest in 9.728 seconds (JVM running for 11.393)
2021-09-03 22:59:24.026 [SpringApplicationShutdownHook] INFO  com.zaxxer.hikari.HikariDataSource - HikariPool-1 - Shutdown initiated...
2021-09-03 22:59:24.038 [SpringApplicationShutdownHook] INFO  com.zaxxer.hikari.HikariDataSource - HikariPool-1 - Shutdown completed.
2021-09-03 22:59:56.480 [main] INFO  c.a.shangyitong.controller.HospitalControllerTest - Starting HospitalControllerTest using Java 1.8.0_261 on DESKTOP-18736GT with PID 12480 (started by asus in F:\shangyitong\service\service-hosp)
2021-09-03 22:59:56.482 [main] INFO  c.a.shangyitong.controller.HospitalControllerTest - The following profiles are active: dev
2021-09-03 22:59:57.579 [main] INFO  o.s.d.r.config.RepositoryConfigurationDelegate - Multiple Spring Data modules found, entering strict repository configuration mode!
2021-09-03 22:59:57.583 [main] INFO  o.s.d.r.config.RepositoryConfigurationDelegate - Bootstrapping Spring Data Redis repositories in DEFAULT mode.
2021-09-03 22:59:57.614 [main] INFO  o.s.d.r.config.RepositoryConfigurationDelegate - Finished Spring Data repository scanning in 13 ms. Found 0 Redis repository interfaces.
2021-09-03 22:59:57.933 [main] INFO  o.springframework.cloud.context.scope.GenericScope - BeanFactory id=d85e51a8-c137-3ffa-95e4-058cd296434b
2021-09-03 22:59:59.145 [main] INFO  o.s.boot.web.embedded.tomcat.TomcatWebServer - Tomcat initialized with port(s): 0 (http)
2021-09-03 22:59:59.157 [main] INFO  org.apache.coyote.http11.Http11NioProtocol - Initializing ProtocolHandler ["http-nio-auto-1"]
2021-09-03 22:59:59.158 [main] INFO  org.apache.catalina.core.StandardService - Starting service [Tomcat]
2021-09-03 22:59:59.158 [main] INFO  org.apache.catalina.core.StandardEngine - Starting Servlet engine: [Apache Tomcat/9.0.52]
2021-09-03 22:59:59.294 [main] INFO  o.a.c.core.ContainerBase.[Tomcat].[localhost].[/] - Initializing Spring embedded WebApplicationContext
2021-09-03 22:59:59.295 [main] INFO  o.s.b.w.s.c.ServletWebServerApplicationContext - Root WebApplicationContext: initialization completed in 2788 ms
2021-09-03 22:59:59.728 [main] INFO  com.zaxxer.hikari.HikariDataSource - HikariPool-1 - Starting...
2021-09-03 23:00:00.590 [main] INFO  com.zaxxer.hikari.HikariDataSource - HikariPool-1 - Start completed.
2021-09-03 23:00:01.680 [main] INFO  s.d.s.w.PropertySourcedRequestMappingHandlerMapping - Mapped URL path [/v2/api-docs] onto method [springfox.documentation.swagger2.web.Swagger2Controller#getDocumentation(String, HttpServletRequest)]
2021-09-03 23:00:03.826 [main] INFO  org.apache.coyote.http11.Http11NioProtocol - Starting ProtocolHandler ["http-nio-auto-1"]
2021-09-03 23:00:03.849 [main] INFO  o.s.boot.web.embedded.tomcat.TomcatWebServer - Tomcat started on port(s): 7094 (http) with context path ''
2021-09-03 23:00:04.417 [main] INFO  s.d.s.web.plugins.DocumentationPluginsBootstrapper - Context refreshed
2021-09-03 23:00:04.445 [main] INFO  s.d.s.web.plugins.DocumentationPluginsBootstrapper - Found 1 custom documentation plugin(s)
2021-09-03 23:00:04.481 [main] INFO  s.d.spring.web.scanners.ApiListingReferenceScanner - Scanning for api listing references
2021-09-03 23:00:04.705 [main] INFO  c.a.shangyitong.controller.HospitalControllerTest - Started HospitalControllerTest in 9.461 seconds (JVM running for 11.076)
2021-09-03 23:00:05.620 [SpringApplicationShutdownHook] INFO  com.zaxxer.hikari.HikariDataSource - HikariPool-1 - Shutdown initiated...
2021-09-03 23:00:05.633 [SpringApplicationShutdownHook] INFO  com.zaxxer.hikari.HikariDataSource - HikariPool-1 - Shutdown completed.
2021-09-03 23:00:35.174 [main] INFO  c.a.shangyitong.controller.HospitalControllerTest - Starting HospitalControllerTest using Java 1.8.0_261 on DESKTOP-18736GT with PID 18824 (started by asus in F:\shangyitong\service\service-hosp)
2021-09-03 23:00:35.176 [main] INFO  c.a.shangyitong.controller.HospitalControllerTest - The following profiles are active: dev
2021-09-03 23:00:36.283 [main] INFO  o.s.d.r.config.RepositoryConfigurationDelegate - Multiple Spring Data modules found, entering strict repository configuration mode!
2021-09-03 23:00:36.288 [main] INFO  o.s.d.r.config.RepositoryConfigurationDelegate - Bootstrapping Spring Data Redis repositories in DEFAULT mode.
2021-09-03 23:00:36.315 [main] INFO  o.s.d.r.config.RepositoryConfigurationDelegate - Finished Spring Data repository scanning in 9 ms. Found 0 Redis repository interfaces.
2021-09-03 23:00:36.635 [main] INFO  o.springframework.cloud.context.scope.GenericScope - BeanFactory id=d85e51a8-c137-3ffa-95e4-058cd296434b
2021-09-03 23:00:37.850 [main] INFO  o.s.boot.web.embedded.tomcat.TomcatWebServer - Tomcat initialized with port(s): 0 (http)
2021-09-03 23:00:37.862 [main] INFO  org.apache.coyote.http11.Http11NioProtocol - Initializing ProtocolHandler ["http-nio-auto-1"]
2021-09-03 23:00:37.863 [main] INFO  org.apache.catalina.core.StandardService - Starting service [Tomcat]
2021-09-03 23:00:37.863 [main] INFO  org.apache.catalina.core.StandardEngine - Starting Servlet engine: [Apache Tomcat/9.0.52]
2021-09-03 23:00:37.997 [main] INFO  o.a.c.core.ContainerBase.[Tomcat].[localhost].[/] - Initializing Spring embedded WebApplicationContext
2021-09-03 23:00:37.998 [main] INFO  o.s.b.w.s.c.ServletWebServerApplicationContext - Root WebApplicationContext: initialization completed in 2794 ms
2021-09-03 23:00:38.417 [main] INFO  com.zaxxer.hikari.HikariDataSource - HikariPool-1 - Starting...
2021-09-03 23:00:39.274 [main] INFO  com.zaxxer.hikari.HikariDataSource - HikariPool-1 - Start completed.
2021-09-03 23:00:40.345 [main] INFO  s.d.s.w.PropertySourcedRequestMappingHandlerMapping - Mapped URL path [/v2/api-docs] onto method [springfox.documentation.swagger2.web.Swagger2Controller#getDocumentation(String, HttpServletRequest)]
2021-09-03 23:00:42.544 [main] INFO  org.apache.coyote.http11.Http11NioProtocol - Starting ProtocolHandler ["http-nio-auto-1"]
2021-09-03 23:00:42.566 [main] INFO  o.s.boot.web.embedded.tomcat.TomcatWebServer - Tomcat started on port(s): 7125 (http) with context path ''
2021-09-03 23:00:43.141 [main] INFO  s.d.s.web.plugins.DocumentationPluginsBootstrapper - Context refreshed
2021-09-03 23:00:43.167 [main] INFO  s.d.s.web.plugins.DocumentationPluginsBootstrapper - Found 1 custom documentation plugin(s)
2021-09-03 23:00:43.208 [main] INFO  s.d.spring.web.scanners.ApiListingReferenceScanner - Scanning for api listing references
2021-09-03 23:00:43.424 [main] INFO  c.a.shangyitong.controller.HospitalControllerTest - Started HospitalControllerTest in 9.488 seconds (JVM running for 11.107)
2021-09-03 23:00:44.413 [SpringApplicationShutdownHook] INFO  com.zaxxer.hikari.HikariDataSource - HikariPool-1 - Shutdown initiated...
2021-09-03 23:00:44.422 [SpringApplicationShutdownHook] INFO  com.zaxxer.hikari.HikariDataSource - HikariPool-1 - Shutdown completed.
2021-09-03 23:01:21.786 [main] INFO  c.a.shangyitong.controller.HospitalControllerTest - Starting HospitalControllerTest using Java 1.8.0_261 on DESKTOP-18736GT with PID 3664 (started by asus in F:\shangyitong\service\service-hosp)
2021-09-03 23:01:21.788 [main] INFO  c.a.shangyitong.controller.HospitalControllerTest - The following profiles are active: dev
2021-09-03 23:01:23.029 [main] INFO  o.s.d.r.config.RepositoryConfigurationDelegate - Multiple Spring Data modules found, entering strict repository configuration mode!
2021-09-03 23:01:23.035 [main] INFO  o.s.d.r.config.RepositoryConfigurationDelegate - Bootstrapping Spring Data Redis repositories in DEFAULT mode.
2021-09-03 23:01:23.069 [main] INFO  o.s.d.r.config.RepositoryConfigurationDelegate - Finished Spring Data repository scanning in 13 ms. Found 0 Redis repository interfaces.
2021-09-03 23:01:23.444 [main] INFO  o.springframework.cloud.context.scope.GenericScope - BeanFactory id=d85e51a8-c137-3ffa-95e4-058cd296434b
2021-09-03 23:01:24.864 [main] INFO  o.s.boot.web.embedded.tomcat.TomcatWebServer - Tomcat initialized with port(s): 0 (http)
2021-09-03 23:01:24.875 [main] INFO  org.apache.coyote.http11.Http11NioProtocol - Initializing ProtocolHandler ["http-nio-auto-1"]
2021-09-03 23:01:24.876 [main] INFO  org.apache.catalina.core.StandardService - Starting service [Tomcat]
2021-09-03 23:01:24.876 [main] INFO  org.apache.catalina.core.StandardEngine - Starting Servlet engine: [Apache Tomcat/9.0.52]
2021-09-03 23:01:25.082 [main] INFO  o.a.c.core.ContainerBase.[Tomcat].[localhost].[/] - Initializing Spring embedded WebApplicationContext
2021-09-03 23:01:25.088 [main] INFO  o.s.b.w.s.c.ServletWebServerApplicationContext - Root WebApplicationContext: initialization completed in 3274 ms
2021-09-03 23:01:25.497 [main] INFO  com.zaxxer.hikari.HikariDataSource - HikariPool-1 - Starting...
2021-09-03 23:01:26.418 [main] INFO  com.zaxxer.hikari.HikariDataSource - HikariPool-1 - Start completed.
2021-09-03 23:01:27.681 [main] INFO  s.d.s.w.PropertySourcedRequestMappingHandlerMapping - Mapped URL path [/v2/api-docs] onto method [springfox.documentation.swagger2.web.Swagger2Controller#getDocumentation(String, HttpServletRequest)]
2021-09-03 23:01:30.096 [main] INFO  org.apache.coyote.http11.Http11NioProtocol - Starting ProtocolHandler ["http-nio-auto-1"]
2021-09-03 23:01:30.117 [main] INFO  o.s.boot.web.embedded.tomcat.TomcatWebServer - Tomcat started on port(s): 7149 (http) with context path ''
2021-09-03 23:01:30.675 [main] INFO  s.d.s.web.plugins.DocumentationPluginsBootstrapper - Context refreshed
2021-09-03 23:01:30.702 [main] INFO  s.d.s.web.plugins.DocumentationPluginsBootstrapper - Found 1 custom documentation plugin(s)
2021-09-03 23:01:30.739 [main] INFO  s.d.spring.web.scanners.ApiListingReferenceScanner - Scanning for api listing references
2021-09-03 23:01:30.986 [main] INFO  c.a.shangyitong.controller.HospitalControllerTest - Started HospitalControllerTest in 10.749 seconds (JVM running for 12.585)
2021-09-03 23:01:31.773 [SpringApplicationShutdownHook] INFO  com.zaxxer.hikari.HikariDataSource - HikariPool-1 - Shutdown initiated...
2021-09-03 23:01:31.785 [SpringApplicationShutdownHook] INFO  com.zaxxer.hikari.HikariDataSource - HikariPool-1 - Shutdown completed.
2021-09-03 23:03:18.558 [main] INFO  c.a.shangyitong.controller.HospitalControllerTest - Starting HospitalControllerTest using Java 1.8.0_261 on DESKTOP-18736GT with PID 14632 (started by asus in F:\shangyitong\service\service-hosp)
2021-09-03 23:03:18.559 [main] INFO  c.a.shangyitong.controller.HospitalControllerTest - The following profiles are active: dev
2021-09-03 23:03:19.736 [main] INFO  o.s.d.r.config.RepositoryConfigurationDelegate - Multiple Spring Data modules found, entering strict repository configuration mode!
2021-09-03 23:03:19.740 [main] INFO  o.s.d.r.config.RepositoryConfigurationDelegate - Bootstrapping Spring Data Redis repositories in DEFAULT mode.
2021-09-03 23:03:19.763 [main] INFO  o.s.d.r.config.RepositoryConfigurationDelegate - Finished Spring Data repository scanning in 9 ms. Found 0 Redis repository interfaces.
2021-09-03 23:03:20.074 [main] INFO  o.springframework.cloud.context.scope.GenericScope - BeanFactory id=d85e51a8-c137-3ffa-95e4-058cd296434b
2021-09-03 23:03:21.301 [main] INFO  o.s.boot.web.embedded.tomcat.TomcatWebServer - Tomcat initialized with port(s): 0 (http)
2021-09-03 23:03:21.313 [main] INFO  org.apache.coyote.http11.Http11NioProtocol - Initializing ProtocolHandler ["http-nio-auto-1"]
2021-09-03 23:03:21.314 [main] INFO  org.apache.catalina.core.StandardService - Starting service [Tomcat]
2021-09-03 23:03:21.315 [main] INFO  org.apache.catalina.core.StandardEngine - Starting Servlet engine: [Apache Tomcat/9.0.52]
2021-09-03 23:03:21.453 [main] INFO  o.a.c.core.ContainerBase.[Tomcat].[localhost].[/] - Initializing Spring embedded WebApplicationContext
2021-09-03 23:03:21.454 [main] INFO  o.s.b.w.s.c.ServletWebServerApplicationContext - Root WebApplicationContext: initialization completed in 2868 ms
2021-09-03 23:03:21.864 [main] INFO  com.zaxxer.hikari.HikariDataSource - HikariPool-1 - Starting...
2021-09-03 23:03:22.810 [main] INFO  com.zaxxer.hikari.HikariDataSource - HikariPool-1 - Start completed.
2021-09-03 23:03:24.058 [main] INFO  s.d.s.w.PropertySourcedRequestMappingHandlerMapping - Mapped URL path [/v2/api-docs] onto method [springfox.documentation.swagger2.web.Swagger2Controller#getDocumentation(String, HttpServletRequest)]
2021-09-03 23:03:26.328 [main] INFO  org.apache.coyote.http11.Http11NioProtocol - Starting ProtocolHandler ["http-nio-auto-1"]
2021-09-03 23:03:26.353 [main] INFO  o.s.boot.web.embedded.tomcat.TomcatWebServer - Tomcat started on port(s): 9310 (http) with context path ''
2021-09-03 23:03:26.919 [main] INFO  s.d.s.web.plugins.DocumentationPluginsBootstrapper - Context refreshed
2021-09-03 23:03:26.944 [main] INFO  s.d.s.web.plugins.DocumentationPluginsBootstrapper - Found 1 custom documentation plugin(s)
2021-09-03 23:03:26.978 [main] INFO  s.d.spring.web.scanners.ApiListingReferenceScanner - Scanning for api listing references
2021-09-03 23:03:27.192 [main] INFO  c.a.shangyitong.controller.HospitalControllerTest - Started HospitalControllerTest in 10.003 seconds (JVM running for 11.531)
2021-09-03 23:03:27.968 [SpringApplicationShutdownHook] INFO  com.zaxxer.hikari.HikariDataSource - HikariPool-1 - Shutdown initiated...
2021-09-03 23:03:27.982 [SpringApplicationShutdownHook] INFO  com.zaxxer.hikari.HikariDataSource - HikariPool-1 - Shutdown completed.
2021-09-03 23:05:05.325 [main] INFO  c.a.shangyitong.controller.HospitalControllerTest - Starting HospitalControllerTest using Java 1.8.0_261 on DESKTOP-18736GT with PID 596 (started by asus in F:\shangyitong\service\service-hosp)
2021-09-03 23:05:05.327 [main] INFO  c.a.shangyitong.controller.HospitalControllerTest - The following profiles are active: dev
2021-09-03 23:05:06.588 [main] INFO  o.s.d.r.config.RepositoryConfigurationDelegate - Multiple Spring Data modules found, entering strict repository configuration mode!
2021-09-03 23:05:06.592 [main] INFO  o.s.d.r.config.RepositoryConfigurationDelegate - Bootstrapping Spring Data Redis repositories in DEFAULT mode.
2021-09-03 23:05:06.619 [main] INFO  o.s.d.r.config.RepositoryConfigurationDelegate - Finished Spring Data repository scanning in 12 ms. Found 0 Redis repository interfaces.
2021-09-03 23:05:06.951 [main] INFO  o.springframework.cloud.context.scope.GenericScope - BeanFactory id=d85e51a8-c137-3ffa-95e4-058cd296434b
2021-09-03 23:05:08.273 [main] INFO  o.s.boot.web.embedded.tomcat.TomcatWebServer - Tomcat initialized with port(s): 0 (http)
2021-09-03 23:05:08.286 [main] INFO  org.apache.coyote.http11.Http11NioProtocol - Initializing ProtocolHandler ["http-nio-auto-1"]
2021-09-03 23:05:08.287 [main] INFO  org.apache.catalina.core.StandardService - Starting service [Tomcat]
2021-09-03 23:05:08.288 [main] INFO  org.apache.catalina.core.StandardEngine - Starting Servlet engine: [Apache Tomcat/9.0.52]
2021-09-03 23:05:08.480 [main] INFO  o.a.c.core.ContainerBase.[Tomcat].[localhost].[/] - Initializing Spring embedded WebApplicationContext
2021-09-03 23:05:08.481 [main] INFO  o.s.b.w.s.c.ServletWebServerApplicationContext - Root WebApplicationContext: initialization completed in 3130 ms
2021-09-03 23:05:08.954 [main] INFO  com.zaxxer.hikari.HikariDataSource - HikariPool-1 - Starting...
2021-09-03 23:05:09.803 [main] INFO  com.zaxxer.hikari.HikariDataSource - HikariPool-1 - Start completed.
2021-09-03 23:05:10.858 [main] INFO  s.d.s.w.PropertySourcedRequestMappingHandlerMapping - Mapped URL path [/v2/api-docs] onto method [springfox.documentation.swagger2.web.Swagger2Controller#getDocumentation(String, HttpServletRequest)]
2021-09-03 23:05:13.054 [main] INFO  org.apache.coyote.http11.Http11NioProtocol - Starting ProtocolHandler ["http-nio-auto-1"]
2021-09-03 23:05:13.077 [main] INFO  o.s.boot.web.embedded.tomcat.TomcatWebServer - Tomcat started on port(s): 8681 (http) with context path ''
2021-09-03 23:05:13.656 [main] INFO  s.d.s.web.plugins.DocumentationPluginsBootstrapper - Context refreshed
2021-09-03 23:05:13.679 [main] INFO  s.d.s.web.plugins.DocumentationPluginsBootstrapper - Found 1 custom documentation plugin(s)
2021-09-03 23:05:13.713 [main] INFO  s.d.spring.web.scanners.ApiListingReferenceScanner - Scanning for api listing references
2021-09-03 23:05:13.926 [main] INFO  c.a.shangyitong.controller.HospitalControllerTest - Started HospitalControllerTest in 9.847 seconds (JVM running for 11.471)
2021-09-03 23:05:14.739 [SpringApplicationShutdownHook] INFO  com.zaxxer.hikari.HikariDataSource - HikariPool-1 - Shutdown initiated...
2021-09-03 23:05:14.751 [SpringApplicationShutdownHook] INFO  com.zaxxer.hikari.HikariDataSource - HikariPool-1 - Shutdown completed.
2021-09-03 23:06:44.940 [main] INFO  c.a.shangyitong.controller.HospitalControllerTest - Starting HospitalControllerTest using Java 1.8.0_261 on DESKTOP-18736GT with PID 5356 (started by asus in F:\shangyitong\service\service-hosp)
2021-09-03 23:06:44.942 [main] INFO  c.a.shangyitong.controller.HospitalControllerTest - The following profiles are active: dev
2021-09-03 23:06:46.016 [main] INFO  o.s.d.r.config.RepositoryConfigurationDelegate - Multiple Spring Data modules found, entering strict repository configuration mode!
2021-09-03 23:06:46.020 [main] INFO  o.s.d.r.config.RepositoryConfigurationDelegate - Bootstrapping Spring Data Redis repositories in DEFAULT mode.
2021-09-03 23:06:46.048 [main] INFO  o.s.d.r.config.RepositoryConfigurationDelegate - Finished Spring Data repository scanning in 10 ms. Found 0 Redis repository interfaces.
2021-09-03 23:06:46.365 [main] INFO  o.springframework.cloud.context.scope.GenericScope - BeanFactory id=d85e51a8-c137-3ffa-95e4-058cd296434b
2021-09-03 23:06:47.584 [main] INFO  o.s.boot.web.embedded.tomcat.TomcatWebServer - Tomcat initialized with port(s): 0 (http)
2021-09-03 23:06:47.595 [main] INFO  org.apache.coyote.http11.Http11NioProtocol - Initializing ProtocolHandler ["http-nio-auto-1"]
2021-09-03 23:06:47.596 [main] INFO  org.apache.catalina.core.StandardService - Starting service [Tomcat]
2021-09-03 23:06:47.597 [main] INFO  org.apache.catalina.core.StandardEngine - Starting Servlet engine: [Apache Tomcat/9.0.52]
2021-09-03 23:06:47.728 [main] INFO  o.a.c.core.ContainerBase.[Tomcat].[localhost].[/] - Initializing Spring embedded WebApplicationContext
2021-09-03 23:06:47.729 [main] INFO  o.s.b.w.s.c.ServletWebServerApplicationContext - Root WebApplicationContext: initialization completed in 2763 ms
2021-09-03 23:06:48.165 [main] INFO  com.zaxxer.hikari.HikariDataSource - HikariPool-1 - Starting...
2021-09-03 23:06:49.029 [main] INFO  com.zaxxer.hikari.HikariDataSource - HikariPool-1 - Start completed.
2021-09-03 23:06:50.102 [main] INFO  s.d.s.w.PropertySourcedRequestMappingHandlerMapping - Mapped URL path [/v2/api-docs] onto method [springfox.documentation.swagger2.web.Swagger2Controller#getDocumentation(String, HttpServletRequest)]
2021-09-03 23:06:52.322 [main] INFO  org.apache.coyote.http11.Http11NioProtocol - Starting ProtocolHandler ["http-nio-auto-1"]
2021-09-03 23:06:52.346 [main] INFO  o.s.boot.web.embedded.tomcat.TomcatWebServer - Tomcat started on port(s): 8479 (http) with context path ''
2021-09-03 23:06:52.925 [main] INFO  s.d.s.web.plugins.DocumentationPluginsBootstrapper - Context refreshed
2021-09-03 23:06:52.954 [main] INFO  s.d.s.web.plugins.DocumentationPluginsBootstrapper - Found 1 custom documentation plugin(s)
2021-09-03 23:06:52.993 [main] INFO  s.d.spring.web.scanners.ApiListingReferenceScanner - Scanning for api listing references
2021-09-03 23:06:53.221 [main] INFO  c.a.shangyitong.controller.HospitalControllerTest - Started HospitalControllerTest in 9.54 seconds (JVM running for 11.148)
2021-09-03 23:06:54.010 [SpringApplicationShutdownHook] INFO  com.zaxxer.hikari.HikariDataSource - HikariPool-1 - Shutdown initiated...
2021-09-03 23:06:54.020 [SpringApplicationShutdownHook] INFO  com.zaxxer.hikari.HikariDataSource - HikariPool-1 - Shutdown completed.
